CRITICAL - 2026-02-17 02:29:10 --> Illegal string offset 'berkas_foto'
#0 C:\Magang\Peluit\app\Views\detail\jaringan.php(134): CodeIgniter\Debug\Exceptions->errorHandler(2, 'Illegal string ...', 'C:\\Magang\\Pelui...', 134, Array)
#1 C:\Magang\Peluit\system\View\View.php(214): include('C:\\Magang\\Pelui...')
#2 C:\Magang\Peluit\system\View\View.php(217): CodeIgniter\View\View->CodeIgniter\View\{closure}()
#3 C:\Magang\Peluit\system\Common.php(1097): CodeIgniter\View\View->render('detail/jaringan', Array, true)
#4 C:\Magang\Peluit\app\Controllers\Detail.php(472): view('detail/jaringan', Array)
#5 C:\Magang\Peluit\system\CodeIgniter.php(824): App\Controllers\Detail->jaringan_page('120', 'CVXDJI2LWBSIBRI...')
#6 C:\Magang\Peluit\system\CodeIgniter.php(410): CodeIgniter\CodeIgniter->runController(Object(App\Controllers\Detail))
#7 C:\Magang\Peluit\system\CodeIgniter.php(318): CodeIgniter\CodeIgniter->handleRequest(NULL, Object(Config\Cache), false)
#8 C:\Magang\Peluit\public\index.php(37): CodeIgniter\CodeIgniter->run()
#9 C:\Magang\Peluit\system\Commands\Server\rewrite.php(43): require_once('C:\\Magang\\Pelui...')
#10 {main}
CRITICAL - 2026-02-17 02:33:38 --> Illegal string offset 'berkas_foto'
#0 C:\Magang\Peluit\app\Views\detail\jaringan.php(134): CodeIgniter\Debug\Exceptions->errorHandler(2, 'Illegal string ...', 'C:\\Magang\\Pelui...', 134, Array)
#1 C:\Magang\Peluit\system\View\View.php(214): include('C:\\Magang\\Pelui...')
#2 C:\Magang\Peluit\system\View\View.php(217): CodeIgniter\View\View->CodeIgniter\View\{closure}()
#3 C:\Magang\Peluit\system\Common.php(1097): CodeIgniter\View\View->render('detail/jaringan', Array, true)
#4 C:\Magang\Peluit\app\Controllers\Detail.php(472): view('detail/jaringan', Array)
#5 C:\Magang\Peluit\system\CodeIgniter.php(824): App\Controllers\Detail->jaringan_page('120', 'CVXDJI2LWBSIBRI...')
#6 C:\Magang\Peluit\system\CodeIgniter.php(410): CodeIgniter\CodeIgniter->runController(Object(App\Controllers\Detail))
#7 C:\Magang\Peluit\system\CodeIgniter.php(318): CodeIgniter\CodeIgniter->handleRequest(NULL, Object(Config\Cache), false)
#8 C:\Magang\Peluit\public\index.php(37): CodeIgniter\CodeIgniter->run()
#9 C:\Magang\Peluit\system\Commands\Server\rewrite.php(43): require_once('C:\\Magang\\Pelui...')
#10 {main}
ERROR - 2026-02-17 02:38:30 --> ErrorException: pg_query(): Query failed: ERROR:  relation &quot;tb_tiket_jaringan&quot; does not exist
LINE 1: UPDATE &quot;tb_tiket_jaringan&quot; SET &quot;tindak_lanjut&quot; = 'langsung a...
               ^ in C:\Magang\Peluit\system\Database\Postgre\Connection.php:136
Stack trace:
#0 [internal function]: CodeIgniter\Debug\Exceptions->errorHandler(2, 'pg_query(): Que...', 'C:\\Magang\\Pelui...', 136, Array)
#1 C:\Magang\Peluit\system\Database\Postgre\Connection.php(136): pg_query(Resource id #156, 'UPDATE "tb_tike...')
#2 C:\Magang\Peluit\system\Database\BaseConnection.php(670): CodeIgniter\Database\Postgre\Connection->execute('UPDATE "tb_tike...')
#3 C:\Magang\Peluit\system\Database\BaseConnection.php(598): CodeIgniter\Database\BaseConnection->simpleQuery('UPDATE "tb_tike...')
#4 C:\Magang\Peluit\system\Database\BaseBuilder.php(1901): CodeIgniter\Database\BaseConnection->query('UPDATE "tb_tike...', Array, false)
#5 C:\Magang\Peluit\system\Model.php(298): CodeIgniter\Database\BaseBuilder->update()
#6 C:\Magang\Peluit\system\BaseModel.php(865): CodeIgniter\Model->doUpdate(Array, Array)
#7 C:\Magang\Peluit\system\Model.php(646): CodeIgniter\BaseModel->update(Array, Array)
#8 C:\Magang\Peluit\app\Controllers\Detail.php(766): CodeIgniter\Model->update('120', Array)
#9 C:\Magang\Peluit\system\CodeIgniter.php(824): App\Controllers\Detail->update_tindak_lanjut()
#10 C:\Magang\Peluit\system\CodeIgniter.php(410): CodeIgniter\CodeIgniter->runController(Object(App\Controllers\Detail))
#11 C:\Magang\Peluit\system\CodeIgniter.php(318): CodeIgniter\CodeIgniter->handleRequest(NULL, Object(Config\Cache), false)
#12 C:\Magang\Peluit\public\index.php(37): CodeIgniter\CodeIgniter->run()
#13 C:\Magang\Peluit\system\Commands\Server\rewrite.php(43): require_once('C:\\Magang\\Pelui...')
#14 {main}
CRITICAL - 2026-02-17 02:38:30 --> pg_query(): Query failed: ERROR:  relation &quot;tb_tiket_jaringan&quot; does not exist
LINE 1: UPDATE &quot;tb_tiket_jaringan&quot; SET &quot;tindak_lanjut&quot; = 'langsung a...
               ^
#0 [internal function]: CodeIgniter\Debug\Exceptions->errorHandler(2, 'pg_query(): Que...', 'C:\\Magang\\Pelui...', 136, Array)
#1 C:\Magang\Peluit\system\Database\Postgre\Connection.php(136): pg_query(Resource id #156, 'UPDATE "tb_tike...')
#2 C:\Magang\Peluit\system\Database\BaseConnection.php(670): CodeIgniter\Database\Postgre\Connection->execute('UPDATE "tb_tike...')
#3 C:\Magang\Peluit\system\Database\BaseConnection.php(598): CodeIgniter\Database\BaseConnection->simpleQuery('UPDATE "tb_tike...')
#4 C:\Magang\Peluit\system\Database\BaseBuilder.php(1901): CodeIgniter\Database\BaseConnection->query('UPDATE "tb_tike...', Array, false)
#5 C:\Magang\Peluit\system\Model.php(298): CodeIgniter\Database\BaseBuilder->update()
#6 C:\Magang\Peluit\system\BaseModel.php(865): CodeIgniter\Model->doUpdate(Array, Array)
#7 C:\Magang\Peluit\system\Model.php(646): CodeIgniter\BaseModel->update(Array, Array)
#8 C:\Magang\Peluit\app\Controllers\Detail.php(766): CodeIgniter\Model->update('120', Array)
#9 C:\Magang\Peluit\system\CodeIgniter.php(824): App\Controllers\Detail->update_tindak_lanjut()
#10 C:\Magang\Peluit\system\CodeIgniter.php(410): CodeIgniter\CodeIgniter->runController(Object(App\Controllers\Detail))
#11 C:\Magang\Peluit\system\CodeIgniter.php(318): CodeIgniter\CodeIgniter->handleRequest(NULL, Object(Config\Cache), false)
#12 C:\Magang\Peluit\public\index.php(37): CodeIgniter\CodeIgniter->run()
#13 C:\Magang\Peluit\system\Commands\Server\rewrite.php(43): require_once('C:\\Magang\\Pelui...')
#14 {main}
CRITICAL - 2026-02-17 02:38:31 --> Uncaught CodeIgniter\Format\Exceptions\FormatException: Failed to parse json string, error: "Type is not supported". in C:\Magang\Peluit\system\Format\JSONFormatter.php:41
Stack trace:
#0 C:\Magang\Peluit\system\Format\JSONFormatter.php(41): CodeIgniter\Format\Exceptions\FormatException::forInvalidJSON('Type is not sup...')
#1 C:\Magang\Peluit\system\API\ResponseTrait.php(341): CodeIgniter\Format\JSONFormatter->format(Array)
#2 C:\Magang\Peluit\system\API\ResponseTrait.php(99): CodeIgniter\Debug\Exceptions->format(Array)
#3 C:\Magang\Peluit\system\Debug\Exceptions.php(110): CodeIgniter\Debug\Exceptions->respond(Array, 500)
#4 [internal function]: CodeIgniter\Debug\Exceptions->exceptionHandler(Object(ErrorException))
#5 {main}
  thrown
#0 [internal function]: CodeIgniter\Debug\Exceptions->shutdownHandler()
#1 {main}
ERROR - 2026-02-17 02:38:35 --> ErrorException: pg_query(): Query failed: ERROR:  relation &quot;tb_tiket_jaringan&quot; does not exist
LINE 1: UPDATE &quot;tb_tiket_jaringan&quot; SET &quot;tindak_lanjut&quot; = 'langsung a...
               ^ in C:\Magang\Peluit\system\Database\Postgre\Connection.php:136
Stack trace:
#0 [internal function]: CodeIgniter\Debug\Exceptions->errorHandler(2, 'pg_query(): Que...', 'C:\\Magang\\Pelui...', 136, Array)
#1 C:\Magang\Peluit\system\Database\Postgre\Connection.php(136): pg_query(Resource id #156, 'UPDATE "tb_tike...')
#2 C:\Magang\Peluit\system\Database\BaseConnection.php(670): CodeIgniter\Database\Postgre\Connection->execute('UPDATE "tb_tike...')
#3 C:\Magang\Peluit\system\Database\BaseConnection.php(598): CodeIgniter\Database\BaseConnection->simpleQuery('UPDATE "tb_tike...')
#4 C:\Magang\Peluit\system\Database\BaseBuilder.php(1901): CodeIgniter\Database\BaseConnection->query('UPDATE "tb_tike...', Array, false)
#5 C:\Magang\Peluit\system\Model.php(298): CodeIgniter\Database\BaseBuilder->update()
#6 C:\Magang\Peluit\system\BaseModel.php(865): CodeIgniter\Model->doUpdate(Array, Array)
#7 C:\Magang\Peluit\system\Model.php(646): CodeIgniter\BaseModel->update(Array, Array)
#8 C:\Magang\Peluit\app\Controllers\Detail.php(766): CodeIgniter\Model->update('120', Array)
#9 C:\Magang\Peluit\system\CodeIgniter.php(824): App\Controllers\Detail->update_tindak_lanjut()
#10 C:\Magang\Peluit\system\CodeIgniter.php(410): CodeIgniter\CodeIgniter->runController(Object(App\Controllers\Detail))
#11 C:\Magang\Peluit\system\CodeIgniter.php(318): CodeIgniter\CodeIgniter->handleRequest(NULL, Object(Config\Cache), false)
#12 C:\Magang\Peluit\public\index.php(37): CodeIgniter\CodeIgniter->run()
#13 C:\Magang\Peluit\system\Commands\Server\rewrite.php(43): require_once('C:\\Magang\\Pelui...')
#14 {main}
CRITICAL - 2026-02-17 02:38:35 --> pg_query(): Query failed: ERROR:  relation &quot;tb_tiket_jaringan&quot; does not exist
LINE 1: UPDATE &quot;tb_tiket_jaringan&quot; SET &quot;tindak_lanjut&quot; = 'langsung a...
               ^
#0 [internal function]: CodeIgniter\Debug\Exceptions->errorHandler(2, 'pg_query(): Que...', 'C:\\Magang\\Pelui...', 136, Array)
#1 C:\Magang\Peluit\system\Database\Postgre\Connection.php(136): pg_query(Resource id #156, 'UPDATE "tb_tike...')
#2 C:\Magang\Peluit\system\Database\BaseConnection.php(670): CodeIgniter\Database\Postgre\Connection->execute('UPDATE "tb_tike...')
#3 C:\Magang\Peluit\system\Database\BaseConnection.php(598): CodeIgniter\Database\BaseConnection->simpleQuery('UPDATE "tb_tike...')
#4 C:\Magang\Peluit\system\Database\BaseBuilder.php(1901): CodeIgniter\Database\BaseConnection->query('UPDATE "tb_tike...', Array, false)
#5 C:\Magang\Peluit\system\Model.php(298): CodeIgniter\Database\BaseBuilder->update()
#6 C:\Magang\Peluit\system\BaseModel.php(865): CodeIgniter\Model->doUpdate(Array, Array)
#7 C:\Magang\Peluit\system\Model.php(646): CodeIgniter\BaseModel->update(Array, Array)
#8 C:\Magang\Peluit\app\Controllers\Detail.php(766): CodeIgniter\Model->update('120', Array)
#9 C:\Magang\Peluit\system\CodeIgniter.php(824): App\Controllers\Detail->update_tindak_lanjut()
#10 C:\Magang\Peluit\system\CodeIgniter.php(410): CodeIgniter\CodeIgniter->runController(Object(App\Controllers\Detail))
#11 C:\Magang\Peluit\system\CodeIgniter.php(318): CodeIgniter\CodeIgniter->handleRequest(NULL, Object(Config\Cache), false)
#12 C:\Magang\Peluit\public\index.php(37): CodeIgniter\CodeIgniter->run()
#13 C:\Magang\Peluit\system\Commands\Server\rewrite.php(43): require_once('C:\\Magang\\Pelui...')
#14 {main}
CRITICAL - 2026-02-17 02:38:35 --> Uncaught CodeIgniter\Format\Exceptions\FormatException: Failed to parse json string, error: "Type is not supported". in C:\Magang\Peluit\system\Format\JSONFormatter.php:41
Stack trace:
#0 C:\Magang\Peluit\system\Format\JSONFormatter.php(41): CodeIgniter\Format\Exceptions\FormatException::forInvalidJSON('Type is not sup...')
#1 C:\Magang\Peluit\system\API\ResponseTrait.php(341): CodeIgniter\Format\JSONFormatter->format(Array)
#2 C:\Magang\Peluit\system\API\ResponseTrait.php(99): CodeIgniter\Debug\Exceptions->format(Array)
#3 C:\Magang\Peluit\system\Debug\Exceptions.php(110): CodeIgniter\Debug\Exceptions->respond(Array, 500)
#4 [internal function]: CodeIgniter\Debug\Exceptions->exceptionHandler(Object(ErrorException))
#5 {main}
  thrown
#0 [internal function]: CodeIgniter\Debug\Exceptions->shutdownHandler()
#1 {main}
ERROR - 2026-02-17 03:14:19 --> ErrorException: pg_query(): Query failed: ERROR:  relation &quot;tb_tiket_jaringan&quot; does not exist
LINE 1: UPDATE &quot;tb_tiket_jaringan&quot; SET &quot;tindak_lanjut&quot; = 'sabarr bos...
               ^ in C:\Magang\Peluit\system\Database\Postgre\Connection.php:136
Stack trace:
#0 [internal function]: CodeIgniter\Debug\Exceptions->errorHandler(2, 'pg_query(): Que...', 'C:\\Magang\\Pelui...', 136, Array)
#1 C:\Magang\Peluit\system\Database\Postgre\Connection.php(136): pg_query(Resource id #156, 'UPDATE "tb_tike...')
#2 C:\Magang\Peluit\system\Database\BaseConnection.php(670): CodeIgniter\Database\Postgre\Connection->execute('UPDATE "tb_tike...')
#3 C:\Magang\Peluit\system\Database\BaseConnection.php(598): CodeIgniter\Database\BaseConnection->simpleQuery('UPDATE "tb_tike...')
#4 C:\Magang\Peluit\system\Database\BaseBuilder.php(1901): CodeIgniter\Database\BaseConnection->query('UPDATE "tb_tike...', Array, false)
#5 C:\Magang\Peluit\system\Model.php(298): CodeIgniter\Database\BaseBuilder->update()
#6 C:\Magang\Peluit\system\BaseModel.php(865): CodeIgniter\Model->doUpdate(Array, Array)
#7 C:\Magang\Peluit\system\Model.php(646): CodeIgniter\BaseModel->update(Array, Array)
#8 C:\Magang\Peluit\app\Controllers\Detail.php(766): CodeIgniter\Model->update('121', Array)
#9 C:\Magang\Peluit\system\CodeIgniter.php(824): App\Controllers\Detail->update_tindak_lanjut()
#10 C:\Magang\Peluit\system\CodeIgniter.php(410): CodeIgniter\CodeIgniter->runController(Object(App\Controllers\Detail))
#11 C:\Magang\Peluit\system\CodeIgniter.php(318): CodeIgniter\CodeIgniter->handleRequest(NULL, Object(Config\Cache), false)
#12 C:\Magang\Peluit\public\index.php(37): CodeIgniter\CodeIgniter->run()
#13 C:\Magang\Peluit\system\Commands\Server\rewrite.php(43): require_once('C:\\Magang\\Pelui...')
#14 {main}
CRITICAL - 2026-02-17 03:14:19 --> pg_query(): Query failed: ERROR:  relation &quot;tb_tiket_jaringan&quot; does not exist
LINE 1: UPDATE &quot;tb_tiket_jaringan&quot; SET &quot;tindak_lanjut&quot; = 'sabarr bos...
               ^
#0 [internal function]: CodeIgniter\Debug\Exceptions->errorHandler(2, 'pg_query(): Que...', 'C:\\Magang\\Pelui...', 136, Array)
#1 C:\Magang\Peluit\system\Database\Postgre\Connection.php(136): pg_query(Resource id #156, 'UPDATE "tb_tike...')
#2 C:\Magang\Peluit\system\Database\BaseConnection.php(670): CodeIgniter\Database\Postgre\Connection->execute('UPDATE "tb_tike...')
#3 C:\Magang\Peluit\system\Database\BaseConnection.php(598): CodeIgniter\Database\BaseConnection->simpleQuery('UPDATE "tb_tike...')
#4 C:\Magang\Peluit\system\Database\BaseBuilder.php(1901): CodeIgniter\Database\BaseConnection->query('UPDATE "tb_tike...', Array, false)
#5 C:\Magang\Peluit\system\Model.php(298): CodeIgniter\Database\BaseBuilder->update()
#6 C:\Magang\Peluit\system\BaseModel.php(865): CodeIgniter\Model->doUpdate(Array, Array)
#7 C:\Magang\Peluit\system\Model.php(646): CodeIgniter\BaseModel->update(Array, Array)
#8 C:\Magang\Peluit\app\Controllers\Detail.php(766): CodeIgniter\Model->update('121', Array)
#9 C:\Magang\Peluit\system\CodeIgniter.php(824): App\Controllers\Detail->update_tindak_lanjut()
#10 C:\Magang\Peluit\system\CodeIgniter.php(410): CodeIgniter\CodeIgniter->runController(Object(App\Controllers\Detail))
#11 C:\Magang\Peluit\system\CodeIgniter.php(318): CodeIgniter\CodeIgniter->handleRequest(NULL, Object(Config\Cache), false)
#12 C:\Magang\Peluit\public\index.php(37): CodeIgniter\CodeIgniter->run()
#13 C:\Magang\Peluit\system\Commands\Server\rewrite.php(43): require_once('C:\\Magang\\Pelui...')
#14 {main}
CRITICAL - 2026-02-17 03:14:19 --> Uncaught CodeIgniter\Format\Exceptions\FormatException: Failed to parse json string, error: "Type is not supported". in C:\Magang\Peluit\system\Format\JSONFormatter.php:41
Stack trace:
#0 C:\Magang\Peluit\system\Format\JSONFormatter.php(41): CodeIgniter\Format\Exceptions\FormatException::forInvalidJSON('Type is not sup...')
#1 C:\Magang\Peluit\system\API\ResponseTrait.php(341): CodeIgniter\Format\JSONFormatter->format(Array)
#2 C:\Magang\Peluit\system\API\ResponseTrait.php(99): CodeIgniter\Debug\Exceptions->format(Array)
#3 C:\Magang\Peluit\system\Debug\Exceptions.php(110): CodeIgniter\Debug\Exceptions->respond(Array, 500)
#4 [internal function]: CodeIgniter\Debug\Exceptions->exceptionHandler(Object(ErrorException))
#5 {main}
  thrown
#0 [internal function]: CodeIgniter\Debug\Exceptions->shutdownHandler()
#1 {main}
