ERROR - 2026-02-13 11:26:57 --> ErrorException: pg_query(): Query failed: ERROR:  invalid input syntax for type integer: &quot;&quot;
LINE 1: ...g', '2026-02-14 11:26:00', '2026-02-15 11:26:00', '', 'yudha...
                                                             ^ in C:\Magang\Peluit\system\Database\Postgre\Connection.php:136
Stack trace:
#0 [internal function]: CodeIgniter\Debug\Exceptions->errorHandler(2, 'pg_query(): Que...', 'C:\\Magang\\Pelui...', 136, Array)
#1 C:\Magang\Peluit\system\Database\Postgre\Connection.php(136): pg_query(Resource id #156, 'INSERT INTO "tb...')
#2 C:\Magang\Peluit\system\Database\BaseConnection.php(670): CodeIgniter\Database\Postgre\Connection->execute('INSERT INTO "tb...')
#3 C:\Magang\Peluit\system\Database\BaseConnection.php(598): CodeIgniter\Database\BaseConnection->simpleQuery('INSERT INTO "tb...')
#4 C:\Magang\Peluit\system\Database\BaseBuilder.php(1759): CodeIgniter\Database\BaseConnection->query('INSERT INTO "tb...', Array, false)
#5 C:\Magang\Peluit\system\Model.php(239): CodeIgniter\Database\BaseBuilder->insert()
#6 C:\Magang\Peluit\system\BaseModel.php(738): CodeIgniter\Model->doInsert(Array)
#7 C:\Magang\Peluit\system\Model.php(620): CodeIgniter\BaseModel->insert(Array, true)
#8 C:\Magang\Peluit\app\Controllers\Form.php(374): CodeIgniter\Model->insert(Array)
#9 C:\Magang\Peluit\system\CodeIgniter.php(824): App\Controllers\Form->add_aula()
#10 C:\Magang\Peluit\system\CodeIgniter.php(410): CodeIgniter\CodeIgniter->runController(Object(App\Controllers\Form))
#11 C:\Magang\Peluit\system\CodeIgniter.php(318): CodeIgniter\CodeIgniter->handleRequest(NULL, Object(Config\Cache), false)
#12 C:\Magang\Peluit\public\index.php(37): CodeIgniter\CodeIgniter->run()
#13 C:\Magang\Peluit\system\Commands\Server\rewrite.php(43): require_once('C:\\Magang\\Pelui...')
#14 {main}
CRITICAL - 2026-02-13 11:26:57 --> pg_query(): Query failed: ERROR:  invalid input syntax for type integer: &quot;&quot;
LINE 1: ...g', '2026-02-14 11:26:00', '2026-02-15 11:26:00', '', 'yudha...
                                                             ^
#0 [internal function]: CodeIgniter\Debug\Exceptions->errorHandler(2, 'pg_query(): Que...', 'C:\\Magang\\Pelui...', 136, Array)
#1 C:\Magang\Peluit\system\Database\Postgre\Connection.php(136): pg_query(Resource id #156, 'INSERT INTO "tb...')
#2 C:\Magang\Peluit\system\Database\BaseConnection.php(670): CodeIgniter\Database\Postgre\Connection->execute('INSERT INTO "tb...')
#3 C:\Magang\Peluit\system\Database\BaseConnection.php(598): CodeIgniter\Database\BaseConnection->simpleQuery('INSERT INTO "tb...')
#4 C:\Magang\Peluit\system\Database\BaseBuilder.php(1759): CodeIgniter\Database\BaseConnection->query('INSERT INTO "tb...', Array, false)
#5 C:\Magang\Peluit\system\Model.php(239): CodeIgniter\Database\BaseBuilder->insert()
#6 C:\Magang\Peluit\system\BaseModel.php(738): CodeIgniter\Model->doInsert(Array)
#7 C:\Magang\Peluit\system\Model.php(620): CodeIgniter\BaseModel->insert(Array, true)
#8 C:\Magang\Peluit\app\Controllers\Form.php(374): CodeIgniter\Model->insert(Array)
#9 C:\Magang\Peluit\system\CodeIgniter.php(824): App\Controllers\Form->add_aula()
#10 C:\Magang\Peluit\system\CodeIgniter.php(410): CodeIgniter\CodeIgniter->runController(Object(App\Controllers\Form))
#11 C:\Magang\Peluit\system\CodeIgniter.php(318): CodeIgniter\CodeIgniter->handleRequest(NULL, Object(Config\Cache), false)
#12 C:\Magang\Peluit\public\index.php(37): CodeIgniter\CodeIgniter->run()
#13 C:\Magang\Peluit\system\Commands\Server\rewrite.php(43): require_once('C:\\Magang\\Pelui...')
#14 {main}
CRITICAL - 2026-02-13 11:26:58 --> Uncaught CodeIgniter\Format\Exceptions\FormatException: Failed to parse json string, error: "Type is not supported". in C:\Magang\Peluit\system\Format\JSONFormatter.php:41
Stack trace:
#0 C:\Magang\Peluit\system\Format\JSONFormatter.php(41): CodeIgniter\Format\Exceptions\FormatException::forInvalidJSON('Type is not sup...')
#1 C:\Magang\Peluit\system\API\ResponseTrait.php(341): CodeIgniter\Format\JSONFormatter->format(Array)
#2 C:\Magang\Peluit\system\API\ResponseTrait.php(99): CodeIgniter\Debug\Exceptions->format(Array)
#3 C:\Magang\Peluit\system\Debug\Exceptions.php(110): CodeIgniter\Debug\Exceptions->respond(Array, 500)
#4 [internal function]: CodeIgniter\Debug\Exceptions->exceptionHandler(Object(ErrorException))
#5 {main}
  thrown
#0 [internal function]: CodeIgniter\Debug\Exceptions->shutdownHandler()
#1 {main}
ERROR - 2026-02-13 11:27:15 --> ErrorException: pg_query(): Query failed: ERROR:  invalid input syntax for type integer: &quot;&quot;
LINE 1: ...g', '2026-02-14 11:26:00', '2026-02-15 11:26:00', '', 'yudha...
                                                             ^ in C:\Magang\Peluit\system\Database\Postgre\Connection.php:136
Stack trace:
#0 [internal function]: CodeIgniter\Debug\Exceptions->errorHandler(2, 'pg_query(): Que...', 'C:\\Magang\\Pelui...', 136, Array)
#1 C:\Magang\Peluit\system\Database\Postgre\Connection.php(136): pg_query(Resource id #156, 'INSERT INTO "tb...')
#2 C:\Magang\Peluit\system\Database\BaseConnection.php(670): CodeIgniter\Database\Postgre\Connection->execute('INSERT INTO "tb...')
#3 C:\Magang\Peluit\system\Database\BaseConnection.php(598): CodeIgniter\Database\BaseConnection->simpleQuery('INSERT INTO "tb...')
#4 C:\Magang\Peluit\system\Database\BaseBuilder.php(1759): CodeIgniter\Database\BaseConnection->query('INSERT INTO "tb...', Array, false)
#5 C:\Magang\Peluit\system\Model.php(239): CodeIgniter\Database\BaseBuilder->insert()
#6 C:\Magang\Peluit\system\BaseModel.php(738): CodeIgniter\Model->doInsert(Array)
#7 C:\Magang\Peluit\system\Model.php(620): CodeIgniter\BaseModel->insert(Array, true)
#8 C:\Magang\Peluit\app\Controllers\Form.php(374): CodeIgniter\Model->insert(Array)
#9 C:\Magang\Peluit\system\CodeIgniter.php(824): App\Controllers\Form->add_aula()
#10 C:\Magang\Peluit\system\CodeIgniter.php(410): CodeIgniter\CodeIgniter->runController(Object(App\Controllers\Form))
#11 C:\Magang\Peluit\system\CodeIgniter.php(318): CodeIgniter\CodeIgniter->handleRequest(NULL, Object(Config\Cache), false)
#12 C:\Magang\Peluit\public\index.php(37): CodeIgniter\CodeIgniter->run()
#13 C:\Magang\Peluit\system\Commands\Server\rewrite.php(43): require_once('C:\\Magang\\Pelui...')
#14 {main}
CRITICAL - 2026-02-13 11:27:15 --> pg_query(): Query failed: ERROR:  invalid input syntax for type integer: &quot;&quot;
LINE 1: ...g', '2026-02-14 11:26:00', '2026-02-15 11:26:00', '', 'yudha...
                                                             ^
#0 [internal function]: CodeIgniter\Debug\Exceptions->errorHandler(2, 'pg_query(): Que...', 'C:\\Magang\\Pelui...', 136, Array)
#1 C:\Magang\Peluit\system\Database\Postgre\Connection.php(136): pg_query(Resource id #156, 'INSERT INTO "tb...')
#2 C:\Magang\Peluit\system\Database\BaseConnection.php(670): CodeIgniter\Database\Postgre\Connection->execute('INSERT INTO "tb...')
#3 C:\Magang\Peluit\system\Database\BaseConnection.php(598): CodeIgniter\Database\BaseConnection->simpleQuery('INSERT INTO "tb...')
#4 C:\Magang\Peluit\system\Database\BaseBuilder.php(1759): CodeIgniter\Database\BaseConnection->query('INSERT INTO "tb...', Array, false)
#5 C:\Magang\Peluit\system\Model.php(239): CodeIgniter\Database\BaseBuilder->insert()
#6 C:\Magang\Peluit\system\BaseModel.php(738): CodeIgniter\Model->doInsert(Array)
#7 C:\Magang\Peluit\system\Model.php(620): CodeIgniter\BaseModel->insert(Array, true)
#8 C:\Magang\Peluit\app\Controllers\Form.php(374): CodeIgniter\Model->insert(Array)
#9 C:\Magang\Peluit\system\CodeIgniter.php(824): App\Controllers\Form->add_aula()
#10 C:\Magang\Peluit\system\CodeIgniter.php(410): CodeIgniter\CodeIgniter->runController(Object(App\Controllers\Form))
#11 C:\Magang\Peluit\system\CodeIgniter.php(318): CodeIgniter\CodeIgniter->handleRequest(NULL, Object(Config\Cache), false)
#12 C:\Magang\Peluit\public\index.php(37): CodeIgniter\CodeIgniter->run()
#13 C:\Magang\Peluit\system\Commands\Server\rewrite.php(43): require_once('C:\\Magang\\Pelui...')
#14 {main}
CRITICAL - 2026-02-13 11:27:15 --> Uncaught CodeIgniter\Format\Exceptions\FormatException: Failed to parse json string, error: "Type is not supported". in C:\Magang\Peluit\system\Format\JSONFormatter.php:41
Stack trace:
#0 C:\Magang\Peluit\system\Format\JSONFormatter.php(41): CodeIgniter\Format\Exceptions\FormatException::forInvalidJSON('Type is not sup...')
#1 C:\Magang\Peluit\system\API\ResponseTrait.php(341): CodeIgniter\Format\JSONFormatter->format(Array)
#2 C:\Magang\Peluit\system\API\ResponseTrait.php(99): CodeIgniter\Debug\Exceptions->format(Array)
#3 C:\Magang\Peluit\system\Debug\Exceptions.php(110): CodeIgniter\Debug\Exceptions->respond(Array, 500)
#4 [internal function]: CodeIgniter\Debug\Exceptions->exceptionHandler(Object(ErrorException))
#5 {main}
  thrown
#0 [internal function]: CodeIgniter\Debug\Exceptions->shutdownHandler()
#1 {main}
CRITICAL - 2026-02-13 11:29:00 --> Trying to access array offset on value of type null
#0 C:\Magang\Peluit\app\Controllers\Detail.php(87): CodeIgniter\Debug\Exceptions->errorHandler(8, 'Trying to acces...', 'C:\\Magang\\Pelui...', 87, Array)
#1 C:\Magang\Peluit\system\CodeIgniter.php(824): App\Controllers\Detail->aula_page('60', '40Q9H3MDBP3MBXS...')
#2 C:\Magang\Peluit\system\CodeIgniter.php(410): CodeIgniter\CodeIgniter->runController(Object(App\Controllers\Detail))
#3 C:\Magang\Peluit\system\CodeIgniter.php(318): CodeIgniter\CodeIgniter->handleRequest(NULL, Object(Config\Cache), false)
#4 C:\Magang\Peluit\public\index.php(37): CodeIgniter\CodeIgniter->run()
#5 C:\Magang\Peluit\system\Commands\Server\rewrite.php(43): require_once('C:\\Magang\\Pelui...')
#6 {main}
ERROR - 2026-02-13 11:33:15 --> ErrorException: pg_query(): Query failed: ERROR:  syntax error at or near &quot;)&quot;
LINE 3: WHERE &quot;tb_tiket&quot;.&quot;id_pelayanan&quot; IN ()
                                            ^ in C:\Magang\Peluit\system\Database\Postgre\Connection.php:136
Stack trace:
#0 [internal function]: CodeIgniter\Debug\Exceptions->errorHandler(2, 'pg_query(): Que...', 'C:\\Magang\\Pelui...', 136, Array)
#1 C:\Magang\Peluit\system\Database\Postgre\Connection.php(136): pg_query(Resource id #149, 'SELECT COUNT(*)...')
#2 C:\Magang\Peluit\system\Database\BaseConnection.php(670): CodeIgniter\Database\Postgre\Connection->execute('SELECT COUNT(*)...')
#3 C:\Magang\Peluit\system\Database\BaseConnection.php(598): CodeIgniter\Database\BaseConnection->simpleQuery('SELECT COUNT(*)...')
#4 C:\Magang\Peluit\system\Database\BaseBuilder.php(1527): CodeIgniter\Database\BaseConnection->query('SELECT COUNT(*)...', Array, false)
#5 C:\Magang\Peluit\app\Controllers\Operator.php(128): CodeIgniter\Database\BaseBuilder->countAllResults()
#6 C:\Magang\Peluit\system\CodeIgniter.php(824): App\Controllers\Operator->orders_tiket()
#7 C:\Magang\Peluit\system\CodeIgniter.php(410): CodeIgniter\CodeIgniter->runController(Object(App\Controllers\Operator))
#8 C:\Magang\Peluit\system\CodeIgniter.php(318): CodeIgniter\CodeIgniter->handleRequest(NULL, Object(Config\Cache), false)
#9 C:\Magang\Peluit\public\index.php(37): CodeIgniter\CodeIgniter->run()
#10 C:\Magang\Peluit\system\Commands\Server\rewrite.php(43): require_once('C:\\Magang\\Pelui...')
#11 {main}
CRITICAL - 2026-02-13 11:33:15 --> pg_query(): Query failed: ERROR:  syntax error at or near &quot;)&quot;
LINE 3: WHERE &quot;tb_tiket&quot;.&quot;id_pelayanan&quot; IN ()
                                            ^
#0 [internal function]: CodeIgniter\Debug\Exceptions->errorHandler(2, 'pg_query(): Que...', 'C:\\Magang\\Pelui...', 136, Array)
#1 C:\Magang\Peluit\system\Database\Postgre\Connection.php(136): pg_query(Resource id #149, 'SELECT COUNT(*)...')
#2 C:\Magang\Peluit\system\Database\BaseConnection.php(670): CodeIgniter\Database\Postgre\Connection->execute('SELECT COUNT(*)...')
#3 C:\Magang\Peluit\system\Database\BaseConnection.php(598): CodeIgniter\Database\BaseConnection->simpleQuery('SELECT COUNT(*)...')
#4 C:\Magang\Peluit\system\Database\BaseBuilder.php(1527): CodeIgniter\Database\BaseConnection->query('SELECT COUNT(*)...', Array, false)
#5 C:\Magang\Peluit\app\Controllers\Operator.php(128): CodeIgniter\Database\BaseBuilder->countAllResults()
#6 C:\Magang\Peluit\system\CodeIgniter.php(824): App\Controllers\Operator->orders_tiket()
#7 C:\Magang\Peluit\system\CodeIgniter.php(410): CodeIgniter\CodeIgniter->runController(Object(App\Controllers\Operator))
#8 C:\Magang\Peluit\system\CodeIgniter.php(318): CodeIgniter\CodeIgniter->handleRequest(NULL, Object(Config\Cache), false)
#9 C:\Magang\Peluit\public\index.php(37): CodeIgniter\CodeIgniter->run()
#10 C:\Magang\Peluit\system\Commands\Server\rewrite.php(43): require_once('C:\\Magang\\Pelui...')
#11 {main}
CRITICAL - 2026-02-13 11:33:15 --> Uncaught CodeIgniter\Format\Exceptions\FormatException: Failed to parse json string, error: "Type is not supported". in C:\Magang\Peluit\system\Format\JSONFormatter.php:41
Stack trace:
#0 C:\Magang\Peluit\system\Format\JSONFormatter.php(41): CodeIgniter\Format\Exceptions\FormatException::forInvalidJSON('Type is not sup...')
#1 C:\Magang\Peluit\system\API\ResponseTrait.php(341): CodeIgniter\Format\JSONFormatter->format(Array)
#2 C:\Magang\Peluit\system\API\ResponseTrait.php(99): CodeIgniter\Debug\Exceptions->format(Array)
#3 C:\Magang\Peluit\system\Debug\Exceptions.php(110): CodeIgniter\Debug\Exceptions->respond(Array, 500)
#4 [internal function]: CodeIgniter\Debug\Exceptions->exceptionHandler(Object(ErrorException))
#5 {main}
  thrown
#0 [internal function]: CodeIgniter\Debug\Exceptions->shutdownHandler()
#1 {main}
ERROR - 2026-02-13 11:33:16 --> ErrorException: pg_query(): Query failed: ERROR:  syntax error at or near &quot;)&quot;
LINE 3: WHERE &quot;tb_tiket&quot;.&quot;id_pelayanan&quot; IN ()
                                            ^ in C:\Magang\Peluit\system\Database\Postgre\Connection.php:136
Stack trace:
#0 [internal function]: CodeIgniter\Debug\Exceptions->errorHandler(2, 'pg_query(): Que...', 'C:\\Magang\\Pelui...', 136, Array)
#1 C:\Magang\Peluit\system\Database\Postgre\Connection.php(136): pg_query(Resource id #149, 'SELECT COUNT(*)...')
#2 C:\Magang\Peluit\system\Database\BaseConnection.php(670): CodeIgniter\Database\Postgre\Connection->execute('SELECT COUNT(*)...')
#3 C:\Magang\Peluit\system\Database\BaseConnection.php(598): CodeIgniter\Database\BaseConnection->simpleQuery('SELECT COUNT(*)...')
#4 C:\Magang\Peluit\system\Database\BaseBuilder.php(1527): CodeIgniter\Database\BaseConnection->query('SELECT COUNT(*)...', Array, false)
#5 C:\Magang\Peluit\app\Controllers\Operator.php(231): CodeIgniter\Database\BaseBuilder->countAllResults()
#6 C:\Magang\Peluit\system\CodeIgniter.php(824): App\Controllers\Operator->orders_tiket_tahunan()
#7 C:\Magang\Peluit\system\CodeIgniter.php(410): CodeIgniter\CodeIgniter->runController(Object(App\Controllers\Operator))
#8 C:\Magang\Peluit\system\CodeIgniter.php(318): CodeIgniter\CodeIgniter->handleRequest(NULL, Object(Config\Cache), false)
#9 C:\Magang\Peluit\public\index.php(37): CodeIgniter\CodeIgniter->run()
#10 C:\Magang\Peluit\system\Commands\Server\rewrite.php(43): require_once('C:\\Magang\\Pelui...')
#11 {main}
CRITICAL - 2026-02-13 11:33:16 --> pg_query(): Query failed: ERROR:  syntax error at or near &quot;)&quot;
LINE 3: WHERE &quot;tb_tiket&quot;.&quot;id_pelayanan&quot; IN ()
                                            ^
#0 [internal function]: CodeIgniter\Debug\Exceptions->errorHandler(2, 'pg_query(): Que...', 'C:\\Magang\\Pelui...', 136, Array)
#1 C:\Magang\Peluit\system\Database\Postgre\Connection.php(136): pg_query(Resource id #149, 'SELECT COUNT(*)...')
#2 C:\Magang\Peluit\system\Database\BaseConnection.php(670): CodeIgniter\Database\Postgre\Connection->execute('SELECT COUNT(*)...')
#3 C:\Magang\Peluit\system\Database\BaseConnection.php(598): CodeIgniter\Database\BaseConnection->simpleQuery('SELECT COUNT(*)...')
#4 C:\Magang\Peluit\system\Database\BaseBuilder.php(1527): CodeIgniter\Database\BaseConnection->query('SELECT COUNT(*)...', Array, false)
#5 C:\Magang\Peluit\app\Controllers\Operator.php(231): CodeIgniter\Database\BaseBuilder->countAllResults()
#6 C:\Magang\Peluit\system\CodeIgniter.php(824): App\Controllers\Operator->orders_tiket_tahunan()
#7 C:\Magang\Peluit\system\CodeIgniter.php(410): CodeIgniter\CodeIgniter->runController(Object(App\Controllers\Operator))
#8 C:\Magang\Peluit\system\CodeIgniter.php(318): CodeIgniter\CodeIgniter->handleRequest(NULL, Object(Config\Cache), false)
#9 C:\Magang\Peluit\public\index.php(37): CodeIgniter\CodeIgniter->run()
#10 C:\Magang\Peluit\system\Commands\Server\rewrite.php(43): require_once('C:\\Magang\\Pelui...')
#11 {main}
CRITICAL - 2026-02-13 11:33:16 --> Uncaught CodeIgniter\Format\Exceptions\FormatException: Failed to parse json string, error: "Type is not supported". in C:\Magang\Peluit\system\Format\JSONFormatter.php:41
Stack trace:
#0 C:\Magang\Peluit\system\Format\JSONFormatter.php(41): CodeIgniter\Format\Exceptions\FormatException::forInvalidJSON('Type is not sup...')
#1 C:\Magang\Peluit\system\API\ResponseTrait.php(341): CodeIgniter\Format\JSONFormatter->format(Array)
#2 C:\Magang\Peluit\system\API\ResponseTrait.php(99): CodeIgniter\Debug\Exceptions->format(Array)
#3 C:\Magang\Peluit\system\Debug\Exceptions.php(110): CodeIgniter\Debug\Exceptions->respond(Array, 500)
#4 [internal function]: CodeIgniter\Debug\Exceptions->exceptionHandler(Object(ErrorException))
#5 {main}
  thrown
#0 [internal function]: CodeIgniter\Debug\Exceptions->shutdownHandler()
#1 {main}
ERROR - 2026-02-13 11:33:16 --> ErrorException: pg_query(): Query failed: ERROR:  syntax error at or near &quot;)&quot;
LINE 3: WHERE &quot;tb_tiket&quot;.&quot;id_pelayanan&quot; IN ()
                                            ^ in C:\Magang\Peluit\system\Database\Postgre\Connection.php:136
Stack trace:
#0 [internal function]: CodeIgniter\Debug\Exceptions->errorHandler(2, 'pg_query(): Que...', 'C:\\Magang\\Pelui...', 136, Array)
#1 C:\Magang\Peluit\system\Database\Postgre\Connection.php(136): pg_query(Resource id #149, 'SELECT *\nFROM "...')
#2 C:\Magang\Peluit\system\Database\BaseConnection.php(670): CodeIgniter\Database\Postgre\Connection->execute('SELECT *\nFROM "...')
#3 C:\Magang\Peluit\system\Database\BaseConnection.php(598): CodeIgniter\Database\BaseConnection->simpleQuery('SELECT *\nFROM "...')
#4 C:\Magang\Peluit\system\Database\BaseBuilder.php(1443): CodeIgniter\Database\BaseConnection->query('SELECT *\nFROM "...', Array, false)
#5 C:\Magang\Peluit\app\Controllers\Operator.php(271): CodeIgniter\Database\BaseBuilder->get()
#6 C:\Magang\Peluit\system\CodeIgniter.php(824): App\Controllers\Operator->orders_tiket_harian()
#7 C:\Magang\Peluit\system\CodeIgniter.php(410): CodeIgniter\CodeIgniter->runController(Object(App\Controllers\Operator))
#8 C:\Magang\Peluit\system\CodeIgniter.php(318): CodeIgniter\CodeIgniter->handleRequest(NULL, Object(Config\Cache), false)
#9 C:\Magang\Peluit\public\index.php(37): CodeIgniter\CodeIgniter->run()
#10 C:\Magang\Peluit\system\Commands\Server\rewrite.php(43): require_once('C:\\Magang\\Pelui...')
#11 {main}
CRITICAL - 2026-02-13 11:33:16 --> pg_query(): Query failed: ERROR:  syntax error at or near &quot;)&quot;
LINE 3: WHERE &quot;tb_tiket&quot;.&quot;id_pelayanan&quot; IN ()
                                            ^
#0 [internal function]: CodeIgniter\Debug\Exceptions->errorHandler(2, 'pg_query(): Que...', 'C:\\Magang\\Pelui...', 136, Array)
#1 C:\Magang\Peluit\system\Database\Postgre\Connection.php(136): pg_query(Resource id #149, 'SELECT *\nFROM "...')
#2 C:\Magang\Peluit\system\Database\BaseConnection.php(670): CodeIgniter\Database\Postgre\Connection->execute('SELECT *\nFROM "...')
#3 C:\Magang\Peluit\system\Database\BaseConnection.php(598): CodeIgniter\Database\BaseConnection->simpleQuery('SELECT *\nFROM "...')
#4 C:\Magang\Peluit\system\Database\BaseBuilder.php(1443): CodeIgniter\Database\BaseConnection->query('SELECT *\nFROM "...', Array, false)
#5 C:\Magang\Peluit\app\Controllers\Operator.php(271): CodeIgniter\Database\BaseBuilder->get()
#6 C:\Magang\Peluit\system\CodeIgniter.php(824): App\Controllers\Operator->orders_tiket_harian()
#7 C:\Magang\Peluit\system\CodeIgniter.php(410): CodeIgniter\CodeIgniter->runController(Object(App\Controllers\Operator))
#8 C:\Magang\Peluit\system\CodeIgniter.php(318): CodeIgniter\CodeIgniter->handleRequest(NULL, Object(Config\Cache), false)
#9 C:\Magang\Peluit\public\index.php(37): CodeIgniter\CodeIgniter->run()
#10 C:\Magang\Peluit\system\Commands\Server\rewrite.php(43): require_once('C:\\Magang\\Pelui...')
#11 {main}
CRITICAL - 2026-02-13 11:33:16 --> Uncaught CodeIgniter\Format\Exceptions\FormatException: Failed to parse json string, error: "Type is not supported". in C:\Magang\Peluit\system\Format\JSONFormatter.php:41
Stack trace:
#0 C:\Magang\Peluit\system\Format\JSONFormatter.php(41): CodeIgniter\Format\Exceptions\FormatException::forInvalidJSON('Type is not sup...')
#1 C:\Magang\Peluit\system\API\ResponseTrait.php(341): CodeIgniter\Format\JSONFormatter->format(Array)
#2 C:\Magang\Peluit\system\API\ResponseTrait.php(99): CodeIgniter\Debug\Exceptions->format(Array)
#3 C:\Magang\Peluit\system\Debug\Exceptions.php(110): CodeIgniter\Debug\Exceptions->respond(Array, 500)
#4 [internal function]: CodeIgniter\Debug\Exceptions->exceptionHandler(Object(ErrorException))
#5 {main}
  thrown
#0 [internal function]: CodeIgniter\Debug\Exceptions->shutdownHandler()
#1 {main}
CRITICAL - 2026-02-13 11:33:36 --> Trying to access array offset on value of type null
#0 C:\Magang\Peluit\app\Controllers\Detail.php(87): CodeIgniter\Debug\Exceptions->errorHandler(8, 'Trying to acces...', 'C:\\Magang\\Pelui...', 87, Array)
#1 C:\Magang\Peluit\system\CodeIgniter.php(824): App\Controllers\Detail->aula_page('60', '40Q9H3MDBP3MBXS...')
#2 C:\Magang\Peluit\system\CodeIgniter.php(410): CodeIgniter\CodeIgniter->runController(Object(App\Controllers\Detail))
#3 C:\Magang\Peluit\system\CodeIgniter.php(318): CodeIgniter\CodeIgniter->handleRequest(NULL, Object(Config\Cache), false)
#4 C:\Magang\Peluit\public\index.php(37): CodeIgniter\CodeIgniter->run()
#5 C:\Magang\Peluit\system\Commands\Server\rewrite.php(43): require_once('C:\\Magang\\Pelui...')
#6 {main}
ERROR - 2026-02-13 12:32:12 --> ErrorException: pg_query(): Query failed: ERROR:  duplicate key value violates unique constraint &quot;ssuser_pkey&quot;
DETAIL:  Key (id_ssuser)=(22) already exists. in C:\Magang\Peluit\system\Database\Postgre\Connection.php:136
Stack trace:
#0 [internal function]: CodeIgniter\Debug\Exceptions->errorHandler(2, 'pg_query(): Que...', 'C:\\Magang\\Pelui...', 136, Array)
#1 C:\Magang\Peluit\system\Database\Postgre\Connection.php(136): pg_query(Resource id #155, 'INSERT INTO "ss...')
#2 C:\Magang\Peluit\system\Database\BaseConnection.php(670): CodeIgniter\Database\Postgre\Connection->execute('INSERT INTO "ss...')
#3 C:\Magang\Peluit\system\Database\BaseConnection.php(598): CodeIgniter\Database\BaseConnection->simpleQuery('INSERT INTO "ss...')
#4 C:\Magang\Peluit\system\Database\BaseBuilder.php(1759): CodeIgniter\Database\BaseConnection->query('INSERT INTO "ss...', Array, false)
#5 C:\Magang\Peluit\system\Model.php(239): CodeIgniter\Database\BaseBuilder->insert()
#6 C:\Magang\Peluit\system\BaseModel.php(738): CodeIgniter\Model->doInsert(Array)
#7 C:\Magang\Peluit\system\Model.php(620): CodeIgniter\BaseModel->insert(Array, true)
#8 C:\Magang\Peluit\app\Controllers\Admin.php(568): CodeIgniter\Model->insert(Array)
#9 C:\Magang\Peluit\system\CodeIgniter.php(824): App\Controllers\Admin->set_verifikator()
#10 C:\Magang\Peluit\system\CodeIgniter.php(410): CodeIgniter\CodeIgniter->runController(Object(App\Controllers\Admin))
#11 C:\Magang\Peluit\system\CodeIgniter.php(318): CodeIgniter\CodeIgniter->handleRequest(NULL, Object(Config\Cache), false)
#12 C:\Magang\Peluit\public\index.php(37): CodeIgniter\CodeIgniter->run()
#13 C:\Magang\Peluit\system\Commands\Server\rewrite.php(43): require_once('C:\\Magang\\Pelui...')
#14 {main}
CRITICAL - 2026-02-13 12:32:12 --> pg_query(): Query failed: ERROR:  duplicate key value violates unique constraint &quot;ssuser_pkey&quot;
DETAIL:  Key (id_ssuser)=(22) already exists.
#0 [internal function]: CodeIgniter\Debug\Exceptions->errorHandler(2, 'pg_query(): Que...', 'C:\\Magang\\Pelui...', 136, Array)
#1 C:\Magang\Peluit\system\Database\Postgre\Connection.php(136): pg_query(Resource id #155, 'INSERT INTO "ss...')
#2 C:\Magang\Peluit\system\Database\BaseConnection.php(670): CodeIgniter\Database\Postgre\Connection->execute('INSERT INTO "ss...')
#3 C:\Magang\Peluit\system\Database\BaseConnection.php(598): CodeIgniter\Database\BaseConnection->simpleQuery('INSERT INTO "ss...')
#4 C:\Magang\Peluit\system\Database\BaseBuilder.php(1759): CodeIgniter\Database\BaseConnection->query('INSERT INTO "ss...', Array, false)
#5 C:\Magang\Peluit\system\Model.php(239): CodeIgniter\Database\BaseBuilder->insert()
#6 C:\Magang\Peluit\system\BaseModel.php(738): CodeIgniter\Model->doInsert(Array)
#7 C:\Magang\Peluit\system\Model.php(620): CodeIgniter\BaseModel->insert(Array, true)
#8 C:\Magang\Peluit\app\Controllers\Admin.php(568): CodeIgniter\Model->insert(Array)
#9 C:\Magang\Peluit\system\CodeIgniter.php(824): App\Controllers\Admin->set_verifikator()
#10 C:\Magang\Peluit\system\CodeIgniter.php(410): CodeIgniter\CodeIgniter->runController(Object(App\Controllers\Admin))
#11 C:\Magang\Peluit\system\CodeIgniter.php(318): CodeIgniter\CodeIgniter->handleRequest(NULL, Object(Config\Cache), false)
#12 C:\Magang\Peluit\public\index.php(37): CodeIgniter\CodeIgniter->run()
#13 C:\Magang\Peluit\system\Commands\Server\rewrite.php(43): require_once('C:\\Magang\\Pelui...')
#14 {main}
CRITICAL - 2026-02-13 12:32:12 --> Uncaught CodeIgniter\Format\Exceptions\FormatException: Failed to parse json string, error: "Type is not supported". in C:\Magang\Peluit\system\Format\JSONFormatter.php:41
Stack trace:
#0 C:\Magang\Peluit\system\Format\JSONFormatter.php(41): CodeIgniter\Format\Exceptions\FormatException::forInvalidJSON('Type is not sup...')
#1 C:\Magang\Peluit\system\API\ResponseTrait.php(341): CodeIgniter\Format\JSONFormatter->format(Array)
#2 C:\Magang\Peluit\system\API\ResponseTrait.php(99): CodeIgniter\Debug\Exceptions->format(Array)
#3 C:\Magang\Peluit\system\Debug\Exceptions.php(110): CodeIgniter\Debug\Exceptions->respond(Array, 500)
#4 [internal function]: CodeIgniter\Debug\Exceptions->exceptionHandler(Object(ErrorException))
#5 {main}
  thrown
#0 [internal function]: CodeIgniter\Debug\Exceptions->shutdownHandler()
#1 {main}
ERROR - 2026-02-13 12:32:15 --> ErrorException: pg_query(): Query failed: ERROR:  duplicate key value violates unique constraint &quot;ssuser_pkey&quot;
DETAIL:  Key (id_ssuser)=(23) already exists. in C:\Magang\Peluit\system\Database\Postgre\Connection.php:136
Stack trace:
#0 [internal function]: CodeIgniter\Debug\Exceptions->errorHandler(2, 'pg_query(): Que...', 'C:\\Magang\\Pelui...', 136, Array)
#1 C:\Magang\Peluit\system\Database\Postgre\Connection.php(136): pg_query(Resource id #155, 'INSERT INTO "ss...')
#2 C:\Magang\Peluit\system\Database\BaseConnection.php(670): CodeIgniter\Database\Postgre\Connection->execute('INSERT INTO "ss...')
#3 C:\Magang\Peluit\system\Database\BaseConnection.php(598): CodeIgniter\Database\BaseConnection->simpleQuery('INSERT INTO "ss...')
#4 C:\Magang\Peluit\system\Database\BaseBuilder.php(1759): CodeIgniter\Database\BaseConnection->query('INSERT INTO "ss...', Array, false)
#5 C:\Magang\Peluit\system\Model.php(239): CodeIgniter\Database\BaseBuilder->insert()
#6 C:\Magang\Peluit\system\BaseModel.php(738): CodeIgniter\Model->doInsert(Array)
#7 C:\Magang\Peluit\system\Model.php(620): CodeIgniter\BaseModel->insert(Array, true)
#8 C:\Magang\Peluit\app\Controllers\Admin.php(568): CodeIgniter\Model->insert(Array)
#9 C:\Magang\Peluit\system\CodeIgniter.php(824): App\Controllers\Admin->set_verifikator()
#10 C:\Magang\Peluit\system\CodeIgniter.php(410): CodeIgniter\CodeIgniter->runController(Object(App\Controllers\Admin))
#11 C:\Magang\Peluit\system\CodeIgniter.php(318): CodeIgniter\CodeIgniter->handleRequest(NULL, Object(Config\Cache), false)
#12 C:\Magang\Peluit\public\index.php(37): CodeIgniter\CodeIgniter->run()
#13 C:\Magang\Peluit\system\Commands\Server\rewrite.php(43): require_once('C:\\Magang\\Pelui...')
#14 {main}
CRITICAL - 2026-02-13 12:32:15 --> pg_query(): Query failed: ERROR:  duplicate key value violates unique constraint &quot;ssuser_pkey&quot;
DETAIL:  Key (id_ssuser)=(23) already exists.
#0 [internal function]: CodeIgniter\Debug\Exceptions->errorHandler(2, 'pg_query(): Que...', 'C:\\Magang\\Pelui...', 136, Array)
#1 C:\Magang\Peluit\system\Database\Postgre\Connection.php(136): pg_query(Resource id #155, 'INSERT INTO "ss...')
#2 C:\Magang\Peluit\system\Database\BaseConnection.php(670): CodeIgniter\Database\Postgre\Connection->execute('INSERT INTO "ss...')
#3 C:\Magang\Peluit\system\Database\BaseConnection.php(598): CodeIgniter\Database\BaseConnection->simpleQuery('INSERT INTO "ss...')
#4 C:\Magang\Peluit\system\Database\BaseBuilder.php(1759): CodeIgniter\Database\BaseConnection->query('INSERT INTO "ss...', Array, false)
#5 C:\Magang\Peluit\system\Model.php(239): CodeIgniter\Database\BaseBuilder->insert()
#6 C:\Magang\Peluit\system\BaseModel.php(738): CodeIgniter\Model->doInsert(Array)
#7 C:\Magang\Peluit\system\Model.php(620): CodeIgniter\BaseModel->insert(Array, true)
#8 C:\Magang\Peluit\app\Controllers\Admin.php(568): CodeIgniter\Model->insert(Array)
#9 C:\Magang\Peluit\system\CodeIgniter.php(824): App\Controllers\Admin->set_verifikator()
#10 C:\Magang\Peluit\system\CodeIgniter.php(410): CodeIgniter\CodeIgniter->runController(Object(App\Controllers\Admin))
#11 C:\Magang\Peluit\system\CodeIgniter.php(318): CodeIgniter\CodeIgniter->handleRequest(NULL, Object(Config\Cache), false)
#12 C:\Magang\Peluit\public\index.php(37): CodeIgniter\CodeIgniter->run()
#13 C:\Magang\Peluit\system\Commands\Server\rewrite.php(43): require_once('C:\\Magang\\Pelui...')
#14 {main}
CRITICAL - 2026-02-13 12:32:15 --> Uncaught CodeIgniter\Format\Exceptions\FormatException: Failed to parse json string, error: "Type is not supported". in C:\Magang\Peluit\system\Format\JSONFormatter.php:41
Stack trace:
#0 C:\Magang\Peluit\system\Format\JSONFormatter.php(41): CodeIgniter\Format\Exceptions\FormatException::forInvalidJSON('Type is not sup...')
#1 C:\Magang\Peluit\system\API\ResponseTrait.php(341): CodeIgniter\Format\JSONFormatter->format(Array)
#2 C:\Magang\Peluit\system\API\ResponseTrait.php(99): CodeIgniter\Debug\Exceptions->format(Array)
#3 C:\Magang\Peluit\system\Debug\Exceptions.php(110): CodeIgniter\Debug\Exceptions->respond(Array, 500)
#4 [internal function]: CodeIgniter\Debug\Exceptions->exceptionHandler(Object(ErrorException))
#5 {main}
  thrown
#0 [internal function]: CodeIgniter\Debug\Exceptions->shutdownHandler()
#1 {main}
CRITICAL - 2026-02-13 12:39:45 --> Trying to access array offset on value of type null
#0 C:\Magang\Peluit\app\Controllers\Detail.php(87): CodeIgniter\Debug\Exceptions->errorHandler(8, 'Trying to acces...', 'C:\\Magang\\Pelui...', 87, Array)
#1 C:\Magang\Peluit\system\CodeIgniter.php(824): App\Controllers\Detail->aula_page('60', '40Q9H3MDBP3MBXS...')
#2 C:\Magang\Peluit\system\CodeIgniter.php(410): CodeIgniter\CodeIgniter->runController(Object(App\Controllers\Detail))
#3 C:\Magang\Peluit\system\CodeIgniter.php(318): CodeIgniter\CodeIgniter->handleRequest(NULL, Object(Config\Cache), false)
#4 C:\Magang\Peluit\public\index.php(37): CodeIgniter\CodeIgniter->run()
#5 C:\Magang\Peluit\system\Commands\Server\rewrite.php(43): require_once('C:\\Magang\\Pelui...')
#6 {main}
ERROR - 2026-02-13 14:42:46 --> ErrorException: pg_query(): Query failed: ERROR:  cannot insert into column &quot;id_aula&quot; of view &quot;tb_tiket_aula&quot;
DETAIL:  View columns that are not columns of their base relation are not updatable. in C:\Magang\Peluit\system\Database\Postgre\Connection.php:136
Stack trace:
#0 [internal function]: CodeIgniter\Debug\Exceptions->errorHandler(2, 'pg_query(): Que...', 'C:\\Magang\\Pelui...', 136, Array)
#1 C:\Magang\Peluit\system\Database\Postgre\Connection.php(136): pg_query(Resource id #156, 'INSERT INTO "tb...')
#2 C:\Magang\Peluit\system\Database\BaseConnection.php(670): CodeIgniter\Database\Postgre\Connection->execute('INSERT INTO "tb...')
#3 C:\Magang\Peluit\system\Database\BaseConnection.php(598): CodeIgniter\Database\BaseConnection->simpleQuery('INSERT INTO "tb...')
#4 C:\Magang\Peluit\system\Database\BaseBuilder.php(1759): CodeIgniter\Database\BaseConnection->query('INSERT INTO "tb...', Array, false)
#5 C:\Magang\Peluit\system\Model.php(239): CodeIgniter\Database\BaseBuilder->insert()
#6 C:\Magang\Peluit\system\BaseModel.php(738): CodeIgniter\Model->doInsert(Array)
#7 C:\Magang\Peluit\system\Model.php(620): CodeIgniter\BaseModel->insert(Array, true)
#8 C:\Magang\Peluit\app\Controllers\Form.php(374): CodeIgniter\Model->insert(Array)
#9 C:\Magang\Peluit\system\CodeIgniter.php(824): App\Controllers\Form->add_aula()
#10 C:\Magang\Peluit\system\CodeIgniter.php(410): CodeIgniter\CodeIgniter->runController(Object(App\Controllers\Form))
#11 C:\Magang\Peluit\system\CodeIgniter.php(318): CodeIgniter\CodeIgniter->handleRequest(NULL, Object(Config\Cache), false)
#12 C:\Magang\Peluit\public\index.php(37): CodeIgniter\CodeIgniter->run()
#13 C:\Magang\Peluit\system\Commands\Server\rewrite.php(43): require_once('C:\\Magang\\Pelui...')
#14 {main}
CRITICAL - 2026-02-13 14:42:46 --> pg_query(): Query failed: ERROR:  cannot insert into column &quot;id_aula&quot; of view &quot;tb_tiket_aula&quot;
DETAIL:  View columns that are not columns of their base relation are not updatable.
#0 [internal function]: CodeIgniter\Debug\Exceptions->errorHandler(2, 'pg_query(): Que...', 'C:\\Magang\\Pelui...', 136, Array)
#1 C:\Magang\Peluit\system\Database\Postgre\Connection.php(136): pg_query(Resource id #156, 'INSERT INTO "tb...')
#2 C:\Magang\Peluit\system\Database\BaseConnection.php(670): CodeIgniter\Database\Postgre\Connection->execute('INSERT INTO "tb...')
#3 C:\Magang\Peluit\system\Database\BaseConnection.php(598): CodeIgniter\Database\BaseConnection->simpleQuery('INSERT INTO "tb...')
#4 C:\Magang\Peluit\system\Database\BaseBuilder.php(1759): CodeIgniter\Database\BaseConnection->query('INSERT INTO "tb...', Array, false)
#5 C:\Magang\Peluit\system\Model.php(239): CodeIgniter\Database\BaseBuilder->insert()
#6 C:\Magang\Peluit\system\BaseModel.php(738): CodeIgniter\Model->doInsert(Array)
#7 C:\Magang\Peluit\system\Model.php(620): CodeIgniter\BaseModel->insert(Array, true)
#8 C:\Magang\Peluit\app\Controllers\Form.php(374): CodeIgniter\Model->insert(Array)
#9 C:\Magang\Peluit\system\CodeIgniter.php(824): App\Controllers\Form->add_aula()
#10 C:\Magang\Peluit\system\CodeIgniter.php(410): CodeIgniter\CodeIgniter->runController(Object(App\Controllers\Form))
#11 C:\Magang\Peluit\system\CodeIgniter.php(318): CodeIgniter\CodeIgniter->handleRequest(NULL, Object(Config\Cache), false)
#12 C:\Magang\Peluit\public\index.php(37): CodeIgniter\CodeIgniter->run()
#13 C:\Magang\Peluit\system\Commands\Server\rewrite.php(43): require_once('C:\\Magang\\Pelui...')
#14 {main}
CRITICAL - 2026-02-13 14:42:46 --> Uncaught CodeIgniter\Format\Exceptions\FormatException: Failed to parse json string, error: "Type is not supported". in C:\Magang\Peluit\system\Format\JSONFormatter.php:41
Stack trace:
#0 C:\Magang\Peluit\system\Format\JSONFormatter.php(41): CodeIgniter\Format\Exceptions\FormatException::forInvalidJSON('Type is not sup...')
#1 C:\Magang\Peluit\system\API\ResponseTrait.php(341): CodeIgniter\Format\JSONFormatter->format(Array)
#2 C:\Magang\Peluit\system\API\ResponseTrait.php(99): CodeIgniter\Debug\Exceptions->format(Array)
#3 C:\Magang\Peluit\system\Debug\Exceptions.php(110): CodeIgniter\Debug\Exceptions->respond(Array, 500)
#4 [internal function]: CodeIgniter\Debug\Exceptions->exceptionHandler(Object(ErrorException))
#5 {main}
  thrown
#0 [internal function]: CodeIgniter\Debug\Exceptions->shutdownHandler()
#1 {main}
ERROR - 2026-02-13 14:43:17 --> ErrorException: pg_query(): Query failed: ERROR:  cannot insert into column &quot;id_aula&quot; of view &quot;tb_tiket_aula&quot;
DETAIL:  View columns that are not columns of their base relation are not updatable. in C:\Magang\Peluit\system\Database\Postgre\Connection.php:136
Stack trace:
#0 [internal function]: CodeIgniter\Debug\Exceptions->errorHandler(2, 'pg_query(): Que...', 'C:\\Magang\\Pelui...', 136, Array)
#1 C:\Magang\Peluit\system\Database\Postgre\Connection.php(136): pg_query(Resource id #156, 'INSERT INTO "tb...')
#2 C:\Magang\Peluit\system\Database\BaseConnection.php(670): CodeIgniter\Database\Postgre\Connection->execute('INSERT INTO "tb...')
#3 C:\Magang\Peluit\system\Database\BaseConnection.php(598): CodeIgniter\Database\BaseConnection->simpleQuery('INSERT INTO "tb...')
#4 C:\Magang\Peluit\system\Database\BaseBuilder.php(1759): CodeIgniter\Database\BaseConnection->query('INSERT INTO "tb...', Array, false)
#5 C:\Magang\Peluit\system\Model.php(239): CodeIgniter\Database\BaseBuilder->insert()
#6 C:\Magang\Peluit\system\BaseModel.php(738): CodeIgniter\Model->doInsert(Array)
#7 C:\Magang\Peluit\system\Model.php(620): CodeIgniter\BaseModel->insert(Array, true)
#8 C:\Magang\Peluit\app\Controllers\Form.php(374): CodeIgniter\Model->insert(Array)
#9 C:\Magang\Peluit\system\CodeIgniter.php(824): App\Controllers\Form->add_aula()
#10 C:\Magang\Peluit\system\CodeIgniter.php(410): CodeIgniter\CodeIgniter->runController(Object(App\Controllers\Form))
#11 C:\Magang\Peluit\system\CodeIgniter.php(318): CodeIgniter\CodeIgniter->handleRequest(NULL, Object(Config\Cache), false)
#12 C:\Magang\Peluit\public\index.php(37): CodeIgniter\CodeIgniter->run()
#13 C:\Magang\Peluit\system\Commands\Server\rewrite.php(43): require_once('C:\\Magang\\Pelui...')
#14 {main}
CRITICAL - 2026-02-13 14:43:17 --> pg_query(): Query failed: ERROR:  cannot insert into column &quot;id_aula&quot; of view &quot;tb_tiket_aula&quot;
DETAIL:  View columns that are not columns of their base relation are not updatable.
#0 [internal function]: CodeIgniter\Debug\Exceptions->errorHandler(2, 'pg_query(): Que...', 'C:\\Magang\\Pelui...', 136, Array)
#1 C:\Magang\Peluit\system\Database\Postgre\Connection.php(136): pg_query(Resource id #156, 'INSERT INTO "tb...')
#2 C:\Magang\Peluit\system\Database\BaseConnection.php(670): CodeIgniter\Database\Postgre\Connection->execute('INSERT INTO "tb...')
#3 C:\Magang\Peluit\system\Database\BaseConnection.php(598): CodeIgniter\Database\BaseConnection->simpleQuery('INSERT INTO "tb...')
#4 C:\Magang\Peluit\system\Database\BaseBuilder.php(1759): CodeIgniter\Database\BaseConnection->query('INSERT INTO "tb...', Array, false)
#5 C:\Magang\Peluit\system\Model.php(239): CodeIgniter\Database\BaseBuilder->insert()
#6 C:\Magang\Peluit\system\BaseModel.php(738): CodeIgniter\Model->doInsert(Array)
#7 C:\Magang\Peluit\system\Model.php(620): CodeIgniter\BaseModel->insert(Array, true)
#8 C:\Magang\Peluit\app\Controllers\Form.php(374): CodeIgniter\Model->insert(Array)
#9 C:\Magang\Peluit\system\CodeIgniter.php(824): App\Controllers\Form->add_aula()
#10 C:\Magang\Peluit\system\CodeIgniter.php(410): CodeIgniter\CodeIgniter->runController(Object(App\Controllers\Form))
#11 C:\Magang\Peluit\system\CodeIgniter.php(318): CodeIgniter\CodeIgniter->handleRequest(NULL, Object(Config\Cache), false)
#12 C:\Magang\Peluit\public\index.php(37): CodeIgniter\CodeIgniter->run()
#13 C:\Magang\Peluit\system\Commands\Server\rewrite.php(43): require_once('C:\\Magang\\Pelui...')
#14 {main}
CRITICAL - 2026-02-13 14:43:17 --> Uncaught CodeIgniter\Format\Exceptions\FormatException: Failed to parse json string, error: "Type is not supported". in C:\Magang\Peluit\system\Format\JSONFormatter.php:41
Stack trace:
#0 C:\Magang\Peluit\system\Format\JSONFormatter.php(41): CodeIgniter\Format\Exceptions\FormatException::forInvalidJSON('Type is not sup...')
#1 C:\Magang\Peluit\system\API\ResponseTrait.php(341): CodeIgniter\Format\JSONFormatter->format(Array)
#2 C:\Magang\Peluit\system\API\ResponseTrait.php(99): CodeIgniter\Debug\Exceptions->format(Array)
#3 C:\Magang\Peluit\system\Debug\Exceptions.php(110): CodeIgniter\Debug\Exceptions->respond(Array, 500)
#4 [internal function]: CodeIgniter\Debug\Exceptions->exceptionHandler(Object(ErrorException))
#5 {main}
  thrown
#0 [internal function]: CodeIgniter\Debug\Exceptions->shutdownHandler()
#1 {main}
CRITICAL - 2026-02-13 14:53:53 --> Trying to access array offset on value of type null
#0 C:\Magang\Peluit\app\Controllers\Detail.php(87): CodeIgniter\Debug\Exceptions->errorHandler(8, 'Trying to acces...', 'C:\\Magang\\Pelui...', 87, Array)
#1 C:\Magang\Peluit\system\CodeIgniter.php(824): App\Controllers\Detail->aula_page('60', '32PLBLJCFSC7T8E...')
#2 C:\Magang\Peluit\system\CodeIgniter.php(410): CodeIgniter\CodeIgniter->runController(Object(App\Controllers\Detail))
#3 C:\Magang\Peluit\system\CodeIgniter.php(318): CodeIgniter\CodeIgniter->handleRequest(NULL, Object(Config\Cache), false)
#4 C:\Magang\Peluit\public\index.php(37): CodeIgniter\CodeIgniter->run()
#5 C:\Magang\Peluit\system\Commands\Server\rewrite.php(43): require_once('C:\\Magang\\Pelui...')
#6 {main}
CRITICAL - 2026-02-13 16:17:50 --> Trying to access array offset on value of type null
#0 C:\Magang\Peluit\app\Controllers\Detail.php(87): CodeIgniter\Debug\Exceptions->errorHandler(8, 'Trying to acces...', 'C:\\Magang\\Pelui...', 87, Array)
#1 C:\Magang\Peluit\system\CodeIgniter.php(824): App\Controllers\Detail->aula_page('60', '32PLBLJCFSC7T8E...')
#2 C:\Magang\Peluit\system\CodeIgniter.php(410): CodeIgniter\CodeIgniter->runController(Object(App\Controllers\Detail))
#3 C:\Magang\Peluit\system\CodeIgniter.php(318): CodeIgniter\CodeIgniter->handleRequest(NULL, Object(Config\Cache), false)
#4 C:\Magang\Peluit\public\index.php(37): CodeIgniter\CodeIgniter->run()
#5 C:\Magang\Peluit\system\Commands\Server\rewrite.php(43): require_once('C:\\Magang\\Pelui...')
#6 {main}
ERROR - 2026-02-13 16:58:48 --> ErrorException: pg_query(): Query failed: ERROR:  relation &quot;tb_tiket_alat&quot; does not exist
LINE 1: INSERT INTO &quot;tb_tiket_alat&quot; (&quot;id_tiket&quot;, &quot;nama_acara&quot;, &quot;tgl_...
                    ^ in C:\Magang\Peluit\system\Database\Postgre\Connection.php:136
Stack trace:
#0 [internal function]: CodeIgniter\Debug\Exceptions->errorHandler(2, 'pg_query(): Que...', 'C:\\Magang\\Pelui...', 136, Array)
#1 C:\Magang\Peluit\system\Database\Postgre\Connection.php(136): pg_query(Resource id #156, 'INSERT INTO "tb...')
#2 C:\Magang\Peluit\system\Database\BaseConnection.php(670): CodeIgniter\Database\Postgre\Connection->execute('INSERT INTO "tb...')
#3 C:\Magang\Peluit\system\Database\BaseConnection.php(598): CodeIgniter\Database\BaseConnection->simpleQuery('INSERT INTO "tb...')
#4 C:\Magang\Peluit\system\Database\BaseBuilder.php(1759): CodeIgniter\Database\BaseConnection->query('INSERT INTO "tb...', Array, false)
#5 C:\Magang\Peluit\system\Model.php(239): CodeIgniter\Database\BaseBuilder->insert()
#6 C:\Magang\Peluit\system\BaseModel.php(738): CodeIgniter\Model->doInsert(Array)
#7 C:\Magang\Peluit\system\Model.php(620): CodeIgniter\BaseModel->insert(Array, true)
#8 C:\Magang\Peluit\app\Controllers\Form.php(251): CodeIgniter\Model->insert(Array)
#9 C:\Magang\Peluit\system\CodeIgniter.php(824): App\Controllers\Form->add_zoom()
#10 C:\Magang\Peluit\system\CodeIgniter.php(410): CodeIgniter\CodeIgniter->runController(Object(App\Controllers\Form))
#11 C:\Magang\Peluit\system\CodeIgniter.php(318): CodeIgniter\CodeIgniter->handleRequest(NULL, Object(Config\Cache), false)
#12 C:\Magang\Peluit\public\index.php(37): CodeIgniter\CodeIgniter->run()
#13 C:\Magang\Peluit\system\Commands\Server\rewrite.php(43): require_once('C:\\Magang\\Pelui...')
#14 {main}
CRITICAL - 2026-02-13 16:58:48 --> pg_query(): Query failed: ERROR:  relation &quot;tb_tiket_alat&quot; does not exist
LINE 1: INSERT INTO &quot;tb_tiket_alat&quot; (&quot;id_tiket&quot;, &quot;nama_acara&quot;, &quot;tgl_...
                    ^
#0 [internal function]: CodeIgniter\Debug\Exceptions->errorHandler(2, 'pg_query(): Que...', 'C:\\Magang\\Pelui...', 136, Array)
#1 C:\Magang\Peluit\system\Database\Postgre\Connection.php(136): pg_query(Resource id #156, 'INSERT INTO "tb...')
#2 C:\Magang\Peluit\system\Database\BaseConnection.php(670): CodeIgniter\Database\Postgre\Connection->execute('INSERT INTO "tb...')
#3 C:\Magang\Peluit\system\Database\BaseConnection.php(598): CodeIgniter\Database\BaseConnection->simpleQuery('INSERT INTO "tb...')
#4 C:\Magang\Peluit\system\Database\BaseBuilder.php(1759): CodeIgniter\Database\BaseConnection->query('INSERT INTO "tb...', Array, false)
#5 C:\Magang\Peluit\system\Model.php(239): CodeIgniter\Database\BaseBuilder->insert()
#6 C:\Magang\Peluit\system\BaseModel.php(738): CodeIgniter\Model->doInsert(Array)
#7 C:\Magang\Peluit\system\Model.php(620): CodeIgniter\BaseModel->insert(Array, true)
#8 C:\Magang\Peluit\app\Controllers\Form.php(251): CodeIgniter\Model->insert(Array)
#9 C:\Magang\Peluit\system\CodeIgniter.php(824): App\Controllers\Form->add_zoom()
#10 C:\Magang\Peluit\system\CodeIgniter.php(410): CodeIgniter\CodeIgniter->runController(Object(App\Controllers\Form))
#11 C:\Magang\Peluit\system\CodeIgniter.php(318): CodeIgniter\CodeIgniter->handleRequest(NULL, Object(Config\Cache), false)
#12 C:\Magang\Peluit\public\index.php(37): CodeIgniter\CodeIgniter->run()
#13 C:\Magang\Peluit\system\Commands\Server\rewrite.php(43): require_once('C:\\Magang\\Pelui...')
#14 {main}
CRITICAL - 2026-02-13 16:58:48 --> Uncaught CodeIgniter\Format\Exceptions\FormatException: Failed to parse json string, error: "Type is not supported". in C:\Magang\Peluit\system\Format\JSONFormatter.php:41
Stack trace:
#0 C:\Magang\Peluit\system\Format\JSONFormatter.php(41): CodeIgniter\Format\Exceptions\FormatException::forInvalidJSON('Type is not sup...')
#1 C:\Magang\Peluit\system\API\ResponseTrait.php(341): CodeIgniter\Format\JSONFormatter->format(Array)
#2 C:\Magang\Peluit\system\API\ResponseTrait.php(99): CodeIgniter\Debug\Exceptions->format(Array)
#3 C:\Magang\Peluit\system\Debug\Exceptions.php(110): CodeIgniter\Debug\Exceptions->respond(Array, 500)
#4 [internal function]: CodeIgniter\Debug\Exceptions->exceptionHandler(Object(ErrorException))
#5 {main}
  thrown
#0 [internal function]: CodeIgniter\Debug\Exceptions->shutdownHandler()
#1 {main}
ERROR - 2026-02-13 17:02:02 --> ErrorException: pg_query(): Query failed: ERROR:  relation &quot;tb_tiket_alat&quot; does not exist
LINE 1: INSERT INTO &quot;tb_tiket_alat&quot; (&quot;id_tiket&quot;, &quot;nama_acara&quot;, &quot;tgl_...
                    ^ in C:\Magang\Peluit\system\Database\Postgre\Connection.php:136
Stack trace:
#0 [internal function]: CodeIgniter\Debug\Exceptions->errorHandler(2, 'pg_query(): Que...', 'C:\\Magang\\Pelui...', 136, Array)
#1 C:\Magang\Peluit\system\Database\Postgre\Connection.php(136): pg_query(Resource id #156, 'INSERT INTO "tb...')
#2 C:\Magang\Peluit\system\Database\BaseConnection.php(670): CodeIgniter\Database\Postgre\Connection->execute('INSERT INTO "tb...')
#3 C:\Magang\Peluit\system\Database\BaseConnection.php(598): CodeIgniter\Database\BaseConnection->simpleQuery('INSERT INTO "tb...')
#4 C:\Magang\Peluit\system\Database\BaseBuilder.php(1759): CodeIgniter\Database\BaseConnection->query('INSERT INTO "tb...', Array, false)
#5 C:\Magang\Peluit\system\Model.php(239): CodeIgniter\Database\BaseBuilder->insert()
#6 C:\Magang\Peluit\system\BaseModel.php(738): CodeIgniter\Model->doInsert(Array)
#7 C:\Magang\Peluit\system\Model.php(620): CodeIgniter\BaseModel->insert(Array, true)
#8 C:\Magang\Peluit\app\Controllers\Form.php(251): CodeIgniter\Model->insert(Array)
#9 C:\Magang\Peluit\system\CodeIgniter.php(824): App\Controllers\Form->add_zoom()
#10 C:\Magang\Peluit\system\CodeIgniter.php(410): CodeIgniter\CodeIgniter->runController(Object(App\Controllers\Form))
#11 C:\Magang\Peluit\system\CodeIgniter.php(318): CodeIgniter\CodeIgniter->handleRequest(NULL, Object(Config\Cache), false)
#12 C:\Magang\Peluit\public\index.php(37): CodeIgniter\CodeIgniter->run()
#13 C:\Magang\Peluit\system\Commands\Server\rewrite.php(43): require_once('C:\\Magang\\Pelui...')
#14 {main}
CRITICAL - 2026-02-13 17:02:02 --> pg_query(): Query failed: ERROR:  relation &quot;tb_tiket_alat&quot; does not exist
LINE 1: INSERT INTO &quot;tb_tiket_alat&quot; (&quot;id_tiket&quot;, &quot;nama_acara&quot;, &quot;tgl_...
                    ^
#0 [internal function]: CodeIgniter\Debug\Exceptions->errorHandler(2, 'pg_query(): Que...', 'C:\\Magang\\Pelui...', 136, Array)
#1 C:\Magang\Peluit\system\Database\Postgre\Connection.php(136): pg_query(Resource id #156, 'INSERT INTO "tb...')
#2 C:\Magang\Peluit\system\Database\BaseConnection.php(670): CodeIgniter\Database\Postgre\Connection->execute('INSERT INTO "tb...')
#3 C:\Magang\Peluit\system\Database\BaseConnection.php(598): CodeIgniter\Database\BaseConnection->simpleQuery('INSERT INTO "tb...')
#4 C:\Magang\Peluit\system\Database\BaseBuilder.php(1759): CodeIgniter\Database\BaseConnection->query('INSERT INTO "tb...', Array, false)
#5 C:\Magang\Peluit\system\Model.php(239): CodeIgniter\Database\BaseBuilder->insert()
#6 C:\Magang\Peluit\system\BaseModel.php(738): CodeIgniter\Model->doInsert(Array)
#7 C:\Magang\Peluit\system\Model.php(620): CodeIgniter\BaseModel->insert(Array, true)
#8 C:\Magang\Peluit\app\Controllers\Form.php(251): CodeIgniter\Model->insert(Array)
#9 C:\Magang\Peluit\system\CodeIgniter.php(824): App\Controllers\Form->add_zoom()
#10 C:\Magang\Peluit\system\CodeIgniter.php(410): CodeIgniter\CodeIgniter->runController(Object(App\Controllers\Form))
#11 C:\Magang\Peluit\system\CodeIgniter.php(318): CodeIgniter\CodeIgniter->handleRequest(NULL, Object(Config\Cache), false)
#12 C:\Magang\Peluit\public\index.php(37): CodeIgniter\CodeIgniter->run()
#13 C:\Magang\Peluit\system\Commands\Server\rewrite.php(43): require_once('C:\\Magang\\Pelui...')
#14 {main}
CRITICAL - 2026-02-13 17:02:02 --> Uncaught CodeIgniter\Format\Exceptions\FormatException: Failed to parse json string, error: "Type is not supported". in C:\Magang\Peluit\system\Format\JSONFormatter.php:41
Stack trace:
#0 C:\Magang\Peluit\system\Format\JSONFormatter.php(41): CodeIgniter\Format\Exceptions\FormatException::forInvalidJSON('Type is not sup...')
#1 C:\Magang\Peluit\system\API\ResponseTrait.php(341): CodeIgniter\Format\JSONFormatter->format(Array)
#2 C:\Magang\Peluit\system\API\ResponseTrait.php(99): CodeIgniter\Debug\Exceptions->format(Array)
#3 C:\Magang\Peluit\system\Debug\Exceptions.php(110): CodeIgniter\Debug\Exceptions->respond(Array, 500)
#4 [internal function]: CodeIgniter\Debug\Exceptions->exceptionHandler(Object(ErrorException))
#5 {main}
  thrown
#0 [internal function]: CodeIgniter\Debug\Exceptions->shutdownHandler()
#1 {main}
ERROR - 2026-02-13 17:02:15 --> ErrorException: pg_query(): Query failed: ERROR:  relation &quot;tb_tiket_alat&quot; does not exist
LINE 1: INSERT INTO &quot;tb_tiket_alat&quot; (&quot;id_tiket&quot;, &quot;nama_acara&quot;, &quot;tgl_...
                    ^ in C:\Magang\Peluit\system\Database\Postgre\Connection.php:136
Stack trace:
#0 [internal function]: CodeIgniter\Debug\Exceptions->errorHandler(2, 'pg_query(): Que...', 'C:\\Magang\\Pelui...', 136, Array)
#1 C:\Magang\Peluit\system\Database\Postgre\Connection.php(136): pg_query(Resource id #156, 'INSERT INTO "tb...')
#2 C:\Magang\Peluit\system\Database\BaseConnection.php(670): CodeIgniter\Database\Postgre\Connection->execute('INSERT INTO "tb...')
#3 C:\Magang\Peluit\system\Database\BaseConnection.php(598): CodeIgniter\Database\BaseConnection->simpleQuery('INSERT INTO "tb...')
#4 C:\Magang\Peluit\system\Database\BaseBuilder.php(1759): CodeIgniter\Database\BaseConnection->query('INSERT INTO "tb...', Array, false)
#5 C:\Magang\Peluit\system\Model.php(239): CodeIgniter\Database\BaseBuilder->insert()
#6 C:\Magang\Peluit\system\BaseModel.php(738): CodeIgniter\Model->doInsert(Array)
#7 C:\Magang\Peluit\system\Model.php(620): CodeIgniter\BaseModel->insert(Array, true)
#8 C:\Magang\Peluit\app\Controllers\Form.php(251): CodeIgniter\Model->insert(Array)
#9 C:\Magang\Peluit\system\CodeIgniter.php(824): App\Controllers\Form->add_zoom()
#10 C:\Magang\Peluit\system\CodeIgniter.php(410): CodeIgniter\CodeIgniter->runController(Object(App\Controllers\Form))
#11 C:\Magang\Peluit\system\CodeIgniter.php(318): CodeIgniter\CodeIgniter->handleRequest(NULL, Object(Config\Cache), false)
#12 C:\Magang\Peluit\public\index.php(37): CodeIgniter\CodeIgniter->run()
#13 C:\Magang\Peluit\system\Commands\Server\rewrite.php(43): require_once('C:\\Magang\\Pelui...')
#14 {main}
CRITICAL - 2026-02-13 17:02:15 --> pg_query(): Query failed: ERROR:  relation &quot;tb_tiket_alat&quot; does not exist
LINE 1: INSERT INTO &quot;tb_tiket_alat&quot; (&quot;id_tiket&quot;, &quot;nama_acara&quot;, &quot;tgl_...
                    ^
#0 [internal function]: CodeIgniter\Debug\Exceptions->errorHandler(2, 'pg_query(): Que...', 'C:\\Magang\\Pelui...', 136, Array)
#1 C:\Magang\Peluit\system\Database\Postgre\Connection.php(136): pg_query(Resource id #156, 'INSERT INTO "tb...')
#2 C:\Magang\Peluit\system\Database\BaseConnection.php(670): CodeIgniter\Database\Postgre\Connection->execute('INSERT INTO "tb...')
#3 C:\Magang\Peluit\system\Database\BaseConnection.php(598): CodeIgniter\Database\BaseConnection->simpleQuery('INSERT INTO "tb...')
#4 C:\Magang\Peluit\system\Database\BaseBuilder.php(1759): CodeIgniter\Database\BaseConnection->query('INSERT INTO "tb...', Array, false)
#5 C:\Magang\Peluit\system\Model.php(239): CodeIgniter\Database\BaseBuilder->insert()
#6 C:\Magang\Peluit\system\BaseModel.php(738): CodeIgniter\Model->doInsert(Array)
#7 C:\Magang\Peluit\system\Model.php(620): CodeIgniter\BaseModel->insert(Array, true)
#8 C:\Magang\Peluit\app\Controllers\Form.php(251): CodeIgniter\Model->insert(Array)
#9 C:\Magang\Peluit\system\CodeIgniter.php(824): App\Controllers\Form->add_zoom()
#10 C:\Magang\Peluit\system\CodeIgniter.php(410): CodeIgniter\CodeIgniter->runController(Object(App\Controllers\Form))
#11 C:\Magang\Peluit\system\CodeIgniter.php(318): CodeIgniter\CodeIgniter->handleRequest(NULL, Object(Config\Cache), false)
#12 C:\Magang\Peluit\public\index.php(37): CodeIgniter\CodeIgniter->run()
#13 C:\Magang\Peluit\system\Commands\Server\rewrite.php(43): require_once('C:\\Magang\\Pelui...')
#14 {main}
CRITICAL - 2026-02-13 17:02:15 --> Uncaught CodeIgniter\Format\Exceptions\FormatException: Failed to parse json string, error: "Type is not supported". in C:\Magang\Peluit\system\Format\JSONFormatter.php:41
Stack trace:
#0 C:\Magang\Peluit\system\Format\JSONFormatter.php(41): CodeIgniter\Format\Exceptions\FormatException::forInvalidJSON('Type is not sup...')
#1 C:\Magang\Peluit\system\API\ResponseTrait.php(341): CodeIgniter\Format\JSONFormatter->format(Array)
#2 C:\Magang\Peluit\system\API\ResponseTrait.php(99): CodeIgniter\Debug\Exceptions->format(Array)
#3 C:\Magang\Peluit\system\Debug\Exceptions.php(110): CodeIgniter\Debug\Exceptions->respond(Array, 500)
#4 [internal function]: CodeIgniter\Debug\Exceptions->exceptionHandler(Object(ErrorException))
#5 {main}
  thrown
#0 [internal function]: CodeIgniter\Debug\Exceptions->shutdownHandler()
#1 {main}
ERROR - 2026-02-13 17:02:58 --> ErrorException: pg_query(): Query failed: ERROR:  relation &quot;tb_tiket_alat&quot; does not exist
LINE 2: FROM &quot;tb_tiket_alat&quot;
             ^ in C:\Magang\Peluit\system\Database\Postgre\Connection.php:136
Stack trace:
#0 [internal function]: CodeIgniter\Debug\Exceptions->errorHandler(2, 'pg_query(): Que...', 'C:\\Magang\\Pelui...', 136, Array)
#1 C:\Magang\Peluit\system\Database\Postgre\Connection.php(136): pg_query(Resource id #155, 'SELECT *\nFROM "...')
#2 C:\Magang\Peluit\system\Database\BaseConnection.php(670): CodeIgniter\Database\Postgre\Connection->execute('SELECT *\nFROM "...')
#3 C:\Magang\Peluit\system\Database\BaseConnection.php(598): CodeIgniter\Database\BaseConnection->simpleQuery('SELECT *\nFROM "...')
#4 C:\Magang\Peluit\system\Database\BaseBuilder.php(1443): CodeIgniter\Database\BaseConnection->query('SELECT *\nFROM "...', Array, false)
#5 C:\Magang\Peluit\system\Model.php(210): CodeIgniter\Database\BaseBuilder->get()
#6 C:\Magang\Peluit\system\BaseModel.php(622): CodeIgniter\Model->doFirst()
#7 C:\Magang\Peluit\app\Controllers\Detail.php(346): CodeIgniter\BaseModel->first()
#8 C:\Magang\Peluit\system\CodeIgniter.php(824): App\Controllers\Detail->alat_page('72', 'CL7Z7XW3FDK9FJP...')
#9 C:\Magang\Peluit\system\CodeIgniter.php(410): CodeIgniter\CodeIgniter->runController(Object(App\Controllers\Detail))
#10 C:\Magang\Peluit\system\CodeIgniter.php(318): CodeIgniter\CodeIgniter->handleRequest(NULL, Object(Config\Cache), false)
#11 C:\Magang\Peluit\public\index.php(37): CodeIgniter\CodeIgniter->run()
#12 C:\Magang\Peluit\system\Commands\Server\rewrite.php(43): require_once('C:\\Magang\\Pelui...')
#13 {main}
CRITICAL - 2026-02-13 17:02:58 --> pg_query(): Query failed: ERROR:  relation &quot;tb_tiket_alat&quot; does not exist
LINE 2: FROM &quot;tb_tiket_alat&quot;
             ^
#0 [internal function]: CodeIgniter\Debug\Exceptions->errorHandler(2, 'pg_query(): Que...', 'C:\\Magang\\Pelui...', 136, Array)
#1 C:\Magang\Peluit\system\Database\Postgre\Connection.php(136): pg_query(Resource id #155, 'SELECT *\nFROM "...')
#2 C:\Magang\Peluit\system\Database\BaseConnection.php(670): CodeIgniter\Database\Postgre\Connection->execute('SELECT *\nFROM "...')
#3 C:\Magang\Peluit\system\Database\BaseConnection.php(598): CodeIgniter\Database\BaseConnection->simpleQuery('SELECT *\nFROM "...')
#4 C:\Magang\Peluit\system\Database\BaseBuilder.php(1443): CodeIgniter\Database\BaseConnection->query('SELECT *\nFROM "...', Array, false)
#5 C:\Magang\Peluit\system\Model.php(210): CodeIgniter\Database\BaseBuilder->get()
#6 C:\Magang\Peluit\system\BaseModel.php(622): CodeIgniter\Model->doFirst()
#7 C:\Magang\Peluit\app\Controllers\Detail.php(346): CodeIgniter\BaseModel->first()
#8 C:\Magang\Peluit\system\CodeIgniter.php(824): App\Controllers\Detail->alat_page('72', 'CL7Z7XW3FDK9FJP...')
#9 C:\Magang\Peluit\system\CodeIgniter.php(410): CodeIgniter\CodeIgniter->runController(Object(App\Controllers\Detail))
#10 C:\Magang\Peluit\system\CodeIgniter.php(318): CodeIgniter\CodeIgniter->handleRequest(NULL, Object(Config\Cache), false)
#11 C:\Magang\Peluit\public\index.php(37): CodeIgniter\CodeIgniter->run()
#12 C:\Magang\Peluit\system\Commands\Server\rewrite.php(43): require_once('C:\\Magang\\Pelui...')
#13 {main}
ERROR - 2026-02-13 17:03:58 --> ErrorException: pg_query(): Query failed: ERROR:  relation &quot;tb_tiket_alat&quot; does not exist
LINE 2: FROM &quot;tb_tiket_alat&quot;
             ^ in C:\Magang\Peluit\system\Database\Postgre\Connection.php:136
Stack trace:
#0 [internal function]: CodeIgniter\Debug\Exceptions->errorHandler(2, 'pg_query(): Que...', 'C:\\Magang\\Pelui...', 136, Array)
#1 C:\Magang\Peluit\system\Database\Postgre\Connection.php(136): pg_query(Resource id #155, 'SELECT *\nFROM "...')
#2 C:\Magang\Peluit\system\Database\BaseConnection.php(670): CodeIgniter\Database\Postgre\Connection->execute('SELECT *\nFROM "...')
#3 C:\Magang\Peluit\system\Database\BaseConnection.php(598): CodeIgniter\Database\BaseConnection->simpleQuery('SELECT *\nFROM "...')
#4 C:\Magang\Peluit\system\Database\BaseBuilder.php(1443): CodeIgniter\Database\BaseConnection->query('SELECT *\nFROM "...', Array, false)
#5 C:\Magang\Peluit\system\Model.php(210): CodeIgniter\Database\BaseBuilder->get()
#6 C:\Magang\Peluit\system\BaseModel.php(622): CodeIgniter\Model->doFirst()
#7 C:\Magang\Peluit\app\Controllers\Detail.php(346): CodeIgniter\BaseModel->first()
#8 C:\Magang\Peluit\system\CodeIgniter.php(824): App\Controllers\Detail->alat_page('72', 'CL7Z7XW3FDK9FJP...')
#9 C:\Magang\Peluit\system\CodeIgniter.php(410): CodeIgniter\CodeIgniter->runController(Object(App\Controllers\Detail))
#10 C:\Magang\Peluit\system\CodeIgniter.php(318): CodeIgniter\CodeIgniter->handleRequest(NULL, Object(Config\Cache), false)
#11 C:\Magang\Peluit\public\index.php(37): CodeIgniter\CodeIgniter->run()
#12 C:\Magang\Peluit\system\Commands\Server\rewrite.php(43): require_once('C:\\Magang\\Pelui...')
#13 {main}
CRITICAL - 2026-02-13 17:03:58 --> pg_query(): Query failed: ERROR:  relation &quot;tb_tiket_alat&quot; does not exist
LINE 2: FROM &quot;tb_tiket_alat&quot;
             ^
#0 [internal function]: CodeIgniter\Debug\Exceptions->errorHandler(2, 'pg_query(): Que...', 'C:\\Magang\\Pelui...', 136, Array)
#1 C:\Magang\Peluit\system\Database\Postgre\Connection.php(136): pg_query(Resource id #155, 'SELECT *\nFROM "...')
#2 C:\Magang\Peluit\system\Database\BaseConnection.php(670): CodeIgniter\Database\Postgre\Connection->execute('SELECT *\nFROM "...')
#3 C:\Magang\Peluit\system\Database\BaseConnection.php(598): CodeIgniter\Database\BaseConnection->simpleQuery('SELECT *\nFROM "...')
#4 C:\Magang\Peluit\system\Database\BaseBuilder.php(1443): CodeIgniter\Database\BaseConnection->query('SELECT *\nFROM "...', Array, false)
#5 C:\Magang\Peluit\system\Model.php(210): CodeIgniter\Database\BaseBuilder->get()
#6 C:\Magang\Peluit\system\BaseModel.php(622): CodeIgniter\Model->doFirst()
#7 C:\Magang\Peluit\app\Controllers\Detail.php(346): CodeIgniter\BaseModel->first()
#8 C:\Magang\Peluit\system\CodeIgniter.php(824): App\Controllers\Detail->alat_page('72', 'CL7Z7XW3FDK9FJP...')
#9 C:\Magang\Peluit\system\CodeIgniter.php(410): CodeIgniter\CodeIgniter->runController(Object(App\Controllers\Detail))
#10 C:\Magang\Peluit\system\CodeIgniter.php(318): CodeIgniter\CodeIgniter->handleRequest(NULL, Object(Config\Cache), false)
#11 C:\Magang\Peluit\public\index.php(37): CodeIgniter\CodeIgniter->run()
#12 C:\Magang\Peluit\system\Commands\Server\rewrite.php(43): require_once('C:\\Magang\\Pelui...')
#13 {main}
ERROR - 2026-02-13 17:08:51 --> ErrorException: pg_query(): Query failed: ERROR:  relation &quot;tb_tiket_alat&quot; does not exist
LINE 1: INSERT INTO &quot;tb_tiket_alat&quot; (&quot;id_tiket&quot;, &quot;nama_acara&quot;, &quot;tgl_...
                    ^ in C:\Magang\Peluit\system\Database\Postgre\Connection.php:136
Stack trace:
#0 [internal function]: CodeIgniter\Debug\Exceptions->errorHandler(2, 'pg_query(): Que...', 'C:\\Magang\\Pelui...', 136, Array)
#1 C:\Magang\Peluit\system\Database\Postgre\Connection.php(136): pg_query(Resource id #156, 'INSERT INTO "tb...')
#2 C:\Magang\Peluit\system\Database\BaseConnection.php(670): CodeIgniter\Database\Postgre\Connection->execute('INSERT INTO "tb...')
#3 C:\Magang\Peluit\system\Database\BaseConnection.php(598): CodeIgniter\Database\BaseConnection->simpleQuery('INSERT INTO "tb...')
#4 C:\Magang\Peluit\system\Database\BaseBuilder.php(1759): CodeIgniter\Database\BaseConnection->query('INSERT INTO "tb...', Array, false)
#5 C:\Magang\Peluit\system\Model.php(239): CodeIgniter\Database\BaseBuilder->insert()
#6 C:\Magang\Peluit\system\BaseModel.php(738): CodeIgniter\Model->doInsert(Array)
#7 C:\Magang\Peluit\system\Model.php(620): CodeIgniter\BaseModel->insert(Array, true)
#8 C:\Magang\Peluit\app\Controllers\Form.php(251): CodeIgniter\Model->insert(Array)
#9 C:\Magang\Peluit\system\CodeIgniter.php(824): App\Controllers\Form->add_zoom()
#10 C:\Magang\Peluit\system\CodeIgniter.php(410): CodeIgniter\CodeIgniter->runController(Object(App\Controllers\Form))
#11 C:\Magang\Peluit\system\CodeIgniter.php(318): CodeIgniter\CodeIgniter->handleRequest(NULL, Object(Config\Cache), false)
#12 C:\Magang\Peluit\public\index.php(37): CodeIgniter\CodeIgniter->run()
#13 C:\Magang\Peluit\system\Commands\Server\rewrite.php(43): require_once('C:\\Magang\\Pelui...')
#14 {main}
CRITICAL - 2026-02-13 17:08:51 --> pg_query(): Query failed: ERROR:  relation &quot;tb_tiket_alat&quot; does not exist
LINE 1: INSERT INTO &quot;tb_tiket_alat&quot; (&quot;id_tiket&quot;, &quot;nama_acara&quot;, &quot;tgl_...
                    ^
#0 [internal function]: CodeIgniter\Debug\Exceptions->errorHandler(2, 'pg_query(): Que...', 'C:\\Magang\\Pelui...', 136, Array)
#1 C:\Magang\Peluit\system\Database\Postgre\Connection.php(136): pg_query(Resource id #156, 'INSERT INTO "tb...')
#2 C:\Magang\Peluit\system\Database\BaseConnection.php(670): CodeIgniter\Database\Postgre\Connection->execute('INSERT INTO "tb...')
#3 C:\Magang\Peluit\system\Database\BaseConnection.php(598): CodeIgniter\Database\BaseConnection->simpleQuery('INSERT INTO "tb...')
#4 C:\Magang\Peluit\system\Database\BaseBuilder.php(1759): CodeIgniter\Database\BaseConnection->query('INSERT INTO "tb...', Array, false)
#5 C:\Magang\Peluit\system\Model.php(239): CodeIgniter\Database\BaseBuilder->insert()
#6 C:\Magang\Peluit\system\BaseModel.php(738): CodeIgniter\Model->doInsert(Array)
#7 C:\Magang\Peluit\system\Model.php(620): CodeIgniter\BaseModel->insert(Array, true)
#8 C:\Magang\Peluit\app\Controllers\Form.php(251): CodeIgniter\Model->insert(Array)
#9 C:\Magang\Peluit\system\CodeIgniter.php(824): App\Controllers\Form->add_zoom()
#10 C:\Magang\Peluit\system\CodeIgniter.php(410): CodeIgniter\CodeIgniter->runController(Object(App\Controllers\Form))
#11 C:\Magang\Peluit\system\CodeIgniter.php(318): CodeIgniter\CodeIgniter->handleRequest(NULL, Object(Config\Cache), false)
#12 C:\Magang\Peluit\public\index.php(37): CodeIgniter\CodeIgniter->run()
#13 C:\Magang\Peluit\system\Commands\Server\rewrite.php(43): require_once('C:\\Magang\\Pelui...')
#14 {main}
CRITICAL - 2026-02-13 17:08:51 --> Uncaught CodeIgniter\Format\Exceptions\FormatException: Failed to parse json string, error: "Type is not supported". in C:\Magang\Peluit\system\Format\JSONFormatter.php:41
Stack trace:
#0 C:\Magang\Peluit\system\Format\JSONFormatter.php(41): CodeIgniter\Format\Exceptions\FormatException::forInvalidJSON('Type is not sup...')
#1 C:\Magang\Peluit\system\API\ResponseTrait.php(341): CodeIgniter\Format\JSONFormatter->format(Array)
#2 C:\Magang\Peluit\system\API\ResponseTrait.php(99): CodeIgniter\Debug\Exceptions->format(Array)
#3 C:\Magang\Peluit\system\Debug\Exceptions.php(110): CodeIgniter\Debug\Exceptions->respond(Array, 500)
#4 [internal function]: CodeIgniter\Debug\Exceptions->exceptionHandler(Object(ErrorException))
#5 {main}
  thrown
#0 [internal function]: CodeIgniter\Debug\Exceptions->shutdownHandler()
#1 {main}
