ERROR - 2026-02-14 01:10:27 --> ErrorException: pg_query(): Query failed: ERROR:  relation &quot;tb_tiket_alat&quot; does not exist
LINE 2: FROM &quot;tb_tiket_alat&quot;
             ^ in C:\Magang\Peluit\system\Database\Postgre\Connection.php:136
Stack trace:
#0 [internal function]: CodeIgniter\Debug\Exceptions->errorHandler(2, 'pg_query(): Que...', 'C:\\Magang\\Pelui...', 136, Array)
#1 C:\Magang\Peluit\system\Database\Postgre\Connection.php(136): pg_query(Resource id #155, 'SELECT *\nFROM "...')
#2 C:\Magang\Peluit\system\Database\BaseConnection.php(670): CodeIgniter\Database\Postgre\Connection->execute('SELECT *\nFROM "...')
#3 C:\Magang\Peluit\system\Database\BaseConnection.php(598): CodeIgniter\Database\BaseConnection->simpleQuery('SELECT *\nFROM "...')
#4 C:\Magang\Peluit\system\Database\BaseBuilder.php(1443): CodeIgniter\Database\BaseConnection->query('SELECT *\nFROM "...', Array, false)
#5 C:\Magang\Peluit\system\Model.php(210): CodeIgniter\Database\BaseBuilder->get()
#6 C:\Magang\Peluit\system\BaseModel.php(622): CodeIgniter\Model->doFirst()
#7 C:\Magang\Peluit\app\Controllers\Detail.php(346): CodeIgniter\BaseModel->first()
#8 C:\Magang\Peluit\system\CodeIgniter.php(824): App\Controllers\Detail->alat_page('74', 'CMKMBS8HUGE9EUX...')
#9 C:\Magang\Peluit\system\CodeIgniter.php(410): CodeIgniter\CodeIgniter->runController(Object(App\Controllers\Detail))
#10 C:\Magang\Peluit\system\CodeIgniter.php(318): CodeIgniter\CodeIgniter->handleRequest(NULL, Object(Config\Cache), false)
#11 C:\Magang\Peluit\public\index.php(37): CodeIgniter\CodeIgniter->run()
#12 C:\Magang\Peluit\system\Commands\Server\rewrite.php(43): require_once('C:\\Magang\\Pelui...')
#13 {main}
CRITICAL - 2026-02-14 01:10:27 --> pg_query(): Query failed: ERROR:  relation &quot;tb_tiket_alat&quot; does not exist
LINE 2: FROM &quot;tb_tiket_alat&quot;
             ^
#0 [internal function]: CodeIgniter\Debug\Exceptions->errorHandler(2, 'pg_query(): Que...', 'C:\\Magang\\Pelui...', 136, Array)
#1 C:\Magang\Peluit\system\Database\Postgre\Connection.php(136): pg_query(Resource id #155, 'SELECT *\nFROM "...')
#2 C:\Magang\Peluit\system\Database\BaseConnection.php(670): CodeIgniter\Database\Postgre\Connection->execute('SELECT *\nFROM "...')
#3 C:\Magang\Peluit\system\Database\BaseConnection.php(598): CodeIgniter\Database\BaseConnection->simpleQuery('SELECT *\nFROM "...')
#4 C:\Magang\Peluit\system\Database\BaseBuilder.php(1443): CodeIgniter\Database\BaseConnection->query('SELECT *\nFROM "...', Array, false)
#5 C:\Magang\Peluit\system\Model.php(210): CodeIgniter\Database\BaseBuilder->get()
#6 C:\Magang\Peluit\system\BaseModel.php(622): CodeIgniter\Model->doFirst()
#7 C:\Magang\Peluit\app\Controllers\Detail.php(346): CodeIgniter\BaseModel->first()
#8 C:\Magang\Peluit\system\CodeIgniter.php(824): App\Controllers\Detail->alat_page('74', 'CMKMBS8HUGE9EUX...')
#9 C:\Magang\Peluit\system\CodeIgniter.php(410): CodeIgniter\CodeIgniter->runController(Object(App\Controllers\Detail))
#10 C:\Magang\Peluit\system\CodeIgniter.php(318): CodeIgniter\CodeIgniter->handleRequest(NULL, Object(Config\Cache), false)
#11 C:\Magang\Peluit\public\index.php(37): CodeIgniter\CodeIgniter->run()
#12 C:\Magang\Peluit\system\Commands\Server\rewrite.php(43): require_once('C:\\Magang\\Pelui...')
#13 {main}
ERROR - 2026-02-14 01:20:17 --> ErrorException: pg_query(): Query failed: ERROR:  relation &quot;tb_tiket_alat&quot; does not exist
LINE 2: FROM &quot;tb_tiket_alat&quot;
             ^ in C:\Magang\Peluit\system\Database\Postgre\Connection.php:136
Stack trace:
#0 [internal function]: CodeIgniter\Debug\Exceptions->errorHandler(2, 'pg_query(): Que...', 'C:\\Magang\\Pelui...', 136, Array)
#1 C:\Magang\Peluit\system\Database\Postgre\Connection.php(136): pg_query(Resource id #156, 'SELECT *\nFROM "...')
#2 C:\Magang\Peluit\system\Database\BaseConnection.php(670): CodeIgniter\Database\Postgre\Connection->execute('SELECT *\nFROM "...')
#3 C:\Magang\Peluit\system\Database\BaseConnection.php(598): CodeIgniter\Database\BaseConnection->simpleQuery('SELECT *\nFROM "...')
#4 C:\Magang\Peluit\system\Database\BaseBuilder.php(1443): CodeIgniter\Database\BaseConnection->query('SELECT *\nFROM "...', Array, false)
#5 C:\Magang\Peluit\system\Model.php(210): CodeIgniter\Database\BaseBuilder->get()
#6 C:\Magang\Peluit\system\BaseModel.php(622): CodeIgniter\Model->doFirst()
#7 C:\Magang\Peluit\app\Controllers\Detail.php(346): CodeIgniter\BaseModel->first()
#8 C:\Magang\Peluit\system\CodeIgniter.php(824): App\Controllers\Detail->alat_page('74', 'CMKMBS8HUGE9EUX...')
#9 C:\Magang\Peluit\system\CodeIgniter.php(410): CodeIgniter\CodeIgniter->runController(Object(App\Controllers\Detail))
#10 C:\Magang\Peluit\system\CodeIgniter.php(318): CodeIgniter\CodeIgniter->handleRequest(NULL, Object(Config\Cache), false)
#11 C:\Magang\Peluit\public\index.php(37): CodeIgniter\CodeIgniter->run()
#12 C:\Magang\Peluit\system\Commands\Server\rewrite.php(43): require_once('C:\\Magang\\Pelui...')
#13 {main}
CRITICAL - 2026-02-14 01:20:17 --> pg_query(): Query failed: ERROR:  relation &quot;tb_tiket_alat&quot; does not exist
LINE 2: FROM &quot;tb_tiket_alat&quot;
             ^
#0 [internal function]: CodeIgniter\Debug\Exceptions->errorHandler(2, 'pg_query(): Que...', 'C:\\Magang\\Pelui...', 136, Array)
#1 C:\Magang\Peluit\system\Database\Postgre\Connection.php(136): pg_query(Resource id #156, 'SELECT *\nFROM "...')
#2 C:\Magang\Peluit\system\Database\BaseConnection.php(670): CodeIgniter\Database\Postgre\Connection->execute('SELECT *\nFROM "...')
#3 C:\Magang\Peluit\system\Database\BaseConnection.php(598): CodeIgniter\Database\BaseConnection->simpleQuery('SELECT *\nFROM "...')
#4 C:\Magang\Peluit\system\Database\BaseBuilder.php(1443): CodeIgniter\Database\BaseConnection->query('SELECT *\nFROM "...', Array, false)
#5 C:\Magang\Peluit\system\Model.php(210): CodeIgniter\Database\BaseBuilder->get()
#6 C:\Magang\Peluit\system\BaseModel.php(622): CodeIgniter\Model->doFirst()
#7 C:\Magang\Peluit\app\Controllers\Detail.php(346): CodeIgniter\BaseModel->first()
#8 C:\Magang\Peluit\system\CodeIgniter.php(824): App\Controllers\Detail->alat_page('74', 'CMKMBS8HUGE9EUX...')
#9 C:\Magang\Peluit\system\CodeIgniter.php(410): CodeIgniter\CodeIgniter->runController(Object(App\Controllers\Detail))
#10 C:\Magang\Peluit\system\CodeIgniter.php(318): CodeIgniter\CodeIgniter->handleRequest(NULL, Object(Config\Cache), false)
#11 C:\Magang\Peluit\public\index.php(37): CodeIgniter\CodeIgniter->run()
#12 C:\Magang\Peluit\system\Commands\Server\rewrite.php(43): require_once('C:\\Magang\\Pelui...')
#13 {main}
ERROR - 2026-02-14 01:20:22 --> ErrorException: pg_query(): Query failed: ERROR:  relation &quot;tb_tiket_alat&quot; does not exist
LINE 2: FROM &quot;tb_tiket_alat&quot;
             ^ in C:\Magang\Peluit\system\Database\Postgre\Connection.php:136
Stack trace:
#0 [internal function]: CodeIgniter\Debug\Exceptions->errorHandler(2, 'pg_query(): Que...', 'C:\\Magang\\Pelui...', 136, Array)
#1 C:\Magang\Peluit\system\Database\Postgre\Connection.php(136): pg_query(Resource id #155, 'SELECT *\nFROM "...')
#2 C:\Magang\Peluit\system\Database\BaseConnection.php(670): CodeIgniter\Database\Postgre\Connection->execute('SELECT *\nFROM "...')
#3 C:\Magang\Peluit\system\Database\BaseConnection.php(598): CodeIgniter\Database\BaseConnection->simpleQuery('SELECT *\nFROM "...')
#4 C:\Magang\Peluit\system\Database\BaseBuilder.php(1443): CodeIgniter\Database\BaseConnection->query('SELECT *\nFROM "...', Array, false)
#5 C:\Magang\Peluit\system\Model.php(210): CodeIgniter\Database\BaseBuilder->get()
#6 C:\Magang\Peluit\system\BaseModel.php(622): CodeIgniter\Model->doFirst()
#7 C:\Magang\Peluit\app\Controllers\Detail.php(346): CodeIgniter\BaseModel->first()
#8 C:\Magang\Peluit\system\CodeIgniter.php(824): App\Controllers\Detail->alat_page('74', 'CMKMBS8HUGE9EUX...')
#9 C:\Magang\Peluit\system\CodeIgniter.php(410): CodeIgniter\CodeIgniter->runController(Object(App\Controllers\Detail))
#10 C:\Magang\Peluit\system\CodeIgniter.php(318): CodeIgniter\CodeIgniter->handleRequest(NULL, Object(Config\Cache), false)
#11 C:\Magang\Peluit\public\index.php(37): CodeIgniter\CodeIgniter->run()
#12 C:\Magang\Peluit\system\Commands\Server\rewrite.php(43): require_once('C:\\Magang\\Pelui...')
#13 {main}
CRITICAL - 2026-02-14 01:20:22 --> pg_query(): Query failed: ERROR:  relation &quot;tb_tiket_alat&quot; does not exist
LINE 2: FROM &quot;tb_tiket_alat&quot;
             ^
#0 [internal function]: CodeIgniter\Debug\Exceptions->errorHandler(2, 'pg_query(): Que...', 'C:\\Magang\\Pelui...', 136, Array)
#1 C:\Magang\Peluit\system\Database\Postgre\Connection.php(136): pg_query(Resource id #155, 'SELECT *\nFROM "...')
#2 C:\Magang\Peluit\system\Database\BaseConnection.php(670): CodeIgniter\Database\Postgre\Connection->execute('SELECT *\nFROM "...')
#3 C:\Magang\Peluit\system\Database\BaseConnection.php(598): CodeIgniter\Database\BaseConnection->simpleQuery('SELECT *\nFROM "...')
#4 C:\Magang\Peluit\system\Database\BaseBuilder.php(1443): CodeIgniter\Database\BaseConnection->query('SELECT *\nFROM "...', Array, false)
#5 C:\Magang\Peluit\system\Model.php(210): CodeIgniter\Database\BaseBuilder->get()
#6 C:\Magang\Peluit\system\BaseModel.php(622): CodeIgniter\Model->doFirst()
#7 C:\Magang\Peluit\app\Controllers\Detail.php(346): CodeIgniter\BaseModel->first()
#8 C:\Magang\Peluit\system\CodeIgniter.php(824): App\Controllers\Detail->alat_page('74', 'CMKMBS8HUGE9EUX...')
#9 C:\Magang\Peluit\system\CodeIgniter.php(410): CodeIgniter\CodeIgniter->runController(Object(App\Controllers\Detail))
#10 C:\Magang\Peluit\system\CodeIgniter.php(318): CodeIgniter\CodeIgniter->handleRequest(NULL, Object(Config\Cache), false)
#11 C:\Magang\Peluit\public\index.php(37): CodeIgniter\CodeIgniter->run()
#12 C:\Magang\Peluit\system\Commands\Server\rewrite.php(43): require_once('C:\\Magang\\Pelui...')
#13 {main}
ERROR - 2026-02-14 01:20:35 --> ErrorException: pg_query(): Query failed: ERROR:  relation &quot;tb_tiket_alat&quot; does not exist
LINE 2: FROM &quot;tb_tiket_alat&quot;
             ^ in C:\Magang\Peluit\system\Database\Postgre\Connection.php:136
Stack trace:
#0 [internal function]: CodeIgniter\Debug\Exceptions->errorHandler(2, 'pg_query(): Que...', 'C:\\Magang\\Pelui...', 136, Array)
#1 C:\Magang\Peluit\system\Database\Postgre\Connection.php(136): pg_query(Resource id #155, 'SELECT *\nFROM "...')
#2 C:\Magang\Peluit\system\Database\BaseConnection.php(670): CodeIgniter\Database\Postgre\Connection->execute('SELECT *\nFROM "...')
#3 C:\Magang\Peluit\system\Database\BaseConnection.php(598): CodeIgniter\Database\BaseConnection->simpleQuery('SELECT *\nFROM "...')
#4 C:\Magang\Peluit\system\Database\BaseBuilder.php(1443): CodeIgniter\Database\BaseConnection->query('SELECT *\nFROM "...', Array, false)
#5 C:\Magang\Peluit\system\Model.php(210): CodeIgniter\Database\BaseBuilder->get()
#6 C:\Magang\Peluit\system\BaseModel.php(622): CodeIgniter\Model->doFirst()
#7 C:\Magang\Peluit\app\Controllers\Detail.php(346): CodeIgniter\BaseModel->first()
#8 C:\Magang\Peluit\system\CodeIgniter.php(824): App\Controllers\Detail->alat_page('74', 'CMKMBS8HUGE9EUX...')
#9 C:\Magang\Peluit\system\CodeIgniter.php(410): CodeIgniter\CodeIgniter->runController(Object(App\Controllers\Detail))
#10 C:\Magang\Peluit\system\CodeIgniter.php(318): CodeIgniter\CodeIgniter->handleRequest(NULL, Object(Config\Cache), false)
#11 C:\Magang\Peluit\public\index.php(37): CodeIgniter\CodeIgniter->run()
#12 C:\Magang\Peluit\system\Commands\Server\rewrite.php(43): require_once('C:\\Magang\\Pelui...')
#13 {main}
CRITICAL - 2026-02-14 01:20:35 --> pg_query(): Query failed: ERROR:  relation &quot;tb_tiket_alat&quot; does not exist
LINE 2: FROM &quot;tb_tiket_alat&quot;
             ^
#0 [internal function]: CodeIgniter\Debug\Exceptions->errorHandler(2, 'pg_query(): Que...', 'C:\\Magang\\Pelui...', 136, Array)
#1 C:\Magang\Peluit\system\Database\Postgre\Connection.php(136): pg_query(Resource id #155, 'SELECT *\nFROM "...')
#2 C:\Magang\Peluit\system\Database\BaseConnection.php(670): CodeIgniter\Database\Postgre\Connection->execute('SELECT *\nFROM "...')
#3 C:\Magang\Peluit\system\Database\BaseConnection.php(598): CodeIgniter\Database\BaseConnection->simpleQuery('SELECT *\nFROM "...')
#4 C:\Magang\Peluit\system\Database\BaseBuilder.php(1443): CodeIgniter\Database\BaseConnection->query('SELECT *\nFROM "...', Array, false)
#5 C:\Magang\Peluit\system\Model.php(210): CodeIgniter\Database\BaseBuilder->get()
#6 C:\Magang\Peluit\system\BaseModel.php(622): CodeIgniter\Model->doFirst()
#7 C:\Magang\Peluit\app\Controllers\Detail.php(346): CodeIgniter\BaseModel->first()
#8 C:\Magang\Peluit\system\CodeIgniter.php(824): App\Controllers\Detail->alat_page('74', 'CMKMBS8HUGE9EUX...')
#9 C:\Magang\Peluit\system\CodeIgniter.php(410): CodeIgniter\CodeIgniter->runController(Object(App\Controllers\Detail))
#10 C:\Magang\Peluit\system\CodeIgniter.php(318): CodeIgniter\CodeIgniter->handleRequest(NULL, Object(Config\Cache), false)
#11 C:\Magang\Peluit\public\index.php(37): CodeIgniter\CodeIgniter->run()
#12 C:\Magang\Peluit\system\Commands\Server\rewrite.php(43): require_once('C:\\Magang\\Pelui...')
#13 {main}
ERROR - 2026-02-14 01:21:41 --> ErrorException: pg_query(): Query failed: ERROR:  relation &quot;tb_tiket_alat&quot; does not exist
LINE 2: FROM &quot;tb_tiket_alat&quot;
             ^ in C:\Magang\Peluit\system\Database\Postgre\Connection.php:136
Stack trace:
#0 [internal function]: CodeIgniter\Debug\Exceptions->errorHandler(2, 'pg_query(): Que...', 'C:\\Magang\\Pelui...', 136, Array)
#1 C:\Magang\Peluit\system\Database\Postgre\Connection.php(136): pg_query(Resource id #155, 'SELECT *\nFROM "...')
#2 C:\Magang\Peluit\system\Database\BaseConnection.php(670): CodeIgniter\Database\Postgre\Connection->execute('SELECT *\nFROM "...')
#3 C:\Magang\Peluit\system\Database\BaseConnection.php(598): CodeIgniter\Database\BaseConnection->simpleQuery('SELECT *\nFROM "...')
#4 C:\Magang\Peluit\system\Database\BaseBuilder.php(1443): CodeIgniter\Database\BaseConnection->query('SELECT *\nFROM "...', Array, false)
#5 C:\Magang\Peluit\system\Model.php(210): CodeIgniter\Database\BaseBuilder->get()
#6 C:\Magang\Peluit\system\BaseModel.php(622): CodeIgniter\Model->doFirst()
#7 C:\Magang\Peluit\app\Controllers\Detail.php(346): CodeIgniter\BaseModel->first()
#8 C:\Magang\Peluit\system\CodeIgniter.php(824): App\Controllers\Detail->alat_page('74', 'CMKMBS8HUGE9EUX...')
#9 C:\Magang\Peluit\system\CodeIgniter.php(410): CodeIgniter\CodeIgniter->runController(Object(App\Controllers\Detail))
#10 C:\Magang\Peluit\system\CodeIgniter.php(318): CodeIgniter\CodeIgniter->handleRequest(NULL, Object(Config\Cache), false)
#11 C:\Magang\Peluit\public\index.php(37): CodeIgniter\CodeIgniter->run()
#12 C:\Magang\Peluit\system\Commands\Server\rewrite.php(43): require_once('C:\\Magang\\Pelui...')
#13 {main}
CRITICAL - 2026-02-14 01:21:41 --> pg_query(): Query failed: ERROR:  relation &quot;tb_tiket_alat&quot; does not exist
LINE 2: FROM &quot;tb_tiket_alat&quot;
             ^
#0 [internal function]: CodeIgniter\Debug\Exceptions->errorHandler(2, 'pg_query(): Que...', 'C:\\Magang\\Pelui...', 136, Array)
#1 C:\Magang\Peluit\system\Database\Postgre\Connection.php(136): pg_query(Resource id #155, 'SELECT *\nFROM "...')
#2 C:\Magang\Peluit\system\Database\BaseConnection.php(670): CodeIgniter\Database\Postgre\Connection->execute('SELECT *\nFROM "...')
#3 C:\Magang\Peluit\system\Database\BaseConnection.php(598): CodeIgniter\Database\BaseConnection->simpleQuery('SELECT *\nFROM "...')
#4 C:\Magang\Peluit\system\Database\BaseBuilder.php(1443): CodeIgniter\Database\BaseConnection->query('SELECT *\nFROM "...', Array, false)
#5 C:\Magang\Peluit\system\Model.php(210): CodeIgniter\Database\BaseBuilder->get()
#6 C:\Magang\Peluit\system\BaseModel.php(622): CodeIgniter\Model->doFirst()
#7 C:\Magang\Peluit\app\Controllers\Detail.php(346): CodeIgniter\BaseModel->first()
#8 C:\Magang\Peluit\system\CodeIgniter.php(824): App\Controllers\Detail->alat_page('74', 'CMKMBS8HUGE9EUX...')
#9 C:\Magang\Peluit\system\CodeIgniter.php(410): CodeIgniter\CodeIgniter->runController(Object(App\Controllers\Detail))
#10 C:\Magang\Peluit\system\CodeIgniter.php(318): CodeIgniter\CodeIgniter->handleRequest(NULL, Object(Config\Cache), false)
#11 C:\Magang\Peluit\public\index.php(37): CodeIgniter\CodeIgniter->run()
#12 C:\Magang\Peluit\system\Commands\Server\rewrite.php(43): require_once('C:\\Magang\\Pelui...')
#13 {main}
ERROR - 2026-02-14 01:21:46 --> ErrorException: pg_query(): Query failed: ERROR:  relation &quot;tb_tiket_alat&quot; does not exist
LINE 2: FROM &quot;tb_tiket_alat&quot;
             ^ in C:\Magang\Peluit\system\Database\Postgre\Connection.php:136
Stack trace:
#0 [internal function]: CodeIgniter\Debug\Exceptions->errorHandler(2, 'pg_query(): Que...', 'C:\\Magang\\Pelui...', 136, Array)
#1 C:\Magang\Peluit\system\Database\Postgre\Connection.php(136): pg_query(Resource id #155, 'SELECT *\nFROM "...')
#2 C:\Magang\Peluit\system\Database\BaseConnection.php(670): CodeIgniter\Database\Postgre\Connection->execute('SELECT *\nFROM "...')
#3 C:\Magang\Peluit\system\Database\BaseConnection.php(598): CodeIgniter\Database\BaseConnection->simpleQuery('SELECT *\nFROM "...')
#4 C:\Magang\Peluit\system\Database\BaseBuilder.php(1443): CodeIgniter\Database\BaseConnection->query('SELECT *\nFROM "...', Array, false)
#5 C:\Magang\Peluit\system\Model.php(210): CodeIgniter\Database\BaseBuilder->get()
#6 C:\Magang\Peluit\system\BaseModel.php(622): CodeIgniter\Model->doFirst()
#7 C:\Magang\Peluit\app\Controllers\Detail.php(346): CodeIgniter\BaseModel->first()
#8 C:\Magang\Peluit\system\CodeIgniter.php(824): App\Controllers\Detail->alat_page('74', 'CMKMBS8HUGE9EUX...')
#9 C:\Magang\Peluit\system\CodeIgniter.php(410): CodeIgniter\CodeIgniter->runController(Object(App\Controllers\Detail))
#10 C:\Magang\Peluit\system\CodeIgniter.php(318): CodeIgniter\CodeIgniter->handleRequest(NULL, Object(Config\Cache), false)
#11 C:\Magang\Peluit\public\index.php(37): CodeIgniter\CodeIgniter->run()
#12 C:\Magang\Peluit\system\Commands\Server\rewrite.php(43): require_once('C:\\Magang\\Pelui...')
#13 {main}
CRITICAL - 2026-02-14 01:21:46 --> pg_query(): Query failed: ERROR:  relation &quot;tb_tiket_alat&quot; does not exist
LINE 2: FROM &quot;tb_tiket_alat&quot;
             ^
#0 [internal function]: CodeIgniter\Debug\Exceptions->errorHandler(2, 'pg_query(): Que...', 'C:\\Magang\\Pelui...', 136, Array)
#1 C:\Magang\Peluit\system\Database\Postgre\Connection.php(136): pg_query(Resource id #155, 'SELECT *\nFROM "...')
#2 C:\Magang\Peluit\system\Database\BaseConnection.php(670): CodeIgniter\Database\Postgre\Connection->execute('SELECT *\nFROM "...')
#3 C:\Magang\Peluit\system\Database\BaseConnection.php(598): CodeIgniter\Database\BaseConnection->simpleQuery('SELECT *\nFROM "...')
#4 C:\Magang\Peluit\system\Database\BaseBuilder.php(1443): CodeIgniter\Database\BaseConnection->query('SELECT *\nFROM "...', Array, false)
#5 C:\Magang\Peluit\system\Model.php(210): CodeIgniter\Database\BaseBuilder->get()
#6 C:\Magang\Peluit\system\BaseModel.php(622): CodeIgniter\Model->doFirst()
#7 C:\Magang\Peluit\app\Controllers\Detail.php(346): CodeIgniter\BaseModel->first()
#8 C:\Magang\Peluit\system\CodeIgniter.php(824): App\Controllers\Detail->alat_page('74', 'CMKMBS8HUGE9EUX...')
#9 C:\Magang\Peluit\system\CodeIgniter.php(410): CodeIgniter\CodeIgniter->runController(Object(App\Controllers\Detail))
#10 C:\Magang\Peluit\system\CodeIgniter.php(318): CodeIgniter\CodeIgniter->handleRequest(NULL, Object(Config\Cache), false)
#11 C:\Magang\Peluit\public\index.php(37): CodeIgniter\CodeIgniter->run()
#12 C:\Magang\Peluit\system\Commands\Server\rewrite.php(43): require_once('C:\\Magang\\Pelui...')
#13 {main}
ERROR - 2026-02-14 01:21:55 --> ErrorException: pg_query(): Query failed: ERROR:  relation &quot;tb_tiket_alat&quot; does not exist
LINE 2: FROM &quot;tb_tiket_alat&quot;
             ^ in C:\Magang\Peluit\system\Database\Postgre\Connection.php:136
Stack trace:
#0 [internal function]: CodeIgniter\Debug\Exceptions->errorHandler(2, 'pg_query(): Que...', 'C:\\Magang\\Pelui...', 136, Array)
#1 C:\Magang\Peluit\system\Database\Postgre\Connection.php(136): pg_query(Resource id #155, 'SELECT *\nFROM "...')
#2 C:\Magang\Peluit\system\Database\BaseConnection.php(670): CodeIgniter\Database\Postgre\Connection->execute('SELECT *\nFROM "...')
#3 C:\Magang\Peluit\system\Database\BaseConnection.php(598): CodeIgniter\Database\BaseConnection->simpleQuery('SELECT *\nFROM "...')
#4 C:\Magang\Peluit\system\Database\BaseBuilder.php(1443): CodeIgniter\Database\BaseConnection->query('SELECT *\nFROM "...', Array, false)
#5 C:\Magang\Peluit\system\Model.php(210): CodeIgniter\Database\BaseBuilder->get()
#6 C:\Magang\Peluit\system\BaseModel.php(622): CodeIgniter\Model->doFirst()
#7 C:\Magang\Peluit\app\Controllers\Detail.php(346): CodeIgniter\BaseModel->first()
#8 C:\Magang\Peluit\system\CodeIgniter.php(824): App\Controllers\Detail->alat_page('74', 'CMKMBS8HUGE9EUX...')
#9 C:\Magang\Peluit\system\CodeIgniter.php(410): CodeIgniter\CodeIgniter->runController(Object(App\Controllers\Detail))
#10 C:\Magang\Peluit\system\CodeIgniter.php(318): CodeIgniter\CodeIgniter->handleRequest(NULL, Object(Config\Cache), false)
#11 C:\Magang\Peluit\public\index.php(37): CodeIgniter\CodeIgniter->run()
#12 C:\Magang\Peluit\system\Commands\Server\rewrite.php(43): require_once('C:\\Magang\\Pelui...')
#13 {main}
CRITICAL - 2026-02-14 01:21:55 --> pg_query(): Query failed: ERROR:  relation &quot;tb_tiket_alat&quot; does not exist
LINE 2: FROM &quot;tb_tiket_alat&quot;
             ^
#0 [internal function]: CodeIgniter\Debug\Exceptions->errorHandler(2, 'pg_query(): Que...', 'C:\\Magang\\Pelui...', 136, Array)
#1 C:\Magang\Peluit\system\Database\Postgre\Connection.php(136): pg_query(Resource id #155, 'SELECT *\nFROM "...')
#2 C:\Magang\Peluit\system\Database\BaseConnection.php(670): CodeIgniter\Database\Postgre\Connection->execute('SELECT *\nFROM "...')
#3 C:\Magang\Peluit\system\Database\BaseConnection.php(598): CodeIgniter\Database\BaseConnection->simpleQuery('SELECT *\nFROM "...')
#4 C:\Magang\Peluit\system\Database\BaseBuilder.php(1443): CodeIgniter\Database\BaseConnection->query('SELECT *\nFROM "...', Array, false)
#5 C:\Magang\Peluit\system\Model.php(210): CodeIgniter\Database\BaseBuilder->get()
#6 C:\Magang\Peluit\system\BaseModel.php(622): CodeIgniter\Model->doFirst()
#7 C:\Magang\Peluit\app\Controllers\Detail.php(346): CodeIgniter\BaseModel->first()
#8 C:\Magang\Peluit\system\CodeIgniter.php(824): App\Controllers\Detail->alat_page('74', 'CMKMBS8HUGE9EUX...')
#9 C:\Magang\Peluit\system\CodeIgniter.php(410): CodeIgniter\CodeIgniter->runController(Object(App\Controllers\Detail))
#10 C:\Magang\Peluit\system\CodeIgniter.php(318): CodeIgniter\CodeIgniter->handleRequest(NULL, Object(Config\Cache), false)
#11 C:\Magang\Peluit\public\index.php(37): CodeIgniter\CodeIgniter->run()
#12 C:\Magang\Peluit\system\Commands\Server\rewrite.php(43): require_once('C:\\Magang\\Pelui...')
#13 {main}
CRITICAL - 2026-02-14 01:42:30 --> Trying to access array offset on value of type null
#0 C:\Magang\Peluit\app\Controllers\Detail.php(87): CodeIgniter\Debug\Exceptions->errorHandler(8, 'Trying to acces...', 'C:\\Magang\\Pelui...', 87, Array)
#1 C:\Magang\Peluit\system\CodeIgniter.php(824): App\Controllers\Detail->aula_page('60', '40Q9H3MDBP3MBXS...')
#2 C:\Magang\Peluit\system\CodeIgniter.php(410): CodeIgniter\CodeIgniter->runController(Object(App\Controllers\Detail))
#3 C:\Magang\Peluit\system\CodeIgniter.php(318): CodeIgniter\CodeIgniter->handleRequest(NULL, Object(Config\Cache), false)
#4 C:\Magang\Peluit\public\index.php(37): CodeIgniter\CodeIgniter->run()
#5 C:\Magang\Peluit\system\Commands\Server\rewrite.php(43): require_once('C:\\Magang\\Pelui...')
#6 {main}
CRITICAL - 2026-02-14 01:44:28 --> Trying to access array offset on value of type null
#0 C:\Magang\Peluit\app\Controllers\Detail.php(353): CodeIgniter\Debug\Exceptions->errorHandler(8, 'Trying to acces...', 'C:\\Magang\\Pelui...', 353, Array)
#1 C:\Magang\Peluit\system\CodeIgniter.php(824): App\Controllers\Detail->alat_page('74', 'CMKMBS8HUGE9EUX...')
#2 C:\Magang\Peluit\system\CodeIgniter.php(410): CodeIgniter\CodeIgniter->runController(Object(App\Controllers\Detail))
#3 C:\Magang\Peluit\system\CodeIgniter.php(318): CodeIgniter\CodeIgniter->handleRequest(NULL, Object(Config\Cache), false)
#4 C:\Magang\Peluit\public\index.php(37): CodeIgniter\CodeIgniter->run()
#5 C:\Magang\Peluit\system\Commands\Server\rewrite.php(43): require_once('C:\\Magang\\Pelui...')
#6 {main}
CRITICAL - 2026-02-14 01:44:51 --> Trying to access array offset on value of type null
#0 C:\Magang\Peluit\app\Controllers\Detail.php(356): CodeIgniter\Debug\Exceptions->errorHandler(8, 'Trying to acces...', 'C:\\Magang\\Pelui...', 356, Array)
#1 C:\Magang\Peluit\system\CodeIgniter.php(824): App\Controllers\Detail->alat_page('74', 'CMKMBS8HUGE9EUX...')
#2 C:\Magang\Peluit\system\CodeIgniter.php(410): CodeIgniter\CodeIgniter->runController(Object(App\Controllers\Detail))
#3 C:\Magang\Peluit\system\CodeIgniter.php(318): CodeIgniter\CodeIgniter->handleRequest(NULL, Object(Config\Cache), false)
#4 C:\Magang\Peluit\public\index.php(37): CodeIgniter\CodeIgniter->run()
#5 C:\Magang\Peluit\system\Commands\Server\rewrite.php(43): require_once('C:\\Magang\\Pelui...')
#6 {main}
CRITICAL - 2026-02-14 01:44:58 --> Trying to access array offset on value of type null
#0 C:\Magang\Peluit\app\Controllers\Detail.php(356): CodeIgniter\Debug\Exceptions->errorHandler(8, 'Trying to acces...', 'C:\\Magang\\Pelui...', 356, Array)
#1 C:\Magang\Peluit\system\CodeIgniter.php(824): App\Controllers\Detail->alat_page('74', 'CMKMBS8HUGE9EUX...')
#2 C:\Magang\Peluit\system\CodeIgniter.php(410): CodeIgniter\CodeIgniter->runController(Object(App\Controllers\Detail))
#3 C:\Magang\Peluit\system\CodeIgniter.php(318): CodeIgniter\CodeIgniter->handleRequest(NULL, Object(Config\Cache), false)
#4 C:\Magang\Peluit\public\index.php(37): CodeIgniter\CodeIgniter->run()
#5 C:\Magang\Peluit\system\Commands\Server\rewrite.php(43): require_once('C:\\Magang\\Pelui...')
#6 {main}
CRITICAL - 2026-02-14 01:45:47 --> Trying to access array offset on value of type null
#0 C:\Magang\Peluit\app\Controllers\Detail.php(353): CodeIgniter\Debug\Exceptions->errorHandler(8, 'Trying to acces...', 'C:\\Magang\\Pelui...', 353, Array)
#1 C:\Magang\Peluit\system\CodeIgniter.php(824): App\Controllers\Detail->alat_page('74', 'CMKMBS8HUGE9EUX...')
#2 C:\Magang\Peluit\system\CodeIgniter.php(410): CodeIgniter\CodeIgniter->runController(Object(App\Controllers\Detail))
#3 C:\Magang\Peluit\system\CodeIgniter.php(318): CodeIgniter\CodeIgniter->handleRequest(NULL, Object(Config\Cache), false)
#4 C:\Magang\Peluit\public\index.php(37): CodeIgniter\CodeIgniter->run()
#5 C:\Magang\Peluit\system\Commands\Server\rewrite.php(43): require_once('C:\\Magang\\Pelui...')
#6 {main}
CRITICAL - 2026-02-14 01:45:52 --> Trying to access array offset on value of type null
#0 C:\Magang\Peluit\app\Controllers\Detail.php(353): CodeIgniter\Debug\Exceptions->errorHandler(8, 'Trying to acces...', 'C:\\Magang\\Pelui...', 353, Array)
#1 C:\Magang\Peluit\system\CodeIgniter.php(824): App\Controllers\Detail->alat_page('74', 'CMKMBS8HUGE9EUX...')
#2 C:\Magang\Peluit\system\CodeIgniter.php(410): CodeIgniter\CodeIgniter->runController(Object(App\Controllers\Detail))
#3 C:\Magang\Peluit\system\CodeIgniter.php(318): CodeIgniter\CodeIgniter->handleRequest(NULL, Object(Config\Cache), false)
#4 C:\Magang\Peluit\public\index.php(37): CodeIgniter\CodeIgniter->run()
#5 C:\Magang\Peluit\system\Commands\Server\rewrite.php(43): require_once('C:\\Magang\\Pelui...')
#6 {main}
ERROR - 2026-02-14 01:47:38 --> ErrorException: pg_query(): Query failed: ERROR:  column &quot;nama_acara&quot; of relation &quot;tb_tiket_alat&quot; does not exist
LINE 1: INSERT INTO &quot;tb_tiket_alat&quot; (&quot;id_tiket&quot;, &quot;nama_acara&quot;, &quot;tgl_...
                                                 ^ in C:\Magang\Peluit\system\Database\Postgre\Connection.php:136
Stack trace:
#0 [internal function]: CodeIgniter\Debug\Exceptions->errorHandler(2, 'pg_query(): Que...', 'C:\\Magang\\Pelui...', 136, Array)
#1 C:\Magang\Peluit\system\Database\Postgre\Connection.php(136): pg_query(Resource id #156, 'INSERT INTO "tb...')
#2 C:\Magang\Peluit\system\Database\BaseConnection.php(670): CodeIgniter\Database\Postgre\Connection->execute('INSERT INTO "tb...')
#3 C:\Magang\Peluit\system\Database\BaseConnection.php(598): CodeIgniter\Database\BaseConnection->simpleQuery('INSERT INTO "tb...')
#4 C:\Magang\Peluit\system\Database\BaseBuilder.php(1759): CodeIgniter\Database\BaseConnection->query('INSERT INTO "tb...', Array, false)
#5 C:\Magang\Peluit\system\Model.php(239): CodeIgniter\Database\BaseBuilder->insert()
#6 C:\Magang\Peluit\system\BaseModel.php(738): CodeIgniter\Model->doInsert(Array)
#7 C:\Magang\Peluit\system\Model.php(620): CodeIgniter\BaseModel->insert(Array, true)
#8 C:\Magang\Peluit\app\Controllers\Form.php(251): CodeIgniter\Model->insert(Array)
#9 C:\Magang\Peluit\system\CodeIgniter.php(824): App\Controllers\Form->add_zoom()
#10 C:\Magang\Peluit\system\CodeIgniter.php(410): CodeIgniter\CodeIgniter->runController(Object(App\Controllers\Form))
#11 C:\Magang\Peluit\system\CodeIgniter.php(318): CodeIgniter\CodeIgniter->handleRequest(NULL, Object(Config\Cache), false)
#12 C:\Magang\Peluit\public\index.php(37): CodeIgniter\CodeIgniter->run()
#13 C:\Magang\Peluit\system\Commands\Server\rewrite.php(43): require_once('C:\\Magang\\Pelui...')
#14 {main}
CRITICAL - 2026-02-14 01:47:38 --> pg_query(): Query failed: ERROR:  column &quot;nama_acara&quot; of relation &quot;tb_tiket_alat&quot; does not exist
LINE 1: INSERT INTO &quot;tb_tiket_alat&quot; (&quot;id_tiket&quot;, &quot;nama_acara&quot;, &quot;tgl_...
                                                 ^
#0 [internal function]: CodeIgniter\Debug\Exceptions->errorHandler(2, 'pg_query(): Que...', 'C:\\Magang\\Pelui...', 136, Array)
#1 C:\Magang\Peluit\system\Database\Postgre\Connection.php(136): pg_query(Resource id #156, 'INSERT INTO "tb...')
#2 C:\Magang\Peluit\system\Database\BaseConnection.php(670): CodeIgniter\Database\Postgre\Connection->execute('INSERT INTO "tb...')
#3 C:\Magang\Peluit\system\Database\BaseConnection.php(598): CodeIgniter\Database\BaseConnection->simpleQuery('INSERT INTO "tb...')
#4 C:\Magang\Peluit\system\Database\BaseBuilder.php(1759): CodeIgniter\Database\BaseConnection->query('INSERT INTO "tb...', Array, false)
#5 C:\Magang\Peluit\system\Model.php(239): CodeIgniter\Database\BaseBuilder->insert()
#6 C:\Magang\Peluit\system\BaseModel.php(738): CodeIgniter\Model->doInsert(Array)
#7 C:\Magang\Peluit\system\Model.php(620): CodeIgniter\BaseModel->insert(Array, true)
#8 C:\Magang\Peluit\app\Controllers\Form.php(251): CodeIgniter\Model->insert(Array)
#9 C:\Magang\Peluit\system\CodeIgniter.php(824): App\Controllers\Form->add_zoom()
#10 C:\Magang\Peluit\system\CodeIgniter.php(410): CodeIgniter\CodeIgniter->runController(Object(App\Controllers\Form))
#11 C:\Magang\Peluit\system\CodeIgniter.php(318): CodeIgniter\CodeIgniter->handleRequest(NULL, Object(Config\Cache), false)
#12 C:\Magang\Peluit\public\index.php(37): CodeIgniter\CodeIgniter->run()
#13 C:\Magang\Peluit\system\Commands\Server\rewrite.php(43): require_once('C:\\Magang\\Pelui...')
#14 {main}
CRITICAL - 2026-02-14 01:47:38 --> Uncaught CodeIgniter\Format\Exceptions\FormatException: Failed to parse json string, error: "Type is not supported". in C:\Magang\Peluit\system\Format\JSONFormatter.php:41
Stack trace:
#0 C:\Magang\Peluit\system\Format\JSONFormatter.php(41): CodeIgniter\Format\Exceptions\FormatException::forInvalidJSON('Type is not sup...')
#1 C:\Magang\Peluit\system\API\ResponseTrait.php(341): CodeIgniter\Format\JSONFormatter->format(Array)
#2 C:\Magang\Peluit\system\API\ResponseTrait.php(99): CodeIgniter\Debug\Exceptions->format(Array)
#3 C:\Magang\Peluit\system\Debug\Exceptions.php(110): CodeIgniter\Debug\Exceptions->respond(Array, 500)
#4 [internal function]: CodeIgniter\Debug\Exceptions->exceptionHandler(Object(ErrorException))
#5 {main}
  thrown
#0 [internal function]: CodeIgniter\Debug\Exceptions->shutdownHandler()
#1 {main}
CRITICAL - 2026-02-14 01:58:39 --> Trying to access array offset on value of type null
#0 C:\Magang\Peluit\app\Controllers\Detail.php(353): CodeIgniter\Debug\Exceptions->errorHandler(8, 'Trying to acces...', 'C:\\Magang\\Pelui...', 353, Array)
#1 C:\Magang\Peluit\system\CodeIgniter.php(824): App\Controllers\Detail->alat_page('77', '7WP02HZ9BNLH93J...')
#2 C:\Magang\Peluit\system\CodeIgniter.php(410): CodeIgniter\CodeIgniter->runController(Object(App\Controllers\Detail))
#3 C:\Magang\Peluit\system\CodeIgniter.php(318): CodeIgniter\CodeIgniter->handleRequest(NULL, Object(Config\Cache), false)
#4 C:\Magang\Peluit\public\index.php(37): CodeIgniter\CodeIgniter->run()
#5 C:\Magang\Peluit\system\Commands\Server\rewrite.php(43): require_once('C:\\Magang\\Pelui...')
#6 {main}
CRITICAL - 2026-02-14 02:00:00 --> Trying to access array offset on value of type null
#0 C:\Magang\Peluit\app\Controllers\Detail.php(356): CodeIgniter\Debug\Exceptions->errorHandler(8, 'Trying to acces...', 'C:\\Magang\\Pelui...', 356, Array)
#1 C:\Magang\Peluit\system\CodeIgniter.php(824): App\Controllers\Detail->alat_page('77', '7WP02HZ9BNLH93J...')
#2 C:\Magang\Peluit\system\CodeIgniter.php(410): CodeIgniter\CodeIgniter->runController(Object(App\Controllers\Detail))
#3 C:\Magang\Peluit\system\CodeIgniter.php(318): CodeIgniter\CodeIgniter->handleRequest(NULL, Object(Config\Cache), false)
#4 C:\Magang\Peluit\public\index.php(37): CodeIgniter\CodeIgniter->run()
#5 C:\Magang\Peluit\system\Commands\Server\rewrite.php(43): require_once('C:\\Magang\\Pelui...')
#6 {main}
CRITICAL - 2026-02-14 02:02:33 --> Trying to access array offset on value of type null
#0 C:\Magang\Peluit\app\Controllers\Detail.php(356): CodeIgniter\Debug\Exceptions->errorHandler(8, 'Trying to acces...', 'C:\\Magang\\Pelui...', 356, Array)
#1 C:\Magang\Peluit\system\CodeIgniter.php(824): App\Controllers\Detail->alat_page('77', '7WP02HZ9BNLH93J...')
#2 C:\Magang\Peluit\system\CodeIgniter.php(410): CodeIgniter\CodeIgniter->runController(Object(App\Controllers\Detail))
#3 C:\Magang\Peluit\system\CodeIgniter.php(318): CodeIgniter\CodeIgniter->handleRequest(NULL, Object(Config\Cache), false)
#4 C:\Magang\Peluit\public\index.php(37): CodeIgniter\CodeIgniter->run()
#5 C:\Magang\Peluit\system\Commands\Server\rewrite.php(43): require_once('C:\\Magang\\Pelui...')
#6 {main}
CRITICAL - 2026-02-14 02:32:30 --> Trying to access array offset on value of type null
#0 C:\Magang\Peluit\app\Controllers\Detail.php(55): CodeIgniter\Debug\Exceptions->errorHandler(8, 'Trying to acces...', 'C:\\Magang\\Pelui...', 55, Array)
#1 C:\Magang\Peluit\system\CodeIgniter.php(824): App\Controllers\Detail->zoom_page('77', '7WP02HZ9BNLH93J...')
#2 C:\Magang\Peluit\system\CodeIgniter.php(410): CodeIgniter\CodeIgniter->runController(Object(App\Controllers\Detail))
#3 C:\Magang\Peluit\system\CodeIgniter.php(318): CodeIgniter\CodeIgniter->handleRequest(NULL, Object(Config\Cache), false)
#4 C:\Magang\Peluit\public\index.php(37): CodeIgniter\CodeIgniter->run()
#5 C:\Magang\Peluit\system\Commands\Server\rewrite.php(43): require_once('C:\\Magang\\Pelui...')
#6 {main}
CRITICAL - 2026-02-14 02:33:19 --> Trying to access array offset on value of type null
#0 C:\Magang\Peluit\app\Controllers\Detail.php(55): CodeIgniter\Debug\Exceptions->errorHandler(8, 'Trying to acces...', 'C:\\Magang\\Pelui...', 55, Array)
#1 C:\Magang\Peluit\system\CodeIgniter.php(824): App\Controllers\Detail->zoom_page('77', '7WP02HZ9BNLH93J...')
#2 C:\Magang\Peluit\system\CodeIgniter.php(410): CodeIgniter\CodeIgniter->runController(Object(App\Controllers\Detail))
#3 C:\Magang\Peluit\system\CodeIgniter.php(318): CodeIgniter\CodeIgniter->handleRequest(NULL, Object(Config\Cache), false)
#4 C:\Magang\Peluit\public\index.php(37): CodeIgniter\CodeIgniter->run()
#5 C:\Magang\Peluit\system\Commands\Server\rewrite.php(43): require_once('C:\\Magang\\Pelui...')
#6 {main}
ERROR - 2026-02-14 15:17:39 --> ErrorException: pg_query(): Query failed: ERROR:  relation &quot;tb_tiket_subdomain&quot; does not exist
LINE 1: INSERT INTO &quot;tb_tiket_subdomain&quot; (&quot;id_tiket&quot;, &quot;nama_subdomai...
                    ^ in C:\Magang\Peluit\system\Database\Postgre\Connection.php:136
Stack trace:
#0 [internal function]: CodeIgniter\Debug\Exceptions->errorHandler(2, 'pg_query(): Que...', 'C:\\Magang\\Pelui...', 136, Array)
#1 C:\Magang\Peluit\system\Database\Postgre\Connection.php(136): pg_query(Resource id #156, 'INSERT INTO "tb...')
#2 C:\Magang\Peluit\system\Database\BaseConnection.php(670): CodeIgniter\Database\Postgre\Connection->execute('INSERT INTO "tb...')
#3 C:\Magang\Peluit\system\Database\BaseConnection.php(598): CodeIgniter\Database\BaseConnection->simpleQuery('INSERT INTO "tb...')
#4 C:\Magang\Peluit\system\Database\BaseBuilder.php(1759): CodeIgniter\Database\BaseConnection->query('INSERT INTO "tb...', Array, false)
#5 C:\Magang\Peluit\system\Model.php(239): CodeIgniter\Database\BaseBuilder->insert()
#6 C:\Magang\Peluit\system\BaseModel.php(738): CodeIgniter\Model->doInsert(Array)
#7 C:\Magang\Peluit\system\Model.php(620): CodeIgniter\BaseModel->insert(Array, true)
#8 C:\Magang\Peluit\app\Controllers\Form.php(585): CodeIgniter\Model->insert(Array)
#9 C:\Magang\Peluit\system\CodeIgniter.php(824): App\Controllers\Form->add_subdomain()
#10 C:\Magang\Peluit\system\CodeIgniter.php(410): CodeIgniter\CodeIgniter->runController(Object(App\Controllers\Form))
#11 C:\Magang\Peluit\system\CodeIgniter.php(318): CodeIgniter\CodeIgniter->handleRequest(NULL, Object(Config\Cache), false)
#12 C:\Magang\Peluit\public\index.php(37): CodeIgniter\CodeIgniter->run()
#13 C:\Magang\Peluit\system\Commands\Server\rewrite.php(43): require_once('C:\\Magang\\Pelui...')
#14 {main}
CRITICAL - 2026-02-14 15:17:39 --> pg_query(): Query failed: ERROR:  relation &quot;tb_tiket_subdomain&quot; does not exist
LINE 1: INSERT INTO &quot;tb_tiket_subdomain&quot; (&quot;id_tiket&quot;, &quot;nama_subdomai...
                    ^
#0 [internal function]: CodeIgniter\Debug\Exceptions->errorHandler(2, 'pg_query(): Que...', 'C:\\Magang\\Pelui...', 136, Array)
#1 C:\Magang\Peluit\system\Database\Postgre\Connection.php(136): pg_query(Resource id #156, 'INSERT INTO "tb...')
#2 C:\Magang\Peluit\system\Database\BaseConnection.php(670): CodeIgniter\Database\Postgre\Connection->execute('INSERT INTO "tb...')
#3 C:\Magang\Peluit\system\Database\BaseConnection.php(598): CodeIgniter\Database\BaseConnection->simpleQuery('INSERT INTO "tb...')
#4 C:\Magang\Peluit\system\Database\BaseBuilder.php(1759): CodeIgniter\Database\BaseConnection->query('INSERT INTO "tb...', Array, false)
#5 C:\Magang\Peluit\system\Model.php(239): CodeIgniter\Database\BaseBuilder->insert()
#6 C:\Magang\Peluit\system\BaseModel.php(738): CodeIgniter\Model->doInsert(Array)
#7 C:\Magang\Peluit\system\Model.php(620): CodeIgniter\BaseModel->insert(Array, true)
#8 C:\Magang\Peluit\app\Controllers\Form.php(585): CodeIgniter\Model->insert(Array)
#9 C:\Magang\Peluit\system\CodeIgniter.php(824): App\Controllers\Form->add_subdomain()
#10 C:\Magang\Peluit\system\CodeIgniter.php(410): CodeIgniter\CodeIgniter->runController(Object(App\Controllers\Form))
#11 C:\Magang\Peluit\system\CodeIgniter.php(318): CodeIgniter\CodeIgniter->handleRequest(NULL, Object(Config\Cache), false)
#12 C:\Magang\Peluit\public\index.php(37): CodeIgniter\CodeIgniter->run()
#13 C:\Magang\Peluit\system\Commands\Server\rewrite.php(43): require_once('C:\\Magang\\Pelui...')
#14 {main}
CRITICAL - 2026-02-14 15:17:40 --> Uncaught CodeIgniter\Format\Exceptions\FormatException: Failed to parse json string, error: "Type is not supported". in C:\Magang\Peluit\system\Format\JSONFormatter.php:41
Stack trace:
#0 C:\Magang\Peluit\system\Format\JSONFormatter.php(41): CodeIgniter\Format\Exceptions\FormatException::forInvalidJSON('Type is not sup...')
#1 C:\Magang\Peluit\system\API\ResponseTrait.php(341): CodeIgniter\Format\JSONFormatter->format(Array)
#2 C:\Magang\Peluit\system\API\ResponseTrait.php(99): CodeIgniter\Debug\Exceptions->format(Array)
#3 C:\Magang\Peluit\system\Debug\Exceptions.php(110): CodeIgniter\Debug\Exceptions->respond(Array, 500)
#4 [internal function]: CodeIgniter\Debug\Exceptions->exceptionHandler(Object(ErrorException))
#5 {main}
  thrown
#0 [internal function]: CodeIgniter\Debug\Exceptions->shutdownHandler()
#1 {main}
ERROR - 2026-02-14 15:24:40 --> ErrorException: pg_query(): Query failed: ERROR:  relation &quot;tb_tiket_subdomain&quot; does not exist
LINE 2: FROM &quot;tb_tiket_subdomain&quot;
             ^ in C:\Magang\Peluit\system\Database\Postgre\Connection.php:136
Stack trace:
#0 [internal function]: CodeIgniter\Debug\Exceptions->errorHandler(2, 'pg_query(): Que...', 'C:\\Magang\\Pelui...', 136, Array)
#1 C:\Magang\Peluit\system\Database\Postgre\Connection.php(136): pg_query(Resource id #155, 'SELECT *\nFROM "...')
#2 C:\Magang\Peluit\system\Database\BaseConnection.php(670): CodeIgniter\Database\Postgre\Connection->execute('SELECT *\nFROM "...')
#3 C:\Magang\Peluit\system\Database\BaseConnection.php(598): CodeIgniter\Database\BaseConnection->simpleQuery('SELECT *\nFROM "...')
#4 C:\Magang\Peluit\system\Database\BaseBuilder.php(1443): CodeIgniter\Database\BaseConnection->query('SELECT *\nFROM "...', Array, false)
#5 C:\Magang\Peluit\system\Model.php(210): CodeIgniter\Database\BaseBuilder->get()
#6 C:\Magang\Peluit\system\BaseModel.php(622): CodeIgniter\Model->doFirst()
#7 C:\Magang\Peluit\app\Controllers\Detail.php(97): CodeIgniter\BaseModel->first()
#8 C:\Magang\Peluit\system\CodeIgniter.php(824): App\Controllers\Detail->subdomain_page('86', '4ZCKY57NAG5PP9J...')
#9 C:\Magang\Peluit\system\CodeIgniter.php(410): CodeIgniter\CodeIgniter->runController(Object(App\Controllers\Detail))
#10 C:\Magang\Peluit\system\CodeIgniter.php(318): CodeIgniter\CodeIgniter->handleRequest(NULL, Object(Config\Cache), false)
#11 C:\Magang\Peluit\public\index.php(37): CodeIgniter\CodeIgniter->run()
#12 C:\Magang\Peluit\system\Commands\Server\rewrite.php(43): require_once('C:\\Magang\\Pelui...')
#13 {main}
CRITICAL - 2026-02-14 15:24:40 --> pg_query(): Query failed: ERROR:  relation &quot;tb_tiket_subdomain&quot; does not exist
LINE 2: FROM &quot;tb_tiket_subdomain&quot;
             ^
#0 [internal function]: CodeIgniter\Debug\Exceptions->errorHandler(2, 'pg_query(): Que...', 'C:\\Magang\\Pelui...', 136, Array)
#1 C:\Magang\Peluit\system\Database\Postgre\Connection.php(136): pg_query(Resource id #155, 'SELECT *\nFROM "...')
#2 C:\Magang\Peluit\system\Database\BaseConnection.php(670): CodeIgniter\Database\Postgre\Connection->execute('SELECT *\nFROM "...')
#3 C:\Magang\Peluit\system\Database\BaseConnection.php(598): CodeIgniter\Database\BaseConnection->simpleQuery('SELECT *\nFROM "...')
#4 C:\Magang\Peluit\system\Database\BaseBuilder.php(1443): CodeIgniter\Database\BaseConnection->query('SELECT *\nFROM "...', Array, false)
#5 C:\Magang\Peluit\system\Model.php(210): CodeIgniter\Database\BaseBuilder->get()
#6 C:\Magang\Peluit\system\BaseModel.php(622): CodeIgniter\Model->doFirst()
#7 C:\Magang\Peluit\app\Controllers\Detail.php(97): CodeIgniter\BaseModel->first()
#8 C:\Magang\Peluit\system\CodeIgniter.php(824): App\Controllers\Detail->subdomain_page('86', '4ZCKY57NAG5PP9J...')
#9 C:\Magang\Peluit\system\CodeIgniter.php(410): CodeIgniter\CodeIgniter->runController(Object(App\Controllers\Detail))
#10 C:\Magang\Peluit\system\CodeIgniter.php(318): CodeIgniter\CodeIgniter->handleRequest(NULL, Object(Config\Cache), false)
#11 C:\Magang\Peluit\public\index.php(37): CodeIgniter\CodeIgniter->run()
#12 C:\Magang\Peluit\system\Commands\Server\rewrite.php(43): require_once('C:\\Magang\\Pelui...')
#13 {main}
ERROR - 2026-02-14 15:35:24 --> ErrorException: pg_query(): Query failed: ERROR:  malformed array literal: &quot;2&quot;
LINE 11:                         WHERE x.id_alat_txt = ANY(('2'))
                                                            ^
DETAIL:  Array value must start with &quot;{&quot; or dimension information. in C:\Magang\Peluit\system\Database\Postgre\Connection.php:136
Stack trace:
#0 [internal function]: CodeIgniter\Debug\Exceptions->errorHandler(2, 'pg_query(): Que...', 'C:\\Magang\\Pelui...', 136, Array)
#1 C:\Magang\Peluit\system\Database\Postgre\Connection.php(136): pg_query(Resource id #156, 'SELECT 1\r\n     ...')
#2 C:\Magang\Peluit\system\Database\BaseConnection.php(670): CodeIgniter\Database\Postgre\Connection->execute('SELECT 1\r\n     ...')
#3 C:\Magang\Peluit\system\Database\BaseConnection.php(598): CodeIgniter\Database\BaseConnection->simpleQuery('SELECT 1\r\n     ...')
#4 C:\Magang\Peluit\app\Controllers\Form.php(197): CodeIgniter\Database\BaseConnection->query('SELECT 1\r\n     ...', Array)
#5 C:\Magang\Peluit\system\CodeIgniter.php(824): App\Controllers\Form->add_zoom()
#6 C:\Magang\Peluit\system\CodeIgniter.php(410): CodeIgniter\CodeIgniter->runController(Object(App\Controllers\Form))
#7 C:\Magang\Peluit\system\CodeIgniter.php(318): CodeIgniter\CodeIgniter->handleRequest(NULL, Object(Config\Cache), false)
#8 C:\Magang\Peluit\public\index.php(37): CodeIgniter\CodeIgniter->run()
#9 C:\Magang\Peluit\system\Commands\Server\rewrite.php(43): require_once('C:\\Magang\\Pelui...')
#10 {main}
ERROR - 2026-02-14 21:57:17 --> ErrorException: pg_query(): Query failed: ERROR:  relation &quot;tb_tiket_subdomain&quot; does not exist
LINE 1: INSERT INTO &quot;tb_tiket_subdomain&quot; (&quot;id_tiket&quot;, &quot;nama_subdomai...
                    ^ in C:\Magang\Peluit\system\Database\Postgre\Connection.php:136
Stack trace:
#0 [internal function]: CodeIgniter\Debug\Exceptions->errorHandler(2, 'pg_query(): Que...', 'C:\\Magang\\Pelui...', 136, Array)
#1 C:\Magang\Peluit\system\Database\Postgre\Connection.php(136): pg_query(Resource id #156, 'INSERT INTO "tb...')
#2 C:\Magang\Peluit\system\Database\BaseConnection.php(670): CodeIgniter\Database\Postgre\Connection->execute('INSERT INTO "tb...')
#3 C:\Magang\Peluit\system\Database\BaseConnection.php(598): CodeIgniter\Database\BaseConnection->simpleQuery('INSERT INTO "tb...')
#4 C:\Magang\Peluit\system\Database\BaseBuilder.php(1759): CodeIgniter\Database\BaseConnection->query('INSERT INTO "tb...', Array, false)
#5 C:\Magang\Peluit\system\Model.php(239): CodeIgniter\Database\BaseBuilder->insert()
#6 C:\Magang\Peluit\system\BaseModel.php(738): CodeIgniter\Model->doInsert(Array)
#7 C:\Magang\Peluit\system\Model.php(620): CodeIgniter\BaseModel->insert(Array, true)
#8 C:\Magang\Peluit\app\Controllers\Form.php(583): CodeIgniter\Model->insert(Array)
#9 C:\Magang\Peluit\system\CodeIgniter.php(824): App\Controllers\Form->add_subdomain()
#10 C:\Magang\Peluit\system\CodeIgniter.php(410): CodeIgniter\CodeIgniter->runController(Object(App\Controllers\Form))
#11 C:\Magang\Peluit\system\CodeIgniter.php(318): CodeIgniter\CodeIgniter->handleRequest(NULL, Object(Config\Cache), false)
#12 C:\Magang\Peluit\public\index.php(37): CodeIgniter\CodeIgniter->run()
#13 C:\Magang\Peluit\system\Commands\Server\rewrite.php(43): require_once('C:\\Magang\\Pelui...')
#14 {main}
CRITICAL - 2026-02-14 21:57:17 --> pg_query(): Query failed: ERROR:  relation &quot;tb_tiket_subdomain&quot; does not exist
LINE 1: INSERT INTO &quot;tb_tiket_subdomain&quot; (&quot;id_tiket&quot;, &quot;nama_subdomai...
                    ^
#0 [internal function]: CodeIgniter\Debug\Exceptions->errorHandler(2, 'pg_query(): Que...', 'C:\\Magang\\Pelui...', 136, Array)
#1 C:\Magang\Peluit\system\Database\Postgre\Connection.php(136): pg_query(Resource id #156, 'INSERT INTO "tb...')
#2 C:\Magang\Peluit\system\Database\BaseConnection.php(670): CodeIgniter\Database\Postgre\Connection->execute('INSERT INTO "tb...')
#3 C:\Magang\Peluit\system\Database\BaseConnection.php(598): CodeIgniter\Database\BaseConnection->simpleQuery('INSERT INTO "tb...')
#4 C:\Magang\Peluit\system\Database\BaseBuilder.php(1759): CodeIgniter\Database\BaseConnection->query('INSERT INTO "tb...', Array, false)
#5 C:\Magang\Peluit\system\Model.php(239): CodeIgniter\Database\BaseBuilder->insert()
#6 C:\Magang\Peluit\system\BaseModel.php(738): CodeIgniter\Model->doInsert(Array)
#7 C:\Magang\Peluit\system\Model.php(620): CodeIgniter\BaseModel->insert(Array, true)
#8 C:\Magang\Peluit\app\Controllers\Form.php(583): CodeIgniter\Model->insert(Array)
#9 C:\Magang\Peluit\system\CodeIgniter.php(824): App\Controllers\Form->add_subdomain()
#10 C:\Magang\Peluit\system\CodeIgniter.php(410): CodeIgniter\CodeIgniter->runController(Object(App\Controllers\Form))
#11 C:\Magang\Peluit\system\CodeIgniter.php(318): CodeIgniter\CodeIgniter->handleRequest(NULL, Object(Config\Cache), false)
#12 C:\Magang\Peluit\public\index.php(37): CodeIgniter\CodeIgniter->run()
#13 C:\Magang\Peluit\system\Commands\Server\rewrite.php(43): require_once('C:\\Magang\\Pelui...')
#14 {main}
CRITICAL - 2026-02-14 21:57:18 --> Uncaught CodeIgniter\Format\Exceptions\FormatException: Failed to parse json string, error: "Type is not supported". in C:\Magang\Peluit\system\Format\JSONFormatter.php:41
Stack trace:
#0 C:\Magang\Peluit\system\Format\JSONFormatter.php(41): CodeIgniter\Format\Exceptions\FormatException::forInvalidJSON('Type is not sup...')
#1 C:\Magang\Peluit\system\API\ResponseTrait.php(341): CodeIgniter\Format\JSONFormatter->format(Array)
#2 C:\Magang\Peluit\system\API\ResponseTrait.php(99): CodeIgniter\Debug\Exceptions->format(Array)
#3 C:\Magang\Peluit\system\Debug\Exceptions.php(110): CodeIgniter\Debug\Exceptions->respond(Array, 500)
#4 [internal function]: CodeIgniter\Debug\Exceptions->exceptionHandler(Object(ErrorException))
#5 {main}
  thrown
#0 [internal function]: CodeIgniter\Debug\Exceptions->shutdownHandler()
#1 {main}
CRITICAL - 2026-02-14 22:26:53 --> Class 'App\Models\Tiket_detail' not found
#0 C:\Magang\Peluit\system\CodeIgniter.php(824): App\Controllers\Form->add_subdomain()
#1 C:\Magang\Peluit\system\CodeIgniter.php(410): CodeIgniter\CodeIgniter->runController(Object(App\Controllers\Form))
#2 C:\Magang\Peluit\system\CodeIgniter.php(318): CodeIgniter\CodeIgniter->handleRequest(NULL, Object(Config\Cache), false)
#3 C:\Magang\Peluit\public\index.php(37): CodeIgniter\CodeIgniter->run()
#4 C:\Magang\Peluit\system\Commands\Server\rewrite.php(43): require_once('C:\\Magang\\Pelui...')
#5 {main}
CRITICAL - 2026-02-14 22:27:05 --> Class 'App\Models\Tiket_detail' not found
#0 C:\Magang\Peluit\system\CodeIgniter.php(824): App\Controllers\Form->add_subdomain()
#1 C:\Magang\Peluit\system\CodeIgniter.php(410): CodeIgniter\CodeIgniter->runController(Object(App\Controllers\Form))
#2 C:\Magang\Peluit\system\CodeIgniter.php(318): CodeIgniter\CodeIgniter->handleRequest(NULL, Object(Config\Cache), false)
#3 C:\Magang\Peluit\public\index.php(37): CodeIgniter\CodeIgniter->run()
#4 C:\Magang\Peluit\system\Commands\Server\rewrite.php(43): require_once('C:\\Magang\\Pelui...')
#5 {main}
CRITICAL - 2026-02-14 22:33:14 --> Class 'App\Models\Tiket_subdomain' not found
#0 C:\Magang\Peluit\system\CodeIgniter.php(824): App\Controllers\Detail->subdomain_page('88', 'GR7MPU26OUTWPNE...')
#1 C:\Magang\Peluit\system\CodeIgniter.php(410): CodeIgniter\CodeIgniter->runController(Object(App\Controllers\Detail))
#2 C:\Magang\Peluit\system\CodeIgniter.php(318): CodeIgniter\CodeIgniter->handleRequest(NULL, Object(Config\Cache), false)
#3 C:\Magang\Peluit\public\index.php(37): CodeIgniter\CodeIgniter->run()
#4 C:\Magang\Peluit\system\Commands\Server\rewrite.php(43): require_once('C:\\Magang\\Pelui...')
#5 {main}
CRITICAL - 2026-02-14 22:33:19 --> Class 'App\Models\Tiket_subdomain' not found
#0 C:\Magang\Peluit\system\CodeIgniter.php(824): App\Controllers\Detail->subdomain_page('91', '7SQCDXP4TI856XD...')
#1 C:\Magang\Peluit\system\CodeIgniter.php(410): CodeIgniter\CodeIgniter->runController(Object(App\Controllers\Detail))
#2 C:\Magang\Peluit\system\CodeIgniter.php(318): CodeIgniter\CodeIgniter->handleRequest(NULL, Object(Config\Cache), false)
#3 C:\Magang\Peluit\public\index.php(37): CodeIgniter\CodeIgniter->run()
#4 C:\Magang\Peluit\system\Commands\Server\rewrite.php(43): require_once('C:\\Magang\\Pelui...')
#5 {main}
CRITICAL - 2026-02-14 22:33:23 --> Class 'App\Models\Tiket_subdomain' not found
#0 C:\Magang\Peluit\system\CodeIgniter.php(824): App\Controllers\Detail->subdomain_page('91', '7SQCDXP4TI856XD...')
#1 C:\Magang\Peluit\system\CodeIgniter.php(410): CodeIgniter\CodeIgniter->runController(Object(App\Controllers\Detail))
#2 C:\Magang\Peluit\system\CodeIgniter.php(318): CodeIgniter\CodeIgniter->handleRequest(NULL, Object(Config\Cache), false)
#3 C:\Magang\Peluit\public\index.php(37): CodeIgniter\CodeIgniter->run()
#4 C:\Magang\Peluit\system\Commands\Server\rewrite.php(43): require_once('C:\\Magang\\Pelui...')
#5 {main}
CRITICAL - 2026-02-14 22:37:03 --> Class 'App\Models\Tiket_subdomain' not found
#0 C:\Magang\Peluit\system\CodeIgniter.php(824): App\Controllers\Detail->subdomain_page('92', '6U1E5T7VCUV1S68...')
#1 C:\Magang\Peluit\system\CodeIgniter.php(410): CodeIgniter\CodeIgniter->runController(Object(App\Controllers\Detail))
#2 C:\Magang\Peluit\system\CodeIgniter.php(318): CodeIgniter\CodeIgniter->handleRequest(NULL, Object(Config\Cache), false)
#3 C:\Magang\Peluit\public\index.php(37): CodeIgniter\CodeIgniter->run()
#4 C:\Magang\Peluit\system\Commands\Server\rewrite.php(43): require_once('C:\\Magang\\Pelui...')
#5 {main}
ERROR - 2026-02-14 22:37:20 --> ErrorException: pg_query(): Query failed: ERROR:  relation &quot;tb_tiket_subdomain&quot; does not exist
LINE 2: FROM &quot;tb_tiket_subdomain&quot;
             ^ in C:\Magang\Peluit\system\Database\Postgre\Connection.php:136
Stack trace:
#0 [internal function]: CodeIgniter\Debug\Exceptions->errorHandler(2, 'pg_query(): Que...', 'C:\\Magang\\Pelui...', 136, Array)
#1 C:\Magang\Peluit\system\Database\Postgre\Connection.php(136): pg_query(Resource id #155, 'SELECT *\nFROM "...')
#2 C:\Magang\Peluit\system\Database\BaseConnection.php(670): CodeIgniter\Database\Postgre\Connection->execute('SELECT *\nFROM "...')
#3 C:\Magang\Peluit\system\Database\BaseConnection.php(598): CodeIgniter\Database\BaseConnection->simpleQuery('SELECT *\nFROM "...')
#4 C:\Magang\Peluit\system\Database\BaseBuilder.php(1443): CodeIgniter\Database\BaseConnection->query('SELECT *\nFROM "...', Array, false)
#5 C:\Magang\Peluit\system\Model.php(210): CodeIgniter\Database\BaseBuilder->get()
#6 C:\Magang\Peluit\system\BaseModel.php(622): CodeIgniter\Model->doFirst()
#7 C:\Magang\Peluit\app\Controllers\Detail.php(155): CodeIgniter\BaseModel->first()
#8 C:\Magang\Peluit\system\CodeIgniter.php(824): App\Controllers\Detail->subdomain_page('92', '6U1E5T7VCUV1S68...')
#9 C:\Magang\Peluit\system\CodeIgniter.php(410): CodeIgniter\CodeIgniter->runController(Object(App\Controllers\Detail))
#10 C:\Magang\Peluit\system\CodeIgniter.php(318): CodeIgniter\CodeIgniter->handleRequest(NULL, Object(Config\Cache), false)
#11 C:\Magang\Peluit\public\index.php(37): CodeIgniter\CodeIgniter->run()
#12 C:\Magang\Peluit\system\Commands\Server\rewrite.php(43): require_once('C:\\Magang\\Pelui...')
#13 {main}
CRITICAL - 2026-02-14 22:37:20 --> pg_query(): Query failed: ERROR:  relation &quot;tb_tiket_subdomain&quot; does not exist
LINE 2: FROM &quot;tb_tiket_subdomain&quot;
             ^
#0 [internal function]: CodeIgniter\Debug\Exceptions->errorHandler(2, 'pg_query(): Que...', 'C:\\Magang\\Pelui...', 136, Array)
#1 C:\Magang\Peluit\system\Database\Postgre\Connection.php(136): pg_query(Resource id #155, 'SELECT *\nFROM "...')
#2 C:\Magang\Peluit\system\Database\BaseConnection.php(670): CodeIgniter\Database\Postgre\Connection->execute('SELECT *\nFROM "...')
#3 C:\Magang\Peluit\system\Database\BaseConnection.php(598): CodeIgniter\Database\BaseConnection->simpleQuery('SELECT *\nFROM "...')
#4 C:\Magang\Peluit\system\Database\BaseBuilder.php(1443): CodeIgniter\Database\BaseConnection->query('SELECT *\nFROM "...', Array, false)
#5 C:\Magang\Peluit\system\Model.php(210): CodeIgniter\Database\BaseBuilder->get()
#6 C:\Magang\Peluit\system\BaseModel.php(622): CodeIgniter\Model->doFirst()
#7 C:\Magang\Peluit\app\Controllers\Detail.php(155): CodeIgniter\BaseModel->first()
#8 C:\Magang\Peluit\system\CodeIgniter.php(824): App\Controllers\Detail->subdomain_page('92', '6U1E5T7VCUV1S68...')
#9 C:\Magang\Peluit\system\CodeIgniter.php(410): CodeIgniter\CodeIgniter->runController(Object(App\Controllers\Detail))
#10 C:\Magang\Peluit\system\CodeIgniter.php(318): CodeIgniter\CodeIgniter->handleRequest(NULL, Object(Config\Cache), false)
#11 C:\Magang\Peluit\public\index.php(37): CodeIgniter\CodeIgniter->run()
#12 C:\Magang\Peluit\system\Commands\Server\rewrite.php(43): require_once('C:\\Magang\\Pelui...')
#13 {main}
ERROR - 2026-02-14 22:37:28 --> ErrorException: pg_query(): Query failed: ERROR:  relation &quot;tb_tiket_subdomain&quot; does not exist
LINE 2: FROM &quot;tb_tiket_subdomain&quot;
             ^ in C:\Magang\Peluit\system\Database\Postgre\Connection.php:136
Stack trace:
#0 [internal function]: CodeIgniter\Debug\Exceptions->errorHandler(2, 'pg_query(): Que...', 'C:\\Magang\\Pelui...', 136, Array)
#1 C:\Magang\Peluit\system\Database\Postgre\Connection.php(136): pg_query(Resource id #155, 'SELECT *\nFROM "...')
#2 C:\Magang\Peluit\system\Database\BaseConnection.php(670): CodeIgniter\Database\Postgre\Connection->execute('SELECT *\nFROM "...')
#3 C:\Magang\Peluit\system\Database\BaseConnection.php(598): CodeIgniter\Database\BaseConnection->simpleQuery('SELECT *\nFROM "...')
#4 C:\Magang\Peluit\system\Database\BaseBuilder.php(1443): CodeIgniter\Database\BaseConnection->query('SELECT *\nFROM "...', Array, false)
#5 C:\Magang\Peluit\system\Model.php(210): CodeIgniter\Database\BaseBuilder->get()
#6 C:\Magang\Peluit\system\BaseModel.php(622): CodeIgniter\Model->doFirst()
#7 C:\Magang\Peluit\app\Controllers\Detail.php(155): CodeIgniter\BaseModel->first()
#8 C:\Magang\Peluit\system\CodeIgniter.php(824): App\Controllers\Detail->subdomain_page('92', '6U1E5T7VCUV1S68...')
#9 C:\Magang\Peluit\system\CodeIgniter.php(410): CodeIgniter\CodeIgniter->runController(Object(App\Controllers\Detail))
#10 C:\Magang\Peluit\system\CodeIgniter.php(318): CodeIgniter\CodeIgniter->handleRequest(NULL, Object(Config\Cache), false)
#11 C:\Magang\Peluit\public\index.php(37): CodeIgniter\CodeIgniter->run()
#12 C:\Magang\Peluit\system\Commands\Server\rewrite.php(43): require_once('C:\\Magang\\Pelui...')
#13 {main}
CRITICAL - 2026-02-14 22:37:28 --> pg_query(): Query failed: ERROR:  relation &quot;tb_tiket_subdomain&quot; does not exist
LINE 2: FROM &quot;tb_tiket_subdomain&quot;
             ^
#0 [internal function]: CodeIgniter\Debug\Exceptions->errorHandler(2, 'pg_query(): Que...', 'C:\\Magang\\Pelui...', 136, Array)
#1 C:\Magang\Peluit\system\Database\Postgre\Connection.php(136): pg_query(Resource id #155, 'SELECT *\nFROM "...')
#2 C:\Magang\Peluit\system\Database\BaseConnection.php(670): CodeIgniter\Database\Postgre\Connection->execute('SELECT *\nFROM "...')
#3 C:\Magang\Peluit\system\Database\BaseConnection.php(598): CodeIgniter\Database\BaseConnection->simpleQuery('SELECT *\nFROM "...')
#4 C:\Magang\Peluit\system\Database\BaseBuilder.php(1443): CodeIgniter\Database\BaseConnection->query('SELECT *\nFROM "...', Array, false)
#5 C:\Magang\Peluit\system\Model.php(210): CodeIgniter\Database\BaseBuilder->get()
#6 C:\Magang\Peluit\system\BaseModel.php(622): CodeIgniter\Model->doFirst()
#7 C:\Magang\Peluit\app\Controllers\Detail.php(155): CodeIgniter\BaseModel->first()
#8 C:\Magang\Peluit\system\CodeIgniter.php(824): App\Controllers\Detail->subdomain_page('92', '6U1E5T7VCUV1S68...')
#9 C:\Magang\Peluit\system\CodeIgniter.php(410): CodeIgniter\CodeIgniter->runController(Object(App\Controllers\Detail))
#10 C:\Magang\Peluit\system\CodeIgniter.php(318): CodeIgniter\CodeIgniter->handleRequest(NULL, Object(Config\Cache), false)
#11 C:\Magang\Peluit\public\index.php(37): CodeIgniter\CodeIgniter->run()
#12 C:\Magang\Peluit\system\Commands\Server\rewrite.php(43): require_once('C:\\Magang\\Pelui...')
#13 {main}
CRITICAL - 2026-02-14 22:37:36 --> Class 'App\Models\Tiket_subdomain' not found
#0 C:\Magang\Peluit\system\CodeIgniter.php(824): App\Controllers\Detail->subdomain_page('92', '6U1E5T7VCUV1S68...')
#1 C:\Magang\Peluit\system\CodeIgniter.php(410): CodeIgniter\CodeIgniter->runController(Object(App\Controllers\Detail))
#2 C:\Magang\Peluit\system\CodeIgniter.php(318): CodeIgniter\CodeIgniter->handleRequest(NULL, Object(Config\Cache), false)
#3 C:\Magang\Peluit\public\index.php(37): CodeIgniter\CodeIgniter->run()
#4 C:\Magang\Peluit\system\Commands\Server\rewrite.php(43): require_once('C:\\Magang\\Pelui...')
#5 {main}
CRITICAL - 2026-02-14 23:54:21 --> Undefined index: nama_pic
#0 C:\Magang\Peluit\app\Controllers\Detail.php(186): CodeIgniter\Debug\Exceptions->errorHandler(8, 'Undefined index...', 'C:\\Magang\\Pelui...', 186, Array)
#1 C:\Magang\Peluit\system\CodeIgniter.php(824): App\Controllers\Detail->subdomain_page('92', '6U1E5T7VCUV1S68...')
#2 C:\Magang\Peluit\system\CodeIgniter.php(410): CodeIgniter\CodeIgniter->runController(Object(App\Controllers\Detail))
#3 C:\Magang\Peluit\system\CodeIgniter.php(318): CodeIgniter\CodeIgniter->handleRequest(NULL, Object(Config\Cache), false)
#4 C:\Magang\Peluit\public\index.php(37): CodeIgniter\CodeIgniter->run()
#5 C:\Magang\Peluit\system\Commands\Server\rewrite.php(43): require_once('C:\\Magang\\Pelui...')
#6 {main}
CRITICAL - 2026-02-14 23:54:41 --> Undefined index: nama_pic
#0 C:\Magang\Peluit\app\Controllers\Detail.php(186): CodeIgniter\Debug\Exceptions->errorHandler(8, 'Undefined index...', 'C:\\Magang\\Pelui...', 186, Array)
#1 C:\Magang\Peluit\system\CodeIgniter.php(824): App\Controllers\Detail->subdomain_page('92', '6U1E5T7VCUV1S68...')
#2 C:\Magang\Peluit\system\CodeIgniter.php(410): CodeIgniter\CodeIgniter->runController(Object(App\Controllers\Detail))
#3 C:\Magang\Peluit\system\CodeIgniter.php(318): CodeIgniter\CodeIgniter->handleRequest(NULL, Object(Config\Cache), false)
#4 C:\Magang\Peluit\public\index.php(37): CodeIgniter\CodeIgniter->run()
#5 C:\Magang\Peluit\system\Commands\Server\rewrite.php(43): require_once('C:\\Magang\\Pelui...')
#6 {main}
CRITICAL - 2026-02-14 23:55:17 --> Undefined index: nama_pic
#0 C:\Magang\Peluit\app\Controllers\Detail.php(186): CodeIgniter\Debug\Exceptions->errorHandler(8, 'Undefined index...', 'C:\\Magang\\Pelui...', 186, Array)
#1 C:\Magang\Peluit\system\CodeIgniter.php(824): App\Controllers\Detail->subdomain_page('93', '0LIPFG4NA0T0IER...')
#2 C:\Magang\Peluit\system\CodeIgniter.php(410): CodeIgniter\CodeIgniter->runController(Object(App\Controllers\Detail))
#3 C:\Magang\Peluit\system\CodeIgniter.php(318): CodeIgniter\CodeIgniter->handleRequest(NULL, Object(Config\Cache), false)
#4 C:\Magang\Peluit\public\index.php(37): CodeIgniter\CodeIgniter->run()
#5 C:\Magang\Peluit\system\Commands\Server\rewrite.php(43): require_once('C:\\Magang\\Pelui...')
#6 {main}
