ERROR - 2026-02-15 00:02:30 --> ErrorException: pg_query(): Query failed: ERROR:  relation &quot;tb_tiket_hosting&quot; does not exist
LINE 1: INSERT INTO &quot;tb_tiket_hosting&quot; (&quot;id_tiket&quot;, &quot;nama_aplikasi&quot;,...
                    ^ in C:\Magang\Peluit\system\Database\Postgre\Connection.php:136
Stack trace:
#0 [internal function]: CodeIgniter\Debug\Exceptions->errorHandler(2, 'pg_query(): Que...', 'C:\\Magang\\Pelui...', 136, Array)
#1 C:\Magang\Peluit\system\Database\Postgre\Connection.php(136): pg_query(Resource id #156, 'INSERT INTO "tb...')
#2 C:\Magang\Peluit\system\Database\BaseConnection.php(670): CodeIgniter\Database\Postgre\Connection->execute('INSERT INTO "tb...')
#3 C:\Magang\Peluit\system\Database\BaseConnection.php(598): CodeIgniter\Database\BaseConnection->simpleQuery('INSERT INTO "tb...')
#4 C:\Magang\Peluit\system\Database\BaseBuilder.php(1759): CodeIgniter\Database\BaseConnection->query('INSERT INTO "tb...', Array, false)
#5 C:\Magang\Peluit\system\Model.php(239): CodeIgniter\Database\BaseBuilder->insert()
#6 C:\Magang\Peluit\system\BaseModel.php(738): CodeIgniter\Model->doInsert(Array)
#7 C:\Magang\Peluit\system\Model.php(620): CodeIgniter\BaseModel->insert(Array, true)
#8 C:\Magang\Peluit\app\Controllers\Form.php(728): CodeIgniter\Model->insert(Array)
#9 C:\Magang\Peluit\system\CodeIgniter.php(824): App\Controllers\Form->add_hosting()
#10 C:\Magang\Peluit\system\CodeIgniter.php(410): CodeIgniter\CodeIgniter->runController(Object(App\Controllers\Form))
#11 C:\Magang\Peluit\system\CodeIgniter.php(318): CodeIgniter\CodeIgniter->handleRequest(NULL, Object(Config\Cache), false)
#12 C:\Magang\Peluit\public\index.php(37): CodeIgniter\CodeIgniter->run()
#13 C:\Magang\Peluit\system\Commands\Server\rewrite.php(43): require_once('C:\\Magang\\Pelui...')
#14 {main}
CRITICAL - 2026-02-15 00:02:30 --> pg_query(): Query failed: ERROR:  relation &quot;tb_tiket_hosting&quot; does not exist
LINE 1: INSERT INTO &quot;tb_tiket_hosting&quot; (&quot;id_tiket&quot;, &quot;nama_aplikasi&quot;,...
                    ^
#0 [internal function]: CodeIgniter\Debug\Exceptions->errorHandler(2, 'pg_query(): Que...', 'C:\\Magang\\Pelui...', 136, Array)
#1 C:\Magang\Peluit\system\Database\Postgre\Connection.php(136): pg_query(Resource id #156, 'INSERT INTO "tb...')
#2 C:\Magang\Peluit\system\Database\BaseConnection.php(670): CodeIgniter\Database\Postgre\Connection->execute('INSERT INTO "tb...')
#3 C:\Magang\Peluit\system\Database\BaseConnection.php(598): CodeIgniter\Database\BaseConnection->simpleQuery('INSERT INTO "tb...')
#4 C:\Magang\Peluit\system\Database\BaseBuilder.php(1759): CodeIgniter\Database\BaseConnection->query('INSERT INTO "tb...', Array, false)
#5 C:\Magang\Peluit\system\Model.php(239): CodeIgniter\Database\BaseBuilder->insert()
#6 C:\Magang\Peluit\system\BaseModel.php(738): CodeIgniter\Model->doInsert(Array)
#7 C:\Magang\Peluit\system\Model.php(620): CodeIgniter\BaseModel->insert(Array, true)
#8 C:\Magang\Peluit\app\Controllers\Form.php(728): CodeIgniter\Model->insert(Array)
#9 C:\Magang\Peluit\system\CodeIgniter.php(824): App\Controllers\Form->add_hosting()
#10 C:\Magang\Peluit\system\CodeIgniter.php(410): CodeIgniter\CodeIgniter->runController(Object(App\Controllers\Form))
#11 C:\Magang\Peluit\system\CodeIgniter.php(318): CodeIgniter\CodeIgniter->handleRequest(NULL, Object(Config\Cache), false)
#12 C:\Magang\Peluit\public\index.php(37): CodeIgniter\CodeIgniter->run()
#13 C:\Magang\Peluit\system\Commands\Server\rewrite.php(43): require_once('C:\\Magang\\Pelui...')
#14 {main}
CRITICAL - 2026-02-15 00:02:30 --> Uncaught CodeIgniter\Format\Exceptions\FormatException: Failed to parse json string, error: "Type is not supported". in C:\Magang\Peluit\system\Format\JSONFormatter.php:41
Stack trace:
#0 C:\Magang\Peluit\system\Format\JSONFormatter.php(41): CodeIgniter\Format\Exceptions\FormatException::forInvalidJSON('Type is not sup...')
#1 C:\Magang\Peluit\system\API\ResponseTrait.php(341): CodeIgniter\Format\JSONFormatter->format(Array)
#2 C:\Magang\Peluit\system\API\ResponseTrait.php(99): CodeIgniter\Debug\Exceptions->format(Array)
#3 C:\Magang\Peluit\system\Debug\Exceptions.php(110): CodeIgniter\Debug\Exceptions->respond(Array, 500)
#4 [internal function]: CodeIgniter\Debug\Exceptions->exceptionHandler(Object(ErrorException))
#5 {main}
  thrown
#0 [internal function]: CodeIgniter\Debug\Exceptions->shutdownHandler()
#1 {main}
ERROR - 2026-02-15 00:02:37 --> ErrorException: pg_query(): Query failed: ERROR:  relation &quot;tb_tiket_hosting&quot; does not exist
LINE 1: INSERT INTO &quot;tb_tiket_hosting&quot; (&quot;id_tiket&quot;, &quot;nama_aplikasi&quot;,...
                    ^ in C:\Magang\Peluit\system\Database\Postgre\Connection.php:136
Stack trace:
#0 [internal function]: CodeIgniter\Debug\Exceptions->errorHandler(2, 'pg_query(): Que...', 'C:\\Magang\\Pelui...', 136, Array)
#1 C:\Magang\Peluit\system\Database\Postgre\Connection.php(136): pg_query(Resource id #156, 'INSERT INTO "tb...')
#2 C:\Magang\Peluit\system\Database\BaseConnection.php(670): CodeIgniter\Database\Postgre\Connection->execute('INSERT INTO "tb...')
#3 C:\Magang\Peluit\system\Database\BaseConnection.php(598): CodeIgniter\Database\BaseConnection->simpleQuery('INSERT INTO "tb...')
#4 C:\Magang\Peluit\system\Database\BaseBuilder.php(1759): CodeIgniter\Database\BaseConnection->query('INSERT INTO "tb...', Array, false)
#5 C:\Magang\Peluit\system\Model.php(239): CodeIgniter\Database\BaseBuilder->insert()
#6 C:\Magang\Peluit\system\BaseModel.php(738): CodeIgniter\Model->doInsert(Array)
#7 C:\Magang\Peluit\system\Model.php(620): CodeIgniter\BaseModel->insert(Array, true)
#8 C:\Magang\Peluit\app\Controllers\Form.php(728): CodeIgniter\Model->insert(Array)
#9 C:\Magang\Peluit\system\CodeIgniter.php(824): App\Controllers\Form->add_hosting()
#10 C:\Magang\Peluit\system\CodeIgniter.php(410): CodeIgniter\CodeIgniter->runController(Object(App\Controllers\Form))
#11 C:\Magang\Peluit\system\CodeIgniter.php(318): CodeIgniter\CodeIgniter->handleRequest(NULL, Object(Config\Cache), false)
#12 C:\Magang\Peluit\public\index.php(37): CodeIgniter\CodeIgniter->run()
#13 C:\Magang\Peluit\system\Commands\Server\rewrite.php(43): require_once('C:\\Magang\\Pelui...')
#14 {main}
CRITICAL - 2026-02-15 00:02:37 --> pg_query(): Query failed: ERROR:  relation &quot;tb_tiket_hosting&quot; does not exist
LINE 1: INSERT INTO &quot;tb_tiket_hosting&quot; (&quot;id_tiket&quot;, &quot;nama_aplikasi&quot;,...
                    ^
#0 [internal function]: CodeIgniter\Debug\Exceptions->errorHandler(2, 'pg_query(): Que...', 'C:\\Magang\\Pelui...', 136, Array)
#1 C:\Magang\Peluit\system\Database\Postgre\Connection.php(136): pg_query(Resource id #156, 'INSERT INTO "tb...')
#2 C:\Magang\Peluit\system\Database\BaseConnection.php(670): CodeIgniter\Database\Postgre\Connection->execute('INSERT INTO "tb...')
#3 C:\Magang\Peluit\system\Database\BaseConnection.php(598): CodeIgniter\Database\BaseConnection->simpleQuery('INSERT INTO "tb...')
#4 C:\Magang\Peluit\system\Database\BaseBuilder.php(1759): CodeIgniter\Database\BaseConnection->query('INSERT INTO "tb...', Array, false)
#5 C:\Magang\Peluit\system\Model.php(239): CodeIgniter\Database\BaseBuilder->insert()
#6 C:\Magang\Peluit\system\BaseModel.php(738): CodeIgniter\Model->doInsert(Array)
#7 C:\Magang\Peluit\system\Model.php(620): CodeIgniter\BaseModel->insert(Array, true)
#8 C:\Magang\Peluit\app\Controllers\Form.php(728): CodeIgniter\Model->insert(Array)
#9 C:\Magang\Peluit\system\CodeIgniter.php(824): App\Controllers\Form->add_hosting()
#10 C:\Magang\Peluit\system\CodeIgniter.php(410): CodeIgniter\CodeIgniter->runController(Object(App\Controllers\Form))
#11 C:\Magang\Peluit\system\CodeIgniter.php(318): CodeIgniter\CodeIgniter->handleRequest(NULL, Object(Config\Cache), false)
#12 C:\Magang\Peluit\public\index.php(37): CodeIgniter\CodeIgniter->run()
#13 C:\Magang\Peluit\system\Commands\Server\rewrite.php(43): require_once('C:\\Magang\\Pelui...')
#14 {main}
CRITICAL - 2026-02-15 00:02:37 --> Uncaught CodeIgniter\Format\Exceptions\FormatException: Failed to parse json string, error: "Type is not supported". in C:\Magang\Peluit\system\Format\JSONFormatter.php:41
Stack trace:
#0 C:\Magang\Peluit\system\Format\JSONFormatter.php(41): CodeIgniter\Format\Exceptions\FormatException::forInvalidJSON('Type is not sup...')
#1 C:\Magang\Peluit\system\API\ResponseTrait.php(341): CodeIgniter\Format\JSONFormatter->format(Array)
#2 C:\Magang\Peluit\system\API\ResponseTrait.php(99): CodeIgniter\Debug\Exceptions->format(Array)
#3 C:\Magang\Peluit\system\Debug\Exceptions.php(110): CodeIgniter\Debug\Exceptions->respond(Array, 500)
#4 [internal function]: CodeIgniter\Debug\Exceptions->exceptionHandler(Object(ErrorException))
#5 {main}
  thrown
#0 [internal function]: CodeIgniter\Debug\Exceptions->shutdownHandler()
#1 {main}
CRITICAL - 2026-02-15 01:23:23 --> Undefined variable: tiket
#0 C:\Magang\Peluit\app\Controllers\Detail.php(319): CodeIgniter\Debug\Exceptions->errorHandler(8, 'Undefined varia...', 'C:\\Magang\\Pelui...', 319, Array)
#1 C:\Magang\Peluit\system\CodeIgniter.php(824): App\Controllers\Detail->tte_page('98', 'VXJB7Y1BV953ZRN...')
#2 C:\Magang\Peluit\system\CodeIgniter.php(410): CodeIgniter\CodeIgniter->runController(Object(App\Controllers\Detail))
#3 C:\Magang\Peluit\system\CodeIgniter.php(318): CodeIgniter\CodeIgniter->handleRequest(NULL, Object(Config\Cache), false)
#4 C:\Magang\Peluit\public\index.php(37): CodeIgniter\CodeIgniter->run()
#5 C:\Magang\Peluit\system\Commands\Server\rewrite.php(43): require_once('C:\\Magang\\Pelui...')
#6 {main}
ERROR - 2026-02-15 13:13:40 --> ErrorException: pg_query(): Query failed: ERROR:  relation &quot;tb_tiket_upload&quot; does not exist
LINE 1: INSERT INTO &quot;tb_tiket_upload&quot; (&quot;id_tiket&quot;, &quot;edisi&quot;, &quot;jenis_d...
                    ^ in C:\Magang\Peluit\system\Database\Postgre\Connection.php:136
Stack trace:
#0 [internal function]: CodeIgniter\Debug\Exceptions->errorHandler(2, 'pg_query(): Que...', 'C:\\Magang\\Pelui...', 136, Array)
#1 C:\Magang\Peluit\system\Database\Postgre\Connection.php(136): pg_query(Resource id #156, 'INSERT INTO "tb...')
#2 C:\Magang\Peluit\system\Database\BaseConnection.php(670): CodeIgniter\Database\Postgre\Connection->execute('INSERT INTO "tb...')
#3 C:\Magang\Peluit\system\Database\BaseConnection.php(598): CodeIgniter\Database\BaseConnection->simpleQuery('INSERT INTO "tb...')
#4 C:\Magang\Peluit\system\Database\BaseBuilder.php(1759): CodeIgniter\Database\BaseConnection->query('INSERT INTO "tb...', Array, false)
#5 C:\Magang\Peluit\system\Model.php(239): CodeIgniter\Database\BaseBuilder->insert()
#6 C:\Magang\Peluit\system\BaseModel.php(738): CodeIgniter\Model->doInsert(Array)
#7 C:\Magang\Peluit\system\Model.php(620): CodeIgniter\BaseModel->insert(Array, true)
#8 C:\Magang\Peluit\app\Controllers\Form.php(660): CodeIgniter\Model->insert(Array)
#9 C:\Magang\Peluit\system\CodeIgniter.php(824): App\Controllers\Form->add_upload()
#10 C:\Magang\Peluit\system\CodeIgniter.php(410): CodeIgniter\CodeIgniter->runController(Object(App\Controllers\Form))
#11 C:\Magang\Peluit\system\CodeIgniter.php(318): CodeIgniter\CodeIgniter->handleRequest(NULL, Object(Config\Cache), false)
#12 C:\Magang\Peluit\public\index.php(37): CodeIgniter\CodeIgniter->run()
#13 C:\Magang\Peluit\system\Commands\Server\rewrite.php(43): require_once('C:\\Magang\\Pelui...')
#14 {main}
CRITICAL - 2026-02-15 13:13:40 --> pg_query(): Query failed: ERROR:  relation &quot;tb_tiket_upload&quot; does not exist
LINE 1: INSERT INTO &quot;tb_tiket_upload&quot; (&quot;id_tiket&quot;, &quot;edisi&quot;, &quot;jenis_d...
                    ^
#0 [internal function]: CodeIgniter\Debug\Exceptions->errorHandler(2, 'pg_query(): Que...', 'C:\\Magang\\Pelui...', 136, Array)
#1 C:\Magang\Peluit\system\Database\Postgre\Connection.php(136): pg_query(Resource id #156, 'INSERT INTO "tb...')
#2 C:\Magang\Peluit\system\Database\BaseConnection.php(670): CodeIgniter\Database\Postgre\Connection->execute('INSERT INTO "tb...')
#3 C:\Magang\Peluit\system\Database\BaseConnection.php(598): CodeIgniter\Database\BaseConnection->simpleQuery('INSERT INTO "tb...')
#4 C:\Magang\Peluit\system\Database\BaseBuilder.php(1759): CodeIgniter\Database\BaseConnection->query('INSERT INTO "tb...', Array, false)
#5 C:\Magang\Peluit\system\Model.php(239): CodeIgniter\Database\BaseBuilder->insert()
#6 C:\Magang\Peluit\system\BaseModel.php(738): CodeIgniter\Model->doInsert(Array)
#7 C:\Magang\Peluit\system\Model.php(620): CodeIgniter\BaseModel->insert(Array, true)
#8 C:\Magang\Peluit\app\Controllers\Form.php(660): CodeIgniter\Model->insert(Array)
#9 C:\Magang\Peluit\system\CodeIgniter.php(824): App\Controllers\Form->add_upload()
#10 C:\Magang\Peluit\system\CodeIgniter.php(410): CodeIgniter\CodeIgniter->runController(Object(App\Controllers\Form))
#11 C:\Magang\Peluit\system\CodeIgniter.php(318): CodeIgniter\CodeIgniter->handleRequest(NULL, Object(Config\Cache), false)
#12 C:\Magang\Peluit\public\index.php(37): CodeIgniter\CodeIgniter->run()
#13 C:\Magang\Peluit\system\Commands\Server\rewrite.php(43): require_once('C:\\Magang\\Pelui...')
#14 {main}
CRITICAL - 2026-02-15 13:13:41 --> Uncaught CodeIgniter\Format\Exceptions\FormatException: Failed to parse json string, error: "Type is not supported". in C:\Magang\Peluit\system\Format\JSONFormatter.php:41
Stack trace:
#0 C:\Magang\Peluit\system\Format\JSONFormatter.php(41): CodeIgniter\Format\Exceptions\FormatException::forInvalidJSON('Type is not sup...')
#1 C:\Magang\Peluit\system\API\ResponseTrait.php(341): CodeIgniter\Format\JSONFormatter->format(Array)
#2 C:\Magang\Peluit\system\API\ResponseTrait.php(99): CodeIgniter\Debug\Exceptions->format(Array)
#3 C:\Magang\Peluit\system\Debug\Exceptions.php(110): CodeIgniter\Debug\Exceptions->respond(Array, 500)
#4 [internal function]: CodeIgniter\Debug\Exceptions->exceptionHandler(Object(ErrorException))
#5 {main}
  thrown
#0 [internal function]: CodeIgniter\Debug\Exceptions->shutdownHandler()
#1 {main}
